CRITICAL - 2022-02-06 18:31:27 --> strong_password is not a valid rule.
#0 C:\xampp\htdocs\bpkad\system\Validation\Validation.php(285): CodeIgniter\Validation\Exceptions\ValidationException::forRuleNotFound('strong_password')
#1 C:\xampp\htdocs\bpkad\system\Validation\Validation.php(151): CodeIgniter\Validation\Validation->processRules('password', 'password', 'coba123', Array, Array)
#2 C:\xampp\htdocs\bpkad\system\Controller.php(160): CodeIgniter\Validation\Validation->run()
#3 C:\xampp\htdocs\bpkad\app\Controllers\Admin.php(127): CodeIgniter\Controller->validate(Array)
#4 C:\xampp\htdocs\bpkad\system\CodeIgniter.php(824): App\Controllers\Admin->setPassword()
#5 C:\xampp\htdocs\bpkad\system\CodeIgniter.php(410): CodeIgniter\CodeIgniter->runController(Object(App\Controllers\Admin))
#6 C:\xampp\htdocs\bpkad\system\CodeIgniter.php(318): CodeIgniter\CodeIgniter->handleRequest(NULL, Object(Config\Cache), false)
#7 C:\xampp\htdocs\bpkad\public\index.php(37): CodeIgniter\CodeIgniter->run()
#8 C:\xampp\htdocs\bpkad\system\Commands\Server\rewrite.php(43): require_once('C:\\xampp\\htdocs...')
#9 {main}
CRITICAL - 2022-02-06 18:31:44 --> strong_password is not a valid rule.
#0 C:\xampp\htdocs\bpkad\system\Validation\Validation.php(285): CodeIgniter\Validation\Exceptions\ValidationException::forRuleNotFound('strong_password')
#1 C:\xampp\htdocs\bpkad\system\Validation\Validation.php(151): CodeIgniter\Validation\Validation->processRules('password', 'password', '123', Array, Array)
#2 C:\xampp\htdocs\bpkad\system\Controller.php(160): CodeIgniter\Validation\Validation->run()
#3 C:\xampp\htdocs\bpkad\app\Controllers\Admin.php(127): CodeIgniter\Controller->validate(Array)
#4 C:\xampp\htdocs\bpkad\system\CodeIgniter.php(824): App\Controllers\Admin->setPassword()
#5 C:\xampp\htdocs\bpkad\system\CodeIgniter.php(410): CodeIgniter\CodeIgniter->runController(Object(App\Controllers\Admin))
#6 C:\xampp\htdocs\bpkad\system\CodeIgniter.php(318): CodeIgniter\CodeIgniter->handleRequest(NULL, Object(Config\Cache), false)
#7 C:\xampp\htdocs\bpkad\public\index.php(37): CodeIgniter\CodeIgniter->run()
#8 C:\xampp\htdocs\bpkad\system\Commands\Server\rewrite.php(43): require_once('C:\\xampp\\htdocs...')
#9 {main}
CRITICAL - 2022-02-06 18:32:21 --> strong_password is not a valid rule.
#0 C:\xampp\htdocs\bpkad\system\Validation\Validation.php(285): CodeIgniter\Validation\Exceptions\ValidationException::forRuleNotFound('strong_password')
#1 C:\xampp\htdocs\bpkad\system\Validation\Validation.php(151): CodeIgniter\Validation\Validation->processRules('password', 'password', '123', Array, Array)
#2 C:\xampp\htdocs\bpkad\system\Controller.php(160): CodeIgniter\Validation\Validation->run()
#3 C:\xampp\htdocs\bpkad\app\Controllers\Admin.php(127): CodeIgniter\Controller->validate(Array)
#4 C:\xampp\htdocs\bpkad\system\CodeIgniter.php(824): App\Controllers\Admin->setPassword()
#5 C:\xampp\htdocs\bpkad\system\CodeIgniter.php(410): CodeIgniter\CodeIgniter->runController(Object(App\Controllers\Admin))
#6 C:\xampp\htdocs\bpkad\system\CodeIgniter.php(318): CodeIgniter\CodeIgniter->handleRequest(NULL, Object(Config\Cache), false)
#7 C:\xampp\htdocs\bpkad\public\index.php(37): CodeIgniter\CodeIgniter->run()
#8 C:\xampp\htdocs\bpkad\system\Commands\Server\rewrite.php(43): require_once('C:\\xampp\\htdocs...')
#9 {main}
