ERROR - 2022-02-15 01:18:27 --> [Microsoft][ODBC Driver 17 for SQL Server][SQL Server]Conversion failed when converting the varchar value 'undefined' to data type int.
CRITICAL - 2022-02-15 01:18:27 --> Call to a member function getFirstRow() on bool
#0 C:\xampp\htdocs\bpkad\system\BaseModel.php(523): CodeIgniter\Model->doFind(true, 'undefined')
#1 C:\xampp\htdocs\bpkad\app\Controllers\Tabel.php(27): CodeIgniter\BaseModel->find('undefined')
#2 C:\xampp\htdocs\bpkad\system\CodeIgniter.php(824): App\Controllers\Tabel->edit('undefined')
#3 C:\xampp\htdocs\bpkad\system\CodeIgniter.php(410): CodeIgniter\CodeIgniter->runController(Object(App\Controllers\Tabel))
#4 C:\xampp\htdocs\bpkad\system\CodeIgniter.php(318): CodeIgniter\CodeIgniter->handleRequest(NULL, Object(Config\Cache), false)
#5 C:\xampp\htdocs\bpkad\public\index.php(37): CodeIgniter\CodeIgniter->run()
#6 C:\xampp\htdocs\bpkad\system\Commands\Server\rewrite.php(43): require_once('C:\\xampp\\htdocs...')
#7 {main}
ERROR - 2022-02-15 01:44:18 --> [Microsoft][ODBC Driver 17 for SQL Server][SQL Server]Conversion failed when converting the varchar value 'undefined' to data type int.
CRITICAL - 2022-02-15 01:44:18 --> Call to a member function getFirstRow() on bool
#0 C:\xampp\htdocs\bpkad\system\BaseModel.php(523): CodeIgniter\Model->doFind(true, 'undefined')
#1 C:\xampp\htdocs\bpkad\app\Controllers\Tabel.php(27): CodeIgniter\BaseModel->find('undefined')
#2 C:\xampp\htdocs\bpkad\system\CodeIgniter.php(824): App\Controllers\Tabel->edit('undefined')
#3 C:\xampp\htdocs\bpkad\system\CodeIgniter.php(410): CodeIgniter\CodeIgniter->runController(Object(App\Controllers\Tabel))
#4 C:\xampp\htdocs\bpkad\system\CodeIgniter.php(318): CodeIgniter\CodeIgniter->handleRequest(NULL, Object(Config\Cache), false)
#5 C:\xampp\htdocs\bpkad\public\index.php(37): CodeIgniter\CodeIgniter->run()
#6 C:\xampp\htdocs\bpkad\system\Commands\Server\rewrite.php(43): require_once('C:\\xampp\\htdocs...')
#7 {main}
ERROR - 2022-02-15 01:45:47 --> [Microsoft][ODBC Driver 17 for SQL Server][SQL Server]Conversion failed when converting the varchar value 'undefined' to data type int.
CRITICAL - 2022-02-15 01:45:47 --> Call to a member function getFirstRow() on bool
#0 C:\xampp\htdocs\bpkad\system\BaseModel.php(523): CodeIgniter\Model->doFind(true, 'undefined')
#1 C:\xampp\htdocs\bpkad\app\Controllers\Tabel.php(27): CodeIgniter\BaseModel->find('undefined')
#2 C:\xampp\htdocs\bpkad\system\CodeIgniter.php(824): App\Controllers\Tabel->edit('undefined')
#3 C:\xampp\htdocs\bpkad\system\CodeIgniter.php(410): CodeIgniter\CodeIgniter->runController(Object(App\Controllers\Tabel))
#4 C:\xampp\htdocs\bpkad\system\CodeIgniter.php(318): CodeIgniter\CodeIgniter->handleRequest(NULL, Object(Config\Cache), false)
#5 C:\xampp\htdocs\bpkad\public\index.php(37): CodeIgniter\CodeIgniter->run()
#6 C:\xampp\htdocs\bpkad\system\Commands\Server\rewrite.php(43): require_once('C:\\xampp\\htdocs...')
#7 {main}
ERROR - 2022-02-15 01:49:04 --> [Microsoft][ODBC Driver 17 for SQL Server][SQL Server]Conversion failed when converting the varchar value 'undefined' to data type int.
CRITICAL - 2022-02-15 01:49:04 --> Call to a member function getFirstRow() on bool
#0 C:\xampp\htdocs\bpkad\system\BaseModel.php(523): CodeIgniter\Model->doFind(true, 'undefined')
#1 C:\xampp\htdocs\bpkad\app\Controllers\Tabel.php(27): CodeIgniter\BaseModel->find('undefined')
#2 C:\xampp\htdocs\bpkad\system\CodeIgniter.php(824): App\Controllers\Tabel->edit('undefined')
#3 C:\xampp\htdocs\bpkad\system\CodeIgniter.php(410): CodeIgniter\CodeIgniter->runController(Object(App\Controllers\Tabel))
#4 C:\xampp\htdocs\bpkad\system\CodeIgniter.php(318): CodeIgniter\CodeIgniter->handleRequest(NULL, Object(Config\Cache), false)
#5 C:\xampp\htdocs\bpkad\public\index.php(37): CodeIgniter\CodeIgniter->run()
#6 C:\xampp\htdocs\bpkad\system\Commands\Server\rewrite.php(43): require_once('C:\\xampp\\htdocs...')
#7 {main}
ERROR - 2022-02-15 01:49:39 --> [Microsoft][ODBC Driver 17 for SQL Server][SQL Server]Conversion failed when converting the varchar value 'undefined' to data type int.
CRITICAL - 2022-02-15 01:49:39 --> Call to a member function getFirstRow() on bool
#0 C:\xampp\htdocs\bpkad\system\BaseModel.php(523): CodeIgniter\Model->doFind(true, 'undefined')
#1 C:\xampp\htdocs\bpkad\app\Controllers\Tabel.php(27): CodeIgniter\BaseModel->find('undefined')
#2 C:\xampp\htdocs\bpkad\system\CodeIgniter.php(824): App\Controllers\Tabel->edit('undefined')
#3 C:\xampp\htdocs\bpkad\system\CodeIgniter.php(410): CodeIgniter\CodeIgniter->runController(Object(App\Controllers\Tabel))
#4 C:\xampp\htdocs\bpkad\system\CodeIgniter.php(318): CodeIgniter\CodeIgniter->handleRequest(NULL, Object(Config\Cache), false)
#5 C:\xampp\htdocs\bpkad\public\index.php(37): CodeIgniter\CodeIgniter->run()
#6 C:\xampp\htdocs\bpkad\system\Commands\Server\rewrite.php(43): require_once('C:\\xampp\\htdocs...')
#7 {main}
ERROR - 2022-02-15 01:50:46 --> [Microsoft][ODBC Driver 17 for SQL Server][SQL Server]Conversion failed when converting the varchar value 'undefined' to data type int.
CRITICAL - 2022-02-15 01:50:46 --> Call to a member function getFirstRow() on bool
#0 C:\xampp\htdocs\bpkad\system\BaseModel.php(523): CodeIgniter\Model->doFind(true, 'undefined')
#1 C:\xampp\htdocs\bpkad\app\Controllers\Tabel.php(27): CodeIgniter\BaseModel->find('undefined')
#2 C:\xampp\htdocs\bpkad\system\CodeIgniter.php(824): App\Controllers\Tabel->edit('undefined')
#3 C:\xampp\htdocs\bpkad\system\CodeIgniter.php(410): CodeIgniter\CodeIgniter->runController(Object(App\Controllers\Tabel))
#4 C:\xampp\htdocs\bpkad\system\CodeIgniter.php(318): CodeIgniter\CodeIgniter->handleRequest(NULL, Object(Config\Cache), false)
#5 C:\xampp\htdocs\bpkad\public\index.php(37): CodeIgniter\CodeIgniter->run()
#6 C:\xampp\htdocs\bpkad\system\Commands\Server\rewrite.php(43): require_once('C:\\xampp\\htdocs...')
#7 {main}
ERROR - 2022-02-15 01:50:50 --> [Microsoft][ODBC Driver 17 for SQL Server][SQL Server]Conversion failed when converting the varchar value 'undefined' to data type int.
CRITICAL - 2022-02-15 01:50:50 --> Call to a member function getFirstRow() on bool
#0 C:\xampp\htdocs\bpkad\system\BaseModel.php(523): CodeIgniter\Model->doFind(true, 'undefined')
#1 C:\xampp\htdocs\bpkad\app\Controllers\Tabel.php(27): CodeIgniter\BaseModel->find('undefined')
#2 C:\xampp\htdocs\bpkad\system\CodeIgniter.php(824): App\Controllers\Tabel->edit('undefined')
#3 C:\xampp\htdocs\bpkad\system\CodeIgniter.php(410): CodeIgniter\CodeIgniter->runController(Object(App\Controllers\Tabel))
#4 C:\xampp\htdocs\bpkad\system\CodeIgniter.php(318): CodeIgniter\CodeIgniter->handleRequest(NULL, Object(Config\Cache), false)
#5 C:\xampp\htdocs\bpkad\public\index.php(37): CodeIgniter\CodeIgniter->run()
#6 C:\xampp\htdocs\bpkad\system\Commands\Server\rewrite.php(43): require_once('C:\\xampp\\htdocs...')
#7 {main}
ERROR - 2022-02-15 01:51:33 --> [Microsoft][ODBC Driver 17 for SQL Server][SQL Server]Conversion failed when converting the varchar value 'undefined' to data type int.
CRITICAL - 2022-02-15 01:51:33 --> Call to a member function getFirstRow() on bool
#0 C:\xampp\htdocs\bpkad\system\BaseModel.php(523): CodeIgniter\Model->doFind(true, 'undefined')
#1 C:\xampp\htdocs\bpkad\app\Controllers\Tabel.php(27): CodeIgniter\BaseModel->find('undefined')
#2 C:\xampp\htdocs\bpkad\system\CodeIgniter.php(824): App\Controllers\Tabel->edit('undefined')
#3 C:\xampp\htdocs\bpkad\system\CodeIgniter.php(410): CodeIgniter\CodeIgniter->runController(Object(App\Controllers\Tabel))
#4 C:\xampp\htdocs\bpkad\system\CodeIgniter.php(318): CodeIgniter\CodeIgniter->handleRequest(NULL, Object(Config\Cache), false)
#5 C:\xampp\htdocs\bpkad\public\index.php(37): CodeIgniter\CodeIgniter->run()
#6 C:\xampp\htdocs\bpkad\system\Commands\Server\rewrite.php(43): require_once('C:\\xampp\\htdocs...')
#7 {main}
ERROR - 2022-02-15 01:52:22 --> [Microsoft][ODBC Driver 17 for SQL Server][SQL Server]Conversion failed when converting the varchar value 'undefined' to data type int.
CRITICAL - 2022-02-15 01:52:22 --> Call to a member function getFirstRow() on bool
#0 C:\xampp\htdocs\bpkad\system\BaseModel.php(523): CodeIgniter\Model->doFind(true, 'undefined')
#1 C:\xampp\htdocs\bpkad\app\Controllers\Tabel.php(27): CodeIgniter\BaseModel->find('undefined')
#2 C:\xampp\htdocs\bpkad\system\CodeIgniter.php(824): App\Controllers\Tabel->edit('undefined')
#3 C:\xampp\htdocs\bpkad\system\CodeIgniter.php(410): CodeIgniter\CodeIgniter->runController(Object(App\Controllers\Tabel))
#4 C:\xampp\htdocs\bpkad\system\CodeIgniter.php(318): CodeIgniter\CodeIgniter->handleRequest(NULL, Object(Config\Cache), false)
#5 C:\xampp\htdocs\bpkad\public\index.php(37): CodeIgniter\CodeIgniter->run()
#6 C:\xampp\htdocs\bpkad\system\Commands\Server\rewrite.php(43): require_once('C:\\xampp\\htdocs...')
#7 {main}
ERROR - 2022-02-15 02:04:43 --> [Microsoft][ODBC Driver 17 for SQL Server][SQL Server]Conversion failed when converting the varchar value 'undefined' to data type int.
CRITICAL - 2022-02-15 02:04:43 --> Call to a member function getFirstRow() on bool
#0 C:\xampp\htdocs\bpkad\system\BaseModel.php(523): CodeIgniter\Model->doFind(true, 'undefined')
#1 C:\xampp\htdocs\bpkad\app\Controllers\Tabel.php(27): CodeIgniter\BaseModel->find('undefined')
#2 C:\xampp\htdocs\bpkad\system\CodeIgniter.php(824): App\Controllers\Tabel->edit('undefined')
#3 C:\xampp\htdocs\bpkad\system\CodeIgniter.php(410): CodeIgniter\CodeIgniter->runController(Object(App\Controllers\Tabel))
#4 C:\xampp\htdocs\bpkad\system\CodeIgniter.php(318): CodeIgniter\CodeIgniter->handleRequest(NULL, Object(Config\Cache), false)
#5 C:\xampp\htdocs\bpkad\public\index.php(37): CodeIgniter\CodeIgniter->run()
#6 C:\xampp\htdocs\bpkad\system\Commands\Server\rewrite.php(43): require_once('C:\\xampp\\htdocs...')
#7 {main}
ERROR - 2022-02-15 02:04:55 --> [Microsoft][ODBC Driver 17 for SQL Server][SQL Server]Conversion failed when converting the varchar value 'undefined' to data type int.
CRITICAL - 2022-02-15 02:04:55 --> Call to a member function getFirstRow() on bool
#0 C:\xampp\htdocs\bpkad\system\BaseModel.php(523): CodeIgniter\Model->doFind(true, 'undefined')
#1 C:\xampp\htdocs\bpkad\app\Controllers\Tabel.php(27): CodeIgniter\BaseModel->find('undefined')
#2 C:\xampp\htdocs\bpkad\system\CodeIgniter.php(824): App\Controllers\Tabel->edit('undefined')
#3 C:\xampp\htdocs\bpkad\system\CodeIgniter.php(410): CodeIgniter\CodeIgniter->runController(Object(App\Controllers\Tabel))
#4 C:\xampp\htdocs\bpkad\system\CodeIgniter.php(318): CodeIgniter\CodeIgniter->handleRequest(NULL, Object(Config\Cache), false)
#5 C:\xampp\htdocs\bpkad\public\index.php(37): CodeIgniter\CodeIgniter->run()
#6 C:\xampp\htdocs\bpkad\system\Commands\Server\rewrite.php(43): require_once('C:\\xampp\\htdocs...')
#7 {main}
ERROR - 2022-02-15 02:04:59 --> [Microsoft][ODBC Driver 17 for SQL Server][SQL Server]Conversion failed when converting the varchar value 'undefined' to data type int.
CRITICAL - 2022-02-15 02:04:59 --> Call to a member function getFirstRow() on bool
#0 C:\xampp\htdocs\bpkad\system\BaseModel.php(523): CodeIgniter\Model->doFind(true, 'undefined')
#1 C:\xampp\htdocs\bpkad\app\Controllers\Tabel.php(27): CodeIgniter\BaseModel->find('undefined')
#2 C:\xampp\htdocs\bpkad\system\CodeIgniter.php(824): App\Controllers\Tabel->edit('undefined')
#3 C:\xampp\htdocs\bpkad\system\CodeIgniter.php(410): CodeIgniter\CodeIgniter->runController(Object(App\Controllers\Tabel))
#4 C:\xampp\htdocs\bpkad\system\CodeIgniter.php(318): CodeIgniter\CodeIgniter->handleRequest(NULL, Object(Config\Cache), false)
#5 C:\xampp\htdocs\bpkad\public\index.php(37): CodeIgniter\CodeIgniter->run()
#6 C:\xampp\htdocs\bpkad\system\Commands\Server\rewrite.php(43): require_once('C:\\xampp\\htdocs...')
#7 {main}
ERROR - 2022-02-15 02:08:11 --> [Microsoft][ODBC Driver 17 for SQL Server][SQL Server]Conversion failed when converting the varchar value 'undefined' to data type int.
CRITICAL - 2022-02-15 02:08:11 --> Call to a member function getFirstRow() on bool
#0 C:\xampp\htdocs\bpkad\system\BaseModel.php(523): CodeIgniter\Model->doFind(true, 'undefined')
#1 C:\xampp\htdocs\bpkad\app\Controllers\Tabel.php(27): CodeIgniter\BaseModel->find('undefined')
#2 C:\xampp\htdocs\bpkad\system\CodeIgniter.php(824): App\Controllers\Tabel->edit('undefined')
#3 C:\xampp\htdocs\bpkad\system\CodeIgniter.php(410): CodeIgniter\CodeIgniter->runController(Object(App\Controllers\Tabel))
#4 C:\xampp\htdocs\bpkad\system\CodeIgniter.php(318): CodeIgniter\CodeIgniter->handleRequest(NULL, Object(Config\Cache), false)
#5 C:\xampp\htdocs\bpkad\public\index.php(37): CodeIgniter\CodeIgniter->run()
#6 C:\xampp\htdocs\bpkad\system\Commands\Server\rewrite.php(43): require_once('C:\\xampp\\htdocs...')
#7 {main}
ERROR - 2022-02-15 02:08:18 --> [Microsoft][ODBC Driver 17 for SQL Server][SQL Server]Conversion failed when converting the varchar value 'undefined' to data type int.
CRITICAL - 2022-02-15 02:08:18 --> Call to a member function getFirstRow() on bool
#0 C:\xampp\htdocs\bpkad\system\BaseModel.php(523): CodeIgniter\Model->doFind(true, 'undefined')
#1 C:\xampp\htdocs\bpkad\app\Controllers\Tabel.php(27): CodeIgniter\BaseModel->find('undefined')
#2 C:\xampp\htdocs\bpkad\system\CodeIgniter.php(824): App\Controllers\Tabel->edit('undefined')
#3 C:\xampp\htdocs\bpkad\system\CodeIgniter.php(410): CodeIgniter\CodeIgniter->runController(Object(App\Controllers\Tabel))
#4 C:\xampp\htdocs\bpkad\system\CodeIgniter.php(318): CodeIgniter\CodeIgniter->handleRequest(NULL, Object(Config\Cache), false)
#5 C:\xampp\htdocs\bpkad\public\index.php(37): CodeIgniter\CodeIgniter->run()
#6 C:\xampp\htdocs\bpkad\system\Commands\Server\rewrite.php(43): require_once('C:\\xampp\\htdocs...')
#7 {main}
ERROR - 2022-02-15 02:08:26 --> [Microsoft][ODBC Driver 17 for SQL Server][SQL Server]Conversion failed when converting the varchar value 'undefined' to data type int.
CRITICAL - 2022-02-15 02:08:26 --> Call to a member function getFirstRow() on bool
#0 C:\xampp\htdocs\bpkad\system\BaseModel.php(523): CodeIgniter\Model->doFind(true, 'undefined')
#1 C:\xampp\htdocs\bpkad\app\Controllers\Tabel.php(27): CodeIgniter\BaseModel->find('undefined')
#2 C:\xampp\htdocs\bpkad\system\CodeIgniter.php(824): App\Controllers\Tabel->edit('undefined')
#3 C:\xampp\htdocs\bpkad\system\CodeIgniter.php(410): CodeIgniter\CodeIgniter->runController(Object(App\Controllers\Tabel))
#4 C:\xampp\htdocs\bpkad\system\CodeIgniter.php(318): CodeIgniter\CodeIgniter->handleRequest(NULL, Object(Config\Cache), false)
#5 C:\xampp\htdocs\bpkad\public\index.php(37): CodeIgniter\CodeIgniter->run()
#6 C:\xampp\htdocs\bpkad\system\Commands\Server\rewrite.php(43): require_once('C:\\xampp\\htdocs...')
#7 {main}
ERROR - 2022-02-15 02:09:19 --> [Microsoft][ODBC Driver 17 for SQL Server][SQL Server]Conversion failed when converting the varchar value 'undefined' to data type int.
CRITICAL - 2022-02-15 02:09:19 --> Call to a member function getFirstRow() on bool
#0 C:\xampp\htdocs\bpkad\system\BaseModel.php(523): CodeIgniter\Model->doFind(true, 'undefined')
#1 C:\xampp\htdocs\bpkad\app\Controllers\Tabel.php(27): CodeIgniter\BaseModel->find('undefined')
#2 C:\xampp\htdocs\bpkad\system\CodeIgniter.php(824): App\Controllers\Tabel->edit('undefined')
#3 C:\xampp\htdocs\bpkad\system\CodeIgniter.php(410): CodeIgniter\CodeIgniter->runController(Object(App\Controllers\Tabel))
#4 C:\xampp\htdocs\bpkad\system\CodeIgniter.php(318): CodeIgniter\CodeIgniter->handleRequest(NULL, Object(Config\Cache), false)
#5 C:\xampp\htdocs\bpkad\public\index.php(37): CodeIgniter\CodeIgniter->run()
#6 C:\xampp\htdocs\bpkad\system\Commands\Server\rewrite.php(43): require_once('C:\\xampp\\htdocs...')
#7 {main}
ERROR - 2022-02-15 02:10:01 --> [Microsoft][ODBC Driver 17 for SQL Server][SQL Server]Conversion failed when converting the varchar value 'undefined' to data type int.
CRITICAL - 2022-02-15 02:10:01 --> Call to a member function getFirstRow() on bool
#0 C:\xampp\htdocs\bpkad\system\BaseModel.php(523): CodeIgniter\Model->doFind(true, 'undefined')
#1 C:\xampp\htdocs\bpkad\app\Controllers\Tabel.php(27): CodeIgniter\BaseModel->find('undefined')
#2 C:\xampp\htdocs\bpkad\system\CodeIgniter.php(824): App\Controllers\Tabel->edit('undefined')
#3 C:\xampp\htdocs\bpkad\system\CodeIgniter.php(410): CodeIgniter\CodeIgniter->runController(Object(App\Controllers\Tabel))
#4 C:\xampp\htdocs\bpkad\system\CodeIgniter.php(318): CodeIgniter\CodeIgniter->handleRequest(NULL, Object(Config\Cache), false)
#5 C:\xampp\htdocs\bpkad\public\index.php(37): CodeIgniter\CodeIgniter->run()
#6 C:\xampp\htdocs\bpkad\system\Commands\Server\rewrite.php(43): require_once('C:\\xampp\\htdocs...')
#7 {main}
ERROR - 2022-02-15 02:11:01 --> [Microsoft][ODBC Driver 17 for SQL Server][SQL Server]Conversion failed when converting the varchar value 'undefined' to data type int.
CRITICAL - 2022-02-15 02:11:01 --> Call to a member function getFirstRow() on bool
#0 C:\xampp\htdocs\bpkad\system\BaseModel.php(523): CodeIgniter\Model->doFind(true, 'undefined')
#1 C:\xampp\htdocs\bpkad\app\Controllers\Tabel.php(27): CodeIgniter\BaseModel->find('undefined')
#2 C:\xampp\htdocs\bpkad\system\CodeIgniter.php(824): App\Controllers\Tabel->edit('undefined')
#3 C:\xampp\htdocs\bpkad\system\CodeIgniter.php(410): CodeIgniter\CodeIgniter->runController(Object(App\Controllers\Tabel))
#4 C:\xampp\htdocs\bpkad\system\CodeIgniter.php(318): CodeIgniter\CodeIgniter->handleRequest(NULL, Object(Config\Cache), false)
#5 C:\xampp\htdocs\bpkad\public\index.php(37): CodeIgniter\CodeIgniter->run()
#6 C:\xampp\htdocs\bpkad\system\Commands\Server\rewrite.php(43): require_once('C:\\xampp\\htdocs...')
#7 {main}
ERROR - 2022-02-15 02:15:04 --> [Microsoft][ODBC Driver 17 for SQL Server][SQL Server]Conversion failed when converting the varchar value 'undefined' to data type int.
CRITICAL - 2022-02-15 02:15:04 --> Call to a member function getFirstRow() on bool
#0 C:\xampp\htdocs\bpkad\system\BaseModel.php(523): CodeIgniter\Model->doFind(true, 'undefined')
#1 C:\xampp\htdocs\bpkad\app\Controllers\Tabel.php(27): CodeIgniter\BaseModel->find('undefined')
#2 C:\xampp\htdocs\bpkad\system\CodeIgniter.php(824): App\Controllers\Tabel->edit('undefined')
#3 C:\xampp\htdocs\bpkad\system\CodeIgniter.php(410): CodeIgniter\CodeIgniter->runController(Object(App\Controllers\Tabel))
#4 C:\xampp\htdocs\bpkad\system\CodeIgniter.php(318): CodeIgniter\CodeIgniter->handleRequest(NULL, Object(Config\Cache), false)
#5 C:\xampp\htdocs\bpkad\public\index.php(37): CodeIgniter\CodeIgniter->run()
#6 C:\xampp\htdocs\bpkad\system\Commands\Server\rewrite.php(43): require_once('C:\\xampp\\htdocs...')
#7 {main}
ERROR - 2022-02-15 02:15:30 --> [Microsoft][ODBC Driver 17 for SQL Server][SQL Server]Conversion failed when converting the varchar value 'undefined' to data type int.
CRITICAL - 2022-02-15 02:15:30 --> Call to a member function getFirstRow() on bool
#0 C:\xampp\htdocs\bpkad\system\BaseModel.php(523): CodeIgniter\Model->doFind(true, 'undefined')
#1 C:\xampp\htdocs\bpkad\app\Controllers\Tabel.php(27): CodeIgniter\BaseModel->find('undefined')
#2 C:\xampp\htdocs\bpkad\system\CodeIgniter.php(824): App\Controllers\Tabel->edit('undefined')
#3 C:\xampp\htdocs\bpkad\system\CodeIgniter.php(410): CodeIgniter\CodeIgniter->runController(Object(App\Controllers\Tabel))
#4 C:\xampp\htdocs\bpkad\system\CodeIgniter.php(318): CodeIgniter\CodeIgniter->handleRequest(NULL, Object(Config\Cache), false)
#5 C:\xampp\htdocs\bpkad\public\index.php(37): CodeIgniter\CodeIgniter->run()
#6 C:\xampp\htdocs\bpkad\system\Commands\Server\rewrite.php(43): require_once('C:\\xampp\\htdocs...')
#7 {main}
ERROR - 2022-02-15 02:15:47 --> [Microsoft][ODBC Driver 17 for SQL Server][SQL Server]Conversion failed when converting the varchar value 'undefined' to data type int.
CRITICAL - 2022-02-15 02:15:47 --> Call to a member function getFirstRow() on bool
#0 C:\xampp\htdocs\bpkad\system\BaseModel.php(523): CodeIgniter\Model->doFind(true, 'undefined')
#1 C:\xampp\htdocs\bpkad\app\Controllers\Tabel.php(27): CodeIgniter\BaseModel->find('undefined')
#2 C:\xampp\htdocs\bpkad\system\CodeIgniter.php(824): App\Controllers\Tabel->edit('undefined')
#3 C:\xampp\htdocs\bpkad\system\CodeIgniter.php(410): CodeIgniter\CodeIgniter->runController(Object(App\Controllers\Tabel))
#4 C:\xampp\htdocs\bpkad\system\CodeIgniter.php(318): CodeIgniter\CodeIgniter->handleRequest(NULL, Object(Config\Cache), false)
#5 C:\xampp\htdocs\bpkad\public\index.php(37): CodeIgniter\CodeIgniter->run()
#6 C:\xampp\htdocs\bpkad\system\Commands\Server\rewrite.php(43): require_once('C:\\xampp\\htdocs...')
#7 {main}
ERROR - 2022-02-15 02:16:08 --> [Microsoft][ODBC Driver 17 for SQL Server][SQL Server]Conversion failed when converting the varchar value 'undefined' to data type int.
CRITICAL - 2022-02-15 02:16:08 --> Call to a member function getFirstRow() on bool
#0 C:\xampp\htdocs\bpkad\system\BaseModel.php(523): CodeIgniter\Model->doFind(true, 'undefined')
#1 C:\xampp\htdocs\bpkad\app\Controllers\Tabel.php(27): CodeIgniter\BaseModel->find('undefined')
#2 C:\xampp\htdocs\bpkad\system\CodeIgniter.php(824): App\Controllers\Tabel->edit('undefined')
#3 C:\xampp\htdocs\bpkad\system\CodeIgniter.php(410): CodeIgniter\CodeIgniter->runController(Object(App\Controllers\Tabel))
#4 C:\xampp\htdocs\bpkad\system\CodeIgniter.php(318): CodeIgniter\CodeIgniter->handleRequest(NULL, Object(Config\Cache), false)
#5 C:\xampp\htdocs\bpkad\public\index.php(37): CodeIgniter\CodeIgniter->run()
#6 C:\xampp\htdocs\bpkad\system\Commands\Server\rewrite.php(43): require_once('C:\\xampp\\htdocs...')
#7 {main}
ERROR - 2022-02-15 02:17:07 --> [Microsoft][ODBC Driver 17 for SQL Server][SQL Server]Conversion failed when converting the varchar value 'undefined' to data type int.
CRITICAL - 2022-02-15 02:17:07 --> Call to a member function getFirstRow() on bool
#0 C:\xampp\htdocs\bpkad\system\BaseModel.php(523): CodeIgniter\Model->doFind(true, 'undefined')
#1 C:\xampp\htdocs\bpkad\app\Controllers\Tabel.php(27): CodeIgniter\BaseModel->find('undefined')
#2 C:\xampp\htdocs\bpkad\system\CodeIgniter.php(824): App\Controllers\Tabel->edit('undefined')
#3 C:\xampp\htdocs\bpkad\system\CodeIgniter.php(410): CodeIgniter\CodeIgniter->runController(Object(App\Controllers\Tabel))
#4 C:\xampp\htdocs\bpkad\system\CodeIgniter.php(318): CodeIgniter\CodeIgniter->handleRequest(NULL, Object(Config\Cache), false)
#5 C:\xampp\htdocs\bpkad\public\index.php(37): CodeIgniter\CodeIgniter->run()
#6 C:\xampp\htdocs\bpkad\system\Commands\Server\rewrite.php(43): require_once('C:\\xampp\\htdocs...')
#7 {main}
ERROR - 2022-02-15 02:18:27 --> [Microsoft][ODBC Driver 17 for SQL Server][SQL Server]Conversion failed when converting the varchar value 'undefined' to data type int.
CRITICAL - 2022-02-15 02:18:27 --> Call to a member function getFirstRow() on bool
#0 C:\xampp\htdocs\bpkad\system\BaseModel.php(523): CodeIgniter\Model->doFind(true, 'undefined')
#1 C:\xampp\htdocs\bpkad\app\Controllers\Tabel.php(27): CodeIgniter\BaseModel->find('undefined')
#2 C:\xampp\htdocs\bpkad\system\CodeIgniter.php(824): App\Controllers\Tabel->edit('undefined')
#3 C:\xampp\htdocs\bpkad\system\CodeIgniter.php(410): CodeIgniter\CodeIgniter->runController(Object(App\Controllers\Tabel))
#4 C:\xampp\htdocs\bpkad\system\CodeIgniter.php(318): CodeIgniter\CodeIgniter->handleRequest(NULL, Object(Config\Cache), false)
#5 C:\xampp\htdocs\bpkad\public\index.php(37): CodeIgniter\CodeIgniter->run()
#6 C:\xampp\htdocs\bpkad\system\Commands\Server\rewrite.php(43): require_once('C:\\xampp\\htdocs...')
#7 {main}
ERROR - 2022-02-15 02:20:32 --> [Microsoft][ODBC Driver 17 for SQL Server][SQL Server]Conversion failed when converting the varchar value 'undefined' to data type int.
CRITICAL - 2022-02-15 02:20:32 --> Call to a member function getFirstRow() on bool
#0 C:\xampp\htdocs\bpkad\system\BaseModel.php(523): CodeIgniter\Model->doFind(true, 'undefined')
#1 C:\xampp\htdocs\bpkad\app\Controllers\Tabel.php(27): CodeIgniter\BaseModel->find('undefined')
#2 C:\xampp\htdocs\bpkad\system\CodeIgniter.php(824): App\Controllers\Tabel->edit('undefined')
#3 C:\xampp\htdocs\bpkad\system\CodeIgniter.php(410): CodeIgniter\CodeIgniter->runController(Object(App\Controllers\Tabel))
#4 C:\xampp\htdocs\bpkad\system\CodeIgniter.php(318): CodeIgniter\CodeIgniter->handleRequest(NULL, Object(Config\Cache), false)
#5 C:\xampp\htdocs\bpkad\public\index.php(37): CodeIgniter\CodeIgniter->run()
#6 C:\xampp\htdocs\bpkad\system\Commands\Server\rewrite.php(43): require_once('C:\\xampp\\htdocs...')
#7 {main}
ERROR - 2022-02-15 02:22:15 --> [Microsoft][ODBC Driver 17 for SQL Server][SQL Server]Conversion failed when converting the varchar value 'undefined' to data type int.
CRITICAL - 2022-02-15 02:22:15 --> Call to a member function getFirstRow() on bool
#0 C:\xampp\htdocs\bpkad\system\BaseModel.php(523): CodeIgniter\Model->doFind(true, 'undefined')
#1 C:\xampp\htdocs\bpkad\app\Controllers\Tabel.php(27): CodeIgniter\BaseModel->find('undefined')
#2 C:\xampp\htdocs\bpkad\system\CodeIgniter.php(824): App\Controllers\Tabel->edit('undefined')
#3 C:\xampp\htdocs\bpkad\system\CodeIgniter.php(410): CodeIgniter\CodeIgniter->runController(Object(App\Controllers\Tabel))
#4 C:\xampp\htdocs\bpkad\system\CodeIgniter.php(318): CodeIgniter\CodeIgniter->handleRequest(NULL, Object(Config\Cache), false)
#5 C:\xampp\htdocs\bpkad\public\index.php(37): CodeIgniter\CodeIgniter->run()
#6 C:\xampp\htdocs\bpkad\system\Commands\Server\rewrite.php(43): require_once('C:\\xampp\\htdocs...')
#7 {main}
ERROR - 2022-02-15 02:23:41 --> [Microsoft][ODBC Driver 17 for SQL Server][SQL Server]Conversion failed when converting the varchar value 'undefined' to data type int.
CRITICAL - 2022-02-15 02:23:41 --> Call to a member function getFirstRow() on bool
#0 C:\xampp\htdocs\bpkad\system\BaseModel.php(523): CodeIgniter\Model->doFind(true, 'undefined')
#1 C:\xampp\htdocs\bpkad\app\Controllers\Tabel.php(27): CodeIgniter\BaseModel->find('undefined')
#2 C:\xampp\htdocs\bpkad\system\CodeIgniter.php(824): App\Controllers\Tabel->edit('undefined')
#3 C:\xampp\htdocs\bpkad\system\CodeIgniter.php(410): CodeIgniter\CodeIgniter->runController(Object(App\Controllers\Tabel))
#4 C:\xampp\htdocs\bpkad\system\CodeIgniter.php(318): CodeIgniter\CodeIgniter->handleRequest(NULL, Object(Config\Cache), false)
#5 C:\xampp\htdocs\bpkad\public\index.php(37): CodeIgniter\CodeIgniter->run()
#6 C:\xampp\htdocs\bpkad\system\Commands\Server\rewrite.php(43): require_once('C:\\xampp\\htdocs...')
#7 {main}
ERROR - 2022-02-15 02:23:52 --> [Microsoft][ODBC Driver 17 for SQL Server][SQL Server]Conversion failed when converting the varchar value 'undefined' to data type int.
CRITICAL - 2022-02-15 02:23:52 --> Call to a member function getFirstRow() on bool
#0 C:\xampp\htdocs\bpkad\system\BaseModel.php(523): CodeIgniter\Model->doFind(true, 'undefined')
#1 C:\xampp\htdocs\bpkad\app\Controllers\Tabel.php(27): CodeIgniter\BaseModel->find('undefined')
#2 C:\xampp\htdocs\bpkad\system\CodeIgniter.php(824): App\Controllers\Tabel->edit('undefined')
#3 C:\xampp\htdocs\bpkad\system\CodeIgniter.php(410): CodeIgniter\CodeIgniter->runController(Object(App\Controllers\Tabel))
#4 C:\xampp\htdocs\bpkad\system\CodeIgniter.php(318): CodeIgniter\CodeIgniter->handleRequest(NULL, Object(Config\Cache), false)
#5 C:\xampp\htdocs\bpkad\public\index.php(37): CodeIgniter\CodeIgniter->run()
#6 C:\xampp\htdocs\bpkad\system\Commands\Server\rewrite.php(43): require_once('C:\\xampp\\htdocs...')
#7 {main}
ERROR - 2022-02-15 02:29:38 --> [Microsoft][ODBC Driver 17 for SQL Server][SQL Server]Conversion failed when converting the varchar value 'undefined' to data type int.
CRITICAL - 2022-02-15 02:29:38 --> Call to a member function getFirstRow() on bool
#0 C:\xampp\htdocs\bpkad\system\BaseModel.php(523): CodeIgniter\Model->doFind(true, 'undefined')
#1 C:\xampp\htdocs\bpkad\app\Controllers\Tabel.php(27): CodeIgniter\BaseModel->find('undefined')
#2 C:\xampp\htdocs\bpkad\system\CodeIgniter.php(824): App\Controllers\Tabel->edit('undefined')
#3 C:\xampp\htdocs\bpkad\system\CodeIgniter.php(410): CodeIgniter\CodeIgniter->runController(Object(App\Controllers\Tabel))
#4 C:\xampp\htdocs\bpkad\system\CodeIgniter.php(318): CodeIgniter\CodeIgniter->handleRequest(NULL, Object(Config\Cache), false)
#5 C:\xampp\htdocs\bpkad\public\index.php(37): CodeIgniter\CodeIgniter->run()
#6 C:\xampp\htdocs\bpkad\system\Commands\Server\rewrite.php(43): require_once('C:\\xampp\\htdocs...')
#7 {main}
ERROR - 2022-02-15 02:29:45 --> [Microsoft][ODBC Driver 17 for SQL Server][SQL Server]Conversion failed when converting the varchar value 'undefined' to data type int.
CRITICAL - 2022-02-15 02:29:45 --> Call to a member function getFirstRow() on bool
#0 C:\xampp\htdocs\bpkad\system\BaseModel.php(523): CodeIgniter\Model->doFind(true, 'undefined')
#1 C:\xampp\htdocs\bpkad\app\Controllers\Tabel.php(27): CodeIgniter\BaseModel->find('undefined')
#2 C:\xampp\htdocs\bpkad\system\CodeIgniter.php(824): App\Controllers\Tabel->edit('undefined')
#3 C:\xampp\htdocs\bpkad\system\CodeIgniter.php(410): CodeIgniter\CodeIgniter->runController(Object(App\Controllers\Tabel))
#4 C:\xampp\htdocs\bpkad\system\CodeIgniter.php(318): CodeIgniter\CodeIgniter->handleRequest(NULL, Object(Config\Cache), false)
#5 C:\xampp\htdocs\bpkad\public\index.php(37): CodeIgniter\CodeIgniter->run()
#6 C:\xampp\htdocs\bpkad\system\Commands\Server\rewrite.php(43): require_once('C:\\xampp\\htdocs...')
#7 {main}
ERROR - 2022-02-15 02:29:48 --> [Microsoft][ODBC Driver 17 for SQL Server][SQL Server]Conversion failed when converting the varchar value 'undefined' to data type int.
CRITICAL - 2022-02-15 02:29:48 --> Call to a member function getFirstRow() on bool
#0 C:\xampp\htdocs\bpkad\system\BaseModel.php(523): CodeIgniter\Model->doFind(true, 'undefined')
#1 C:\xampp\htdocs\bpkad\app\Controllers\Tabel.php(27): CodeIgniter\BaseModel->find('undefined')
#2 C:\xampp\htdocs\bpkad\system\CodeIgniter.php(824): App\Controllers\Tabel->edit('undefined')
#3 C:\xampp\htdocs\bpkad\system\CodeIgniter.php(410): CodeIgniter\CodeIgniter->runController(Object(App\Controllers\Tabel))
#4 C:\xampp\htdocs\bpkad\system\CodeIgniter.php(318): CodeIgniter\CodeIgniter->handleRequest(NULL, Object(Config\Cache), false)
#5 C:\xampp\htdocs\bpkad\public\index.php(37): CodeIgniter\CodeIgniter->run()
#6 C:\xampp\htdocs\bpkad\system\Commands\Server\rewrite.php(43): require_once('C:\\xampp\\htdocs...')
#7 {main}
ERROR - 2022-02-15 02:29:53 --> [Microsoft][ODBC Driver 17 for SQL Server][SQL Server]Conversion failed when converting the varchar value 'undefined' to data type int.
CRITICAL - 2022-02-15 02:29:53 --> Call to a member function getFirstRow() on bool
#0 C:\xampp\htdocs\bpkad\system\BaseModel.php(523): CodeIgniter\Model->doFind(true, 'undefined')
#1 C:\xampp\htdocs\bpkad\app\Controllers\Tabel.php(27): CodeIgniter\BaseModel->find('undefined')
#2 C:\xampp\htdocs\bpkad\system\CodeIgniter.php(824): App\Controllers\Tabel->edit('undefined')
#3 C:\xampp\htdocs\bpkad\system\CodeIgniter.php(410): CodeIgniter\CodeIgniter->runController(Object(App\Controllers\Tabel))
#4 C:\xampp\htdocs\bpkad\system\CodeIgniter.php(318): CodeIgniter\CodeIgniter->handleRequest(NULL, Object(Config\Cache), false)
#5 C:\xampp\htdocs\bpkad\public\index.php(37): CodeIgniter\CodeIgniter->run()
#6 C:\xampp\htdocs\bpkad\system\Commands\Server\rewrite.php(43): require_once('C:\\xampp\\htdocs...')
#7 {main}
ERROR - 2022-02-15 02:29:55 --> [Microsoft][ODBC Driver 17 for SQL Server][SQL Server]Conversion failed when converting the varchar value 'undefined' to data type int.
CRITICAL - 2022-02-15 02:29:55 --> Call to a member function getFirstRow() on bool
#0 C:\xampp\htdocs\bpkad\system\BaseModel.php(523): CodeIgniter\Model->doFind(true, 'undefined')
#1 C:\xampp\htdocs\bpkad\app\Controllers\Tabel.php(27): CodeIgniter\BaseModel->find('undefined')
#2 C:\xampp\htdocs\bpkad\system\CodeIgniter.php(824): App\Controllers\Tabel->edit('undefined')
#3 C:\xampp\htdocs\bpkad\system\CodeIgniter.php(410): CodeIgniter\CodeIgniter->runController(Object(App\Controllers\Tabel))
#4 C:\xampp\htdocs\bpkad\system\CodeIgniter.php(318): CodeIgniter\CodeIgniter->handleRequest(NULL, Object(Config\Cache), false)
#5 C:\xampp\htdocs\bpkad\public\index.php(37): CodeIgniter\CodeIgniter->run()
#6 C:\xampp\htdocs\bpkad\system\Commands\Server\rewrite.php(43): require_once('C:\\xampp\\htdocs...')
#7 {main}
ERROR - 2022-02-15 02:30:01 --> [Microsoft][ODBC Driver 17 for SQL Server][SQL Server]Conversion failed when converting the varchar value 'undefined' to data type int.
CRITICAL - 2022-02-15 02:30:01 --> Call to a member function getFirstRow() on bool
#0 C:\xampp\htdocs\bpkad\system\BaseModel.php(523): CodeIgniter\Model->doFind(true, 'undefined')
#1 C:\xampp\htdocs\bpkad\app\Controllers\Tabel.php(27): CodeIgniter\BaseModel->find('undefined')
#2 C:\xampp\htdocs\bpkad\system\CodeIgniter.php(824): App\Controllers\Tabel->edit('undefined')
#3 C:\xampp\htdocs\bpkad\system\CodeIgniter.php(410): CodeIgniter\CodeIgniter->runController(Object(App\Controllers\Tabel))
#4 C:\xampp\htdocs\bpkad\system\CodeIgniter.php(318): CodeIgniter\CodeIgniter->handleRequest(NULL, Object(Config\Cache), false)
#5 C:\xampp\htdocs\bpkad\public\index.php(37): CodeIgniter\CodeIgniter->run()
#6 C:\xampp\htdocs\bpkad\system\Commands\Server\rewrite.php(43): require_once('C:\\xampp\\htdocs...')
#7 {main}
ERROR - 2022-02-15 02:30:04 --> [Microsoft][ODBC Driver 17 for SQL Server][SQL Server]Conversion failed when converting the varchar value 'undefined' to data type int.
CRITICAL - 2022-02-15 02:30:04 --> Call to a member function getFirstRow() on bool
#0 C:\xampp\htdocs\bpkad\system\BaseModel.php(523): CodeIgniter\Model->doFind(true, 'undefined')
#1 C:\xampp\htdocs\bpkad\app\Controllers\Tabel.php(27): CodeIgniter\BaseModel->find('undefined')
#2 C:\xampp\htdocs\bpkad\system\CodeIgniter.php(824): App\Controllers\Tabel->edit('undefined')
#3 C:\xampp\htdocs\bpkad\system\CodeIgniter.php(410): CodeIgniter\CodeIgniter->runController(Object(App\Controllers\Tabel))
#4 C:\xampp\htdocs\bpkad\system\CodeIgniter.php(318): CodeIgniter\CodeIgniter->handleRequest(NULL, Object(Config\Cache), false)
#5 C:\xampp\htdocs\bpkad\public\index.php(37): CodeIgniter\CodeIgniter->run()
#6 C:\xampp\htdocs\bpkad\system\Commands\Server\rewrite.php(43): require_once('C:\\xampp\\htdocs...')
#7 {main}
ERROR - 2022-02-15 02:31:35 --> [Microsoft][ODBC Driver 17 for SQL Server][SQL Server]Conversion failed when converting the varchar value 'undefined' to data type int.
CRITICAL - 2022-02-15 02:31:35 --> Call to a member function getFirstRow() on bool
#0 C:\xampp\htdocs\bpkad\system\BaseModel.php(523): CodeIgniter\Model->doFind(true, 'undefined')
#1 C:\xampp\htdocs\bpkad\app\Controllers\Tabel.php(27): CodeIgniter\BaseModel->find('undefined')
#2 C:\xampp\htdocs\bpkad\system\CodeIgniter.php(824): App\Controllers\Tabel->edit('undefined')
#3 C:\xampp\htdocs\bpkad\system\CodeIgniter.php(410): CodeIgniter\CodeIgniter->runController(Object(App\Controllers\Tabel))
#4 C:\xampp\htdocs\bpkad\system\CodeIgniter.php(318): CodeIgniter\CodeIgniter->handleRequest(NULL, Object(Config\Cache), false)
#5 C:\xampp\htdocs\bpkad\public\index.php(37): CodeIgniter\CodeIgniter->run()
#6 C:\xampp\htdocs\bpkad\system\Commands\Server\rewrite.php(43): require_once('C:\\xampp\\htdocs...')
#7 {main}
ERROR - 2022-02-15 02:31:38 --> [Microsoft][ODBC Driver 17 for SQL Server][SQL Server]Conversion failed when converting the varchar value 'undefined' to data type int.
CRITICAL - 2022-02-15 02:31:38 --> Call to a member function getFirstRow() on bool
#0 C:\xampp\htdocs\bpkad\system\BaseModel.php(523): CodeIgniter\Model->doFind(true, 'undefined')
#1 C:\xampp\htdocs\bpkad\app\Controllers\Tabel.php(27): CodeIgniter\BaseModel->find('undefined')
#2 C:\xampp\htdocs\bpkad\system\CodeIgniter.php(824): App\Controllers\Tabel->edit('undefined')
#3 C:\xampp\htdocs\bpkad\system\CodeIgniter.php(410): CodeIgniter\CodeIgniter->runController(Object(App\Controllers\Tabel))
#4 C:\xampp\htdocs\bpkad\system\CodeIgniter.php(318): CodeIgniter\CodeIgniter->handleRequest(NULL, Object(Config\Cache), false)
#5 C:\xampp\htdocs\bpkad\public\index.php(37): CodeIgniter\CodeIgniter->run()
#6 C:\xampp\htdocs\bpkad\system\Commands\Server\rewrite.php(43): require_once('C:\\xampp\\htdocs...')
#7 {main}
ERROR - 2022-02-15 02:31:48 --> [Microsoft][ODBC Driver 17 for SQL Server][SQL Server]Conversion failed when converting the varchar value 'undefined' to data type int.
CRITICAL - 2022-02-15 02:31:48 --> Call to a member function getFirstRow() on bool
#0 C:\xampp\htdocs\bpkad\system\BaseModel.php(523): CodeIgniter\Model->doFind(true, 'undefined')
#1 C:\xampp\htdocs\bpkad\app\Controllers\Tabel.php(27): CodeIgniter\BaseModel->find('undefined')
#2 C:\xampp\htdocs\bpkad\system\CodeIgniter.php(824): App\Controllers\Tabel->edit('undefined')
#3 C:\xampp\htdocs\bpkad\system\CodeIgniter.php(410): CodeIgniter\CodeIgniter->runController(Object(App\Controllers\Tabel))
#4 C:\xampp\htdocs\bpkad\system\CodeIgniter.php(318): CodeIgniter\CodeIgniter->handleRequest(NULL, Object(Config\Cache), false)
#5 C:\xampp\htdocs\bpkad\public\index.php(37): CodeIgniter\CodeIgniter->run()
#6 C:\xampp\htdocs\bpkad\system\Commands\Server\rewrite.php(43): require_once('C:\\xampp\\htdocs...')
#7 {main}
ERROR - 2022-02-15 02:31:54 --> [Microsoft][ODBC Driver 17 for SQL Server][SQL Server]Conversion failed when converting the varchar value 'undefined' to data type int.
CRITICAL - 2022-02-15 02:31:54 --> Call to a member function getFirstRow() on bool
#0 C:\xampp\htdocs\bpkad\system\BaseModel.php(523): CodeIgniter\Model->doFind(true, 'undefined')
#1 C:\xampp\htdocs\bpkad\app\Controllers\Tabel.php(27): CodeIgniter\BaseModel->find('undefined')
#2 C:\xampp\htdocs\bpkad\system\CodeIgniter.php(824): App\Controllers\Tabel->edit('undefined')
#3 C:\xampp\htdocs\bpkad\system\CodeIgniter.php(410): CodeIgniter\CodeIgniter->runController(Object(App\Controllers\Tabel))
#4 C:\xampp\htdocs\bpkad\system\CodeIgniter.php(318): CodeIgniter\CodeIgniter->handleRequest(NULL, Object(Config\Cache), false)
#5 C:\xampp\htdocs\bpkad\public\index.php(37): CodeIgniter\CodeIgniter->run()
#6 C:\xampp\htdocs\bpkad\system\Commands\Server\rewrite.php(43): require_once('C:\\xampp\\htdocs...')
#7 {main}
ERROR - 2022-02-15 02:31:59 --> [Microsoft][ODBC Driver 17 for SQL Server][SQL Server]Conversion failed when converting the varchar value 'undefined' to data type int.
CRITICAL - 2022-02-15 02:31:59 --> Call to a member function getFirstRow() on bool
#0 C:\xampp\htdocs\bpkad\system\BaseModel.php(523): CodeIgniter\Model->doFind(true, 'undefined')
#1 C:\xampp\htdocs\bpkad\app\Controllers\Tabel.php(27): CodeIgniter\BaseModel->find('undefined')
#2 C:\xampp\htdocs\bpkad\system\CodeIgniter.php(824): App\Controllers\Tabel->edit('undefined')
#3 C:\xampp\htdocs\bpkad\system\CodeIgniter.php(410): CodeIgniter\CodeIgniter->runController(Object(App\Controllers\Tabel))
#4 C:\xampp\htdocs\bpkad\system\CodeIgniter.php(318): CodeIgniter\CodeIgniter->handleRequest(NULL, Object(Config\Cache), false)
#5 C:\xampp\htdocs\bpkad\public\index.php(37): CodeIgniter\CodeIgniter->run()
#6 C:\xampp\htdocs\bpkad\system\Commands\Server\rewrite.php(43): require_once('C:\\xampp\\htdocs...')
#7 {main}
ERROR - 2022-02-15 02:36:02 --> [Microsoft][ODBC Driver 17 for SQL Server][SQL Server]Conversion failed when converting the varchar value 'undefined' to data type int.
CRITICAL - 2022-02-15 02:36:02 --> Call to a member function getFirstRow() on bool
#0 C:\xampp\htdocs\bpkad\system\BaseModel.php(523): CodeIgniter\Model->doFind(true, 'undefined')
#1 C:\xampp\htdocs\bpkad\app\Controllers\Tabel.php(27): CodeIgniter\BaseModel->find('undefined')
#2 C:\xampp\htdocs\bpkad\system\CodeIgniter.php(824): App\Controllers\Tabel->edit('undefined')
#3 C:\xampp\htdocs\bpkad\system\CodeIgniter.php(410): CodeIgniter\CodeIgniter->runController(Object(App\Controllers\Tabel))
#4 C:\xampp\htdocs\bpkad\system\CodeIgniter.php(318): CodeIgniter\CodeIgniter->handleRequest(NULL, Object(Config\Cache), false)
#5 C:\xampp\htdocs\bpkad\public\index.php(37): CodeIgniter\CodeIgniter->run()
#6 C:\xampp\htdocs\bpkad\system\Commands\Server\rewrite.php(43): require_once('C:\\xampp\\htdocs...')
#7 {main}
ERROR - 2022-02-15 02:36:10 --> [Microsoft][ODBC Driver 17 for SQL Server][SQL Server]Conversion failed when converting the varchar value 'undefined' to data type int.
CRITICAL - 2022-02-15 02:36:10 --> Call to a member function getFirstRow() on bool
#0 C:\xampp\htdocs\bpkad\system\BaseModel.php(523): CodeIgniter\Model->doFind(true, 'undefined')
#1 C:\xampp\htdocs\bpkad\app\Controllers\Tabel.php(27): CodeIgniter\BaseModel->find('undefined')
#2 C:\xampp\htdocs\bpkad\system\CodeIgniter.php(824): App\Controllers\Tabel->edit('undefined')
#3 C:\xampp\htdocs\bpkad\system\CodeIgniter.php(410): CodeIgniter\CodeIgniter->runController(Object(App\Controllers\Tabel))
#4 C:\xampp\htdocs\bpkad\system\CodeIgniter.php(318): CodeIgniter\CodeIgniter->handleRequest(NULL, Object(Config\Cache), false)
#5 C:\xampp\htdocs\bpkad\public\index.php(37): CodeIgniter\CodeIgniter->run()
#6 C:\xampp\htdocs\bpkad\system\Commands\Server\rewrite.php(43): require_once('C:\\xampp\\htdocs...')
#7 {main}
ERROR - 2022-02-15 02:36:18 --> [Microsoft][ODBC Driver 17 for SQL Server][SQL Server]Conversion failed when converting the varchar value 'undefined' to data type int.
CRITICAL - 2022-02-15 02:36:18 --> Call to a member function getFirstRow() on bool
#0 C:\xampp\htdocs\bpkad\system\BaseModel.php(523): CodeIgniter\Model->doFind(true, 'undefined')
#1 C:\xampp\htdocs\bpkad\app\Controllers\Tabel.php(27): CodeIgniter\BaseModel->find('undefined')
#2 C:\xampp\htdocs\bpkad\system\CodeIgniter.php(824): App\Controllers\Tabel->edit('undefined')
#3 C:\xampp\htdocs\bpkad\system\CodeIgniter.php(410): CodeIgniter\CodeIgniter->runController(Object(App\Controllers\Tabel))
#4 C:\xampp\htdocs\bpkad\system\CodeIgniter.php(318): CodeIgniter\CodeIgniter->handleRequest(NULL, Object(Config\Cache), false)
#5 C:\xampp\htdocs\bpkad\public\index.php(37): CodeIgniter\CodeIgniter->run()
#6 C:\xampp\htdocs\bpkad\system\Commands\Server\rewrite.php(43): require_once('C:\\xampp\\htdocs...')
#7 {main}
ERROR - 2022-02-15 02:37:52 --> [Microsoft][ODBC Driver 17 for SQL Server][SQL Server]Conversion failed when converting the varchar value 'undefined' to data type int.
CRITICAL - 2022-02-15 02:37:52 --> Call to a member function getFirstRow() on bool
#0 C:\xampp\htdocs\bpkad\system\BaseModel.php(523): CodeIgniter\Model->doFind(true, 'undefined')
#1 C:\xampp\htdocs\bpkad\app\Controllers\Tabel.php(27): CodeIgniter\BaseModel->find('undefined')
#2 C:\xampp\htdocs\bpkad\system\CodeIgniter.php(824): App\Controllers\Tabel->edit('undefined')
#3 C:\xampp\htdocs\bpkad\system\CodeIgniter.php(410): CodeIgniter\CodeIgniter->runController(Object(App\Controllers\Tabel))
#4 C:\xampp\htdocs\bpkad\system\CodeIgniter.php(318): CodeIgniter\CodeIgniter->handleRequest(NULL, Object(Config\Cache), false)
#5 C:\xampp\htdocs\bpkad\public\index.php(37): CodeIgniter\CodeIgniter->run()
#6 C:\xampp\htdocs\bpkad\system\Commands\Server\rewrite.php(43): require_once('C:\\xampp\\htdocs...')
#7 {main}
ERROR - 2022-02-15 02:41:01 --> [Microsoft][ODBC Driver 17 for SQL Server][SQL Server]Conversion failed when converting the varchar value 'undefined' to data type int.
CRITICAL - 2022-02-15 02:41:01 --> Call to a member function getFirstRow() on bool
#0 C:\xampp\htdocs\bpkad\system\BaseModel.php(523): CodeIgniter\Model->doFind(true, 'undefined')
#1 C:\xampp\htdocs\bpkad\app\Controllers\Tabel.php(27): CodeIgniter\BaseModel->find('undefined')
#2 C:\xampp\htdocs\bpkad\system\CodeIgniter.php(824): App\Controllers\Tabel->edit('undefined')
#3 C:\xampp\htdocs\bpkad\system\CodeIgniter.php(410): CodeIgniter\CodeIgniter->runController(Object(App\Controllers\Tabel))
#4 C:\xampp\htdocs\bpkad\system\CodeIgniter.php(318): CodeIgniter\CodeIgniter->handleRequest(NULL, Object(Config\Cache), false)
#5 C:\xampp\htdocs\bpkad\public\index.php(37): CodeIgniter\CodeIgniter->run()
#6 C:\xampp\htdocs\bpkad\system\Commands\Server\rewrite.php(43): require_once('C:\\xampp\\htdocs...')
#7 {main}
ERROR - 2022-02-15 03:25:36 --> [Microsoft][ODBC Driver 17 for SQL Server][SQL Server]Invalid column name 'id'.
CRITICAL - 2022-02-15 03:25:36 --> Call to a member function getFirstRow() on bool
#0 C:\xampp\htdocs\bpkad\system\BaseModel.php(523): CodeIgniter\Model->doFind(true, '1')
#1 C:\xampp\htdocs\bpkad\app\Controllers\Tabel.php(77): CodeIgniter\BaseModel->find('1')
#2 C:\xampp\htdocs\bpkad\system\CodeIgniter.php(824): App\Controllers\Tabel->edit2('1')
#3 C:\xampp\htdocs\bpkad\system\CodeIgniter.php(410): CodeIgniter\CodeIgniter->runController(Object(App\Controllers\Tabel))
#4 C:\xampp\htdocs\bpkad\system\CodeIgniter.php(318): CodeIgniter\CodeIgniter->handleRequest(NULL, Object(Config\Cache), false)
#5 C:\xampp\htdocs\bpkad\public\index.php(37): CodeIgniter\CodeIgniter->run()
#6 C:\xampp\htdocs\bpkad\system\Commands\Server\rewrite.php(43): require_once('C:\\xampp\\htdocs...')
#7 {main}
ERROR - 2022-02-15 03:34:40 --> [Microsoft][ODBC Driver 17 for SQL Server][SQL Server]Conversion failed when converting the varchar value 'undefined' to data type int.
CRITICAL - 2022-02-15 03:34:40 --> Call to a member function getFirstRow() on bool
#0 C:\xampp\htdocs\bpkad\system\BaseModel.php(523): CodeIgniter\Model->doFind(true, 'undefined')
#1 C:\xampp\htdocs\bpkad\app\Controllers\Tabel.php(77): CodeIgniter\BaseModel->find('undefined')
#2 C:\xampp\htdocs\bpkad\system\CodeIgniter.php(824): App\Controllers\Tabel->edit2('undefined')
#3 C:\xampp\htdocs\bpkad\system\CodeIgniter.php(410): CodeIgniter\CodeIgniter->runController(Object(App\Controllers\Tabel))
#4 C:\xampp\htdocs\bpkad\system\CodeIgniter.php(318): CodeIgniter\CodeIgniter->handleRequest(NULL, Object(Config\Cache), false)
#5 C:\xampp\htdocs\bpkad\public\index.php(37): CodeIgniter\CodeIgniter->run()
#6 C:\xampp\htdocs\bpkad\system\Commands\Server\rewrite.php(43): require_once('C:\\xampp\\htdocs...')
#7 {main}
ERROR - 2022-02-15 03:34:47 --> [Microsoft][ODBC Driver 17 for SQL Server][SQL Server]Conversion failed when converting the varchar value 'undefined' to data type int.
CRITICAL - 2022-02-15 03:34:47 --> Call to a member function getFirstRow() on bool
#0 C:\xampp\htdocs\bpkad\system\BaseModel.php(523): CodeIgniter\Model->doFind(true, 'undefined')
#1 C:\xampp\htdocs\bpkad\app\Controllers\Tabel.php(77): CodeIgniter\BaseModel->find('undefined')
#2 C:\xampp\htdocs\bpkad\system\CodeIgniter.php(824): App\Controllers\Tabel->edit2('undefined')
#3 C:\xampp\htdocs\bpkad\system\CodeIgniter.php(410): CodeIgniter\CodeIgniter->runController(Object(App\Controllers\Tabel))
#4 C:\xampp\htdocs\bpkad\system\CodeIgniter.php(318): CodeIgniter\CodeIgniter->handleRequest(NULL, Object(Config\Cache), false)
#5 C:\xampp\htdocs\bpkad\public\index.php(37): CodeIgniter\CodeIgniter->run()
#6 C:\xampp\htdocs\bpkad\system\Commands\Server\rewrite.php(43): require_once('C:\\xampp\\htdocs...')
#7 {main}
ERROR - 2022-02-15 03:34:57 --> [Microsoft][ODBC Driver 17 for SQL Server][SQL Server]Conversion failed when converting the varchar value 'undefined' to data type int.
CRITICAL - 2022-02-15 03:34:57 --> Call to a member function getFirstRow() on bool
#0 C:\xampp\htdocs\bpkad\system\BaseModel.php(523): CodeIgniter\Model->doFind(true, 'undefined')
#1 C:\xampp\htdocs\bpkad\app\Controllers\Tabel.php(77): CodeIgniter\BaseModel->find('undefined')
#2 C:\xampp\htdocs\bpkad\system\CodeIgniter.php(824): App\Controllers\Tabel->edit2('undefined')
#3 C:\xampp\htdocs\bpkad\system\CodeIgniter.php(410): CodeIgniter\CodeIgniter->runController(Object(App\Controllers\Tabel))
#4 C:\xampp\htdocs\bpkad\system\CodeIgniter.php(318): CodeIgniter\CodeIgniter->handleRequest(NULL, Object(Config\Cache), false)
#5 C:\xampp\htdocs\bpkad\public\index.php(37): CodeIgniter\CodeIgniter->run()
#6 C:\xampp\htdocs\bpkad\system\Commands\Server\rewrite.php(43): require_once('C:\\xampp\\htdocs...')
#7 {main}
ERROR - 2022-02-15 20:37:45 --> [Microsoft][ODBC Driver 17 for SQL Server][SQL Server]Cannot insert explicit value for identity column in table 'kinerja_rinci' when IDENTITY_INSERT is set to OFF.
ERROR - 2022-02-15 20:38:25 --> [Microsoft][ODBC Driver 17 for SQL Server][SQL Server]Cannot insert explicit value for identity column in table 'kinerja_rinci' when IDENTITY_INSERT is set to OFF.
ERROR - 2022-02-15 20:39:19 --> [Microsoft][ODBC Driver 17 for SQL Server][SQL Server]Cannot insert explicit value for identity column in table 'kinerja_rinci' when IDENTITY_INSERT is set to OFF.
ERROR - 2022-02-15 20:42:40 --> [Microsoft][ODBC Driver 17 for SQL Server][SQL Server]Cannot update identity column 'id'.
ERROR - 2022-02-15 20:43:22 --> [Microsoft][ODBC Driver 17 for SQL Server][SQL Server]Cannot update identity column 'id'.
ERROR - 2022-02-15 20:59:19 --> [Microsoft][ODBC Driver 17 for SQL Server][SQL Server]Cannot update identity column 'id'.
ERROR - 2022-02-15 21:01:12 --> [Microsoft][ODBC Driver 17 for SQL Server][SQL Server]Cannot update identity column 'id'.
ERROR - 2022-02-15 21:02:45 --> [Microsoft][ODBC Driver 17 for SQL Server][SQL Server]Cannot insert explicit value for identity column in table 'kinerja_rinci' when IDENTITY_INSERT is set to OFF.
CRITICAL - 2022-02-15 21:44:30 --> Too few arguments to function App\Controllers\Admin::edit(), 0 passed in C:\xampp\htdocs\bpkad\system\CodeIgniter.php on line 824 and exactly 1 expected
#0 C:\xampp\htdocs\bpkad\system\CodeIgniter.php(824): App\Controllers\Admin->edit()
#1 C:\xampp\htdocs\bpkad\system\CodeIgniter.php(410): CodeIgniter\CodeIgniter->runController(Object(App\Controllers\Admin))
#2 C:\xampp\htdocs\bpkad\system\CodeIgniter.php(318): CodeIgniter\CodeIgniter->handleRequest(NULL, Object(Config\Cache), false)
#3 C:\xampp\htdocs\bpkad\public\index.php(37): CodeIgniter\CodeIgniter->run()
#4 C:\xampp\htdocs\bpkad\system\Commands\Server\rewrite.php(43): require_once('C:\\xampp\\htdocs...')
#5 {main}
CRITICAL - 2022-02-15 21:50:27 --> Too few arguments to function App\Controllers\Edit::EditSKPD(), 0 passed in C:\xampp\htdocs\bpkad\system\CodeIgniter.php on line 824 and exactly 1 expected
#0 C:\xampp\htdocs\bpkad\system\CodeIgniter.php(824): App\Controllers\Edit->EditSKPD()
#1 C:\xampp\htdocs\bpkad\system\CodeIgniter.php(410): CodeIgniter\CodeIgniter->runController(Object(App\Controllers\Edit))
#2 C:\xampp\htdocs\bpkad\system\CodeIgniter.php(318): CodeIgniter\CodeIgniter->handleRequest(NULL, Object(Config\Cache), false)
#3 C:\xampp\htdocs\bpkad\public\index.php(37): CodeIgniter\CodeIgniter->run()
#4 C:\xampp\htdocs\bpkad\system\Commands\Server\rewrite.php(43): require_once('C:\\xampp\\htdocs...')
#5 {main}
CRITICAL - 2022-02-15 22:18:21 --> Too few arguments to function App\Controllers\Edit::hapus(), 1 passed in C:\xampp\htdocs\bpkad\system\CodeIgniter.php on line 824 and exactly 2 expected
#0 C:\xampp\htdocs\bpkad\system\CodeIgniter.php(824): App\Controllers\Edit->hapus('3844')
#1 C:\xampp\htdocs\bpkad\system\CodeIgniter.php(410): CodeIgniter\CodeIgniter->runController(Object(App\Controllers\Edit))
#2 C:\xampp\htdocs\bpkad\system\CodeIgniter.php(318): CodeIgniter\CodeIgniter->handleRequest(NULL, Object(Config\Cache), false)
#3 C:\xampp\htdocs\bpkad\public\index.php(37): CodeIgniter\CodeIgniter->run()
#4 C:\xampp\htdocs\bpkad\system\Commands\Server\rewrite.php(43): require_once('C:\\xampp\\htdocs...')
#5 {main}
CRITICAL - 2022-02-15 22:19:36 --> Too few arguments to function App\Controllers\Edit::EditSKPD(), 0 passed in C:\xampp\htdocs\bpkad\system\CodeIgniter.php on line 824 and exactly 1 expected
#0 C:\xampp\htdocs\bpkad\system\CodeIgniter.php(824): App\Controllers\Edit->EditSKPD()
#1 C:\xampp\htdocs\bpkad\system\CodeIgniter.php(410): CodeIgniter\CodeIgniter->runController(Object(App\Controllers\Edit))
#2 C:\xampp\htdocs\bpkad\system\CodeIgniter.php(318): CodeIgniter\CodeIgniter->handleRequest(NULL, Object(Config\Cache), false)
#3 C:\xampp\htdocs\bpkad\public\index.php(37): CodeIgniter\CodeIgniter->run()
#4 C:\xampp\htdocs\bpkad\system\Commands\Server\rewrite.php(43): require_once('C:\\xampp\\htdocs...')
#5 {main}
CRITICAL - 2022-02-15 22:37:47 --> Too few arguments to function App\Controllers\Edit::EditSKPD(), 0 passed in C:\xampp\htdocs\bpkad\system\CodeIgniter.php on line 824 and exactly 1 expected
#0 C:\xampp\htdocs\bpkad\system\CodeIgniter.php(824): App\Controllers\Edit->EditSKPD()
#1 C:\xampp\htdocs\bpkad\system\CodeIgniter.php(410): CodeIgniter\CodeIgniter->runController(Object(App\Controllers\Edit))
#2 C:\xampp\htdocs\bpkad\system\CodeIgniter.php(318): CodeIgniter\CodeIgniter->handleRequest(NULL, Object(Config\Cache), false)
#3 C:\xampp\htdocs\bpkad\public\index.php(37): CodeIgniter\CodeIgniter->run()
#4 C:\xampp\htdocs\bpkad\system\Commands\Server\rewrite.php(43): require_once('C:\\xampp\\htdocs...')
#5 {main}
CRITICAL - 2022-02-15 22:49:03 --> Too few arguments to function App\Controllers\Edit::EditSKPD(), 0 passed in C:\xampp\htdocs\bpkad\system\CodeIgniter.php on line 824 and exactly 1 expected
#0 C:\xampp\htdocs\bpkad\system\CodeIgniter.php(824): App\Controllers\Edit->EditSKPD()
#1 C:\xampp\htdocs\bpkad\system\CodeIgniter.php(410): CodeIgniter\CodeIgniter->runController(Object(App\Controllers\Edit))
#2 C:\xampp\htdocs\bpkad\system\CodeIgniter.php(318): CodeIgniter\CodeIgniter->handleRequest(NULL, Object(Config\Cache), false)
#3 C:\xampp\htdocs\bpkad\public\index.php(37): CodeIgniter\CodeIgniter->run()
#4 C:\xampp\htdocs\bpkad\system\Commands\Server\rewrite.php(43): require_once('C:\\xampp\\htdocs...')
#5 {main}
