CRITICAL - 2022-02-03 00:50:24 --> Call to undefined method App\Models\ModelTabel::NOT
#0 C:\xampp\htdocs\bpkad\app\Models\ModelTabel.php(70): CodeIgniter\Model->__call('NOT', Array)
#1 C:\xampp\htdocs\bpkad\app\Views\tabel\print.php(146): App\Models\ModelTabel->get_sub_kegiatan(Object(stdClass))
#2 C:\xampp\htdocs\bpkad\system\View\View.php(214): include('C:\\xampp\\htdocs...')
#3 C:\xampp\htdocs\bpkad\system\View\View.php(217): CodeIgniter\View\View->CodeIgniter\View\{closure}()
#4 C:\xampp\htdocs\bpkad\system\Common.php(1097): CodeIgniter\View\View->render('tabel/print', Array, true)
#5 C:\xampp\htdocs\bpkad\app\Controllers\Cetak.php(23): view('tabel/print', Array)
#6 C:\xampp\htdocs\bpkad\system\CodeIgniter.php(824): App\Controllers\Cetak->index()
#7 C:\xampp\htdocs\bpkad\system\CodeIgniter.php(410): CodeIgniter\CodeIgniter->runController(Object(App\Controllers\Cetak))
#8 C:\xampp\htdocs\bpkad\system\CodeIgniter.php(318): CodeIgniter\CodeIgniter->handleRequest(NULL, Object(Config\Cache), false)
#9 C:\xampp\htdocs\bpkad\public\index.php(37): CodeIgniter\CodeIgniter->run()
#10 C:\xampp\htdocs\bpkad\system\Commands\Server\rewrite.php(43): require_once('C:\\xampp\\htdocs...')
#11 {main}
CRITICAL - 2022-02-03 00:50:26 --> Call to undefined method App\Models\ModelTabel::NOT
#0 C:\xampp\htdocs\bpkad\app\Models\ModelTabel.php(70): CodeIgniter\Model->__call('NOT', Array)
#1 C:\xampp\htdocs\bpkad\app\Views\tabel\index2.php(87): App\Models\ModelTabel->get_sub_kegiatan(Object(stdClass))
#2 C:\xampp\htdocs\bpkad\system\View\View.php(214): include('C:\\xampp\\htdocs...')
#3 C:\xampp\htdocs\bpkad\system\View\View.php(217): CodeIgniter\View\View->CodeIgniter\View\{closure}()
#4 C:\xampp\htdocs\bpkad\system\Common.php(1097): CodeIgniter\View\View->render('tabel/index2', Array, true)
#5 C:\xampp\htdocs\bpkad\app\Controllers\Tabel.php(22): view('tabel/index2', Array)
#6 C:\xampp\htdocs\bpkad\system\CodeIgniter.php(824): App\Controllers\Tabel->index()
#7 C:\xampp\htdocs\bpkad\system\CodeIgniter.php(410): CodeIgniter\CodeIgniter->runController(Object(App\Controllers\Tabel))
#8 C:\xampp\htdocs\bpkad\system\CodeIgniter.php(318): CodeIgniter\CodeIgniter->handleRequest(NULL, Object(Config\Cache), false)
#9 C:\xampp\htdocs\bpkad\public\index.php(37): CodeIgniter\CodeIgniter->run()
#10 C:\xampp\htdocs\bpkad\system\Commands\Server\rewrite.php(43): require_once('C:\\xampp\\htdocs...')
#11 {main}
CRITICAL - 2022-02-03 00:50:40 --> Call to undefined method App\Models\ModelTabel::NOT
#0 C:\xampp\htdocs\bpkad\app\Models\ModelTabel.php(70): CodeIgniter\Model->__call('NOT', Array)
#1 C:\xampp\htdocs\bpkad\app\Views\tabel\index2.php(87): App\Models\ModelTabel->get_sub_kegiatan(Object(stdClass))
#2 C:\xampp\htdocs\bpkad\system\View\View.php(214): include('C:\\xampp\\htdocs...')
#3 C:\xampp\htdocs\bpkad\system\View\View.php(217): CodeIgniter\View\View->CodeIgniter\View\{closure}()
#4 C:\xampp\htdocs\bpkad\system\Common.php(1097): CodeIgniter\View\View->render('tabel/index2', Array, true)
#5 C:\xampp\htdocs\bpkad\app\Controllers\Tabel.php(22): view('tabel/index2', Array)
#6 C:\xampp\htdocs\bpkad\system\CodeIgniter.php(824): App\Controllers\Tabel->index()
#7 C:\xampp\htdocs\bpkad\system\CodeIgniter.php(410): CodeIgniter\CodeIgniter->runController(Object(App\Controllers\Tabel))
#8 C:\xampp\htdocs\bpkad\system\CodeIgniter.php(318): CodeIgniter\CodeIgniter->handleRequest(NULL, Object(Config\Cache), false)
#9 C:\xampp\htdocs\bpkad\public\index.php(37): CodeIgniter\CodeIgniter->run()
#10 C:\xampp\htdocs\bpkad\system\Commands\Server\rewrite.php(43): require_once('C:\\xampp\\htdocs...')
#11 {main}
CRITICAL - 2022-02-03 00:51:25 --> Call to undefined method App\Models\ModelTabel::NOT
#0 C:\xampp\htdocs\bpkad\app\Models\ModelTabel.php(70): CodeIgniter\Model->__call('NOT', Array)
#1 C:\xampp\htdocs\bpkad\app\Views\tabel\index2.php(87): App\Models\ModelTabel->get_sub_kegiatan(Object(stdClass))
#2 C:\xampp\htdocs\bpkad\system\View\View.php(214): include('C:\\xampp\\htdocs...')
#3 C:\xampp\htdocs\bpkad\system\View\View.php(217): CodeIgniter\View\View->CodeIgniter\View\{closure}()
#4 C:\xampp\htdocs\bpkad\system\Common.php(1097): CodeIgniter\View\View->render('tabel/index2', Array, true)
#5 C:\xampp\htdocs\bpkad\app\Controllers\Tabel.php(22): view('tabel/index2', Array)
#6 C:\xampp\htdocs\bpkad\system\CodeIgniter.php(824): App\Controllers\Tabel->index()
#7 C:\xampp\htdocs\bpkad\system\CodeIgniter.php(410): CodeIgniter\CodeIgniter->runController(Object(App\Controllers\Tabel))
#8 C:\xampp\htdocs\bpkad\system\CodeIgniter.php(318): CodeIgniter\CodeIgniter->handleRequest(NULL, Object(Config\Cache), false)
#9 C:\xampp\htdocs\bpkad\public\index.php(37): CodeIgniter\CodeIgniter->run()
#10 C:\xampp\htdocs\bpkad\system\Commands\Server\rewrite.php(43): require_once('C:\\xampp\\htdocs...')
#11 {main}
CRITICAL - 2022-02-03 00:51:27 --> Call to undefined method App\Models\ModelTabel::NOT
#0 C:\xampp\htdocs\bpkad\app\Models\ModelTabel.php(70): CodeIgniter\Model->__call('NOT', Array)
#1 C:\xampp\htdocs\bpkad\app\Views\tabel\index2.php(87): App\Models\ModelTabel->get_sub_kegiatan(Object(stdClass))
#2 C:\xampp\htdocs\bpkad\system\View\View.php(214): include('C:\\xampp\\htdocs...')
#3 C:\xampp\htdocs\bpkad\system\View\View.php(217): CodeIgniter\View\View->CodeIgniter\View\{closure}()
#4 C:\xampp\htdocs\bpkad\system\Common.php(1097): CodeIgniter\View\View->render('tabel/index2', Array, true)
#5 C:\xampp\htdocs\bpkad\app\Controllers\Tabel.php(22): view('tabel/index2', Array)
#6 C:\xampp\htdocs\bpkad\system\CodeIgniter.php(824): App\Controllers\Tabel->index()
#7 C:\xampp\htdocs\bpkad\system\CodeIgniter.php(410): CodeIgniter\CodeIgniter->runController(Object(App\Controllers\Tabel))
#8 C:\xampp\htdocs\bpkad\system\CodeIgniter.php(318): CodeIgniter\CodeIgniter->handleRequest(NULL, Object(Config\Cache), false)
#9 C:\xampp\htdocs\bpkad\public\index.php(37): CodeIgniter\CodeIgniter->run()
#10 C:\xampp\htdocs\bpkad\system\Commands\Server\rewrite.php(43): require_once('C:\\xampp\\htdocs...')
#11 {main}
CRITICAL - 2022-02-03 00:53:28 --> Call to undefined method App\Models\ModelTabel::NOT
#0 C:\xampp\htdocs\bpkad\app\Models\ModelTabel.php(70): CodeIgniter\Model->__call('NOT', Array)
#1 C:\xampp\htdocs\bpkad\app\Views\tabel\print.php(146): App\Models\ModelTabel->get_sub_kegiatan(Object(stdClass))
#2 C:\xampp\htdocs\bpkad\system\View\View.php(214): include('C:\\xampp\\htdocs...')
#3 C:\xampp\htdocs\bpkad\system\View\View.php(217): CodeIgniter\View\View->CodeIgniter\View\{closure}()
#4 C:\xampp\htdocs\bpkad\system\Common.php(1097): CodeIgniter\View\View->render('tabel/print', Array, true)
#5 C:\xampp\htdocs\bpkad\app\Controllers\Cetak.php(23): view('tabel/print', Array)
#6 C:\xampp\htdocs\bpkad\system\CodeIgniter.php(824): App\Controllers\Cetak->index()
#7 C:\xampp\htdocs\bpkad\system\CodeIgniter.php(410): CodeIgniter\CodeIgniter->runController(Object(App\Controllers\Cetak))
#8 C:\xampp\htdocs\bpkad\system\CodeIgniter.php(318): CodeIgniter\CodeIgniter->handleRequest(NULL, Object(Config\Cache), false)
#9 C:\xampp\htdocs\bpkad\public\index.php(37): CodeIgniter\CodeIgniter->run()
#10 C:\xampp\htdocs\bpkad\system\Commands\Server\rewrite.php(43): require_once('C:\\xampp\\htdocs...')
#11 {main}
CRITICAL - 2022-02-03 00:55:24 --> whereNotIn() expects $values to be of type array or closure
#0 C:\xampp\htdocs\bpkad\system\Database\BaseBuilder.php(746): CodeIgniter\Database\BaseBuilder->_whereIn('Anggaran', 0, true, 'AND ', NULL)
#1 C:\xampp\htdocs\bpkad\system\Model.php(723): CodeIgniter\Database\BaseBuilder->whereNotIn('Anggaran', 0)
#2 C:\xampp\htdocs\bpkad\app\Models\ModelTabel.php(70): CodeIgniter\Model->__call('whereNotIn', Array)
#3 C:\xampp\htdocs\bpkad\app\Views\tabel\index2.php(87): App\Models\ModelTabel->get_sub_kegiatan(Object(stdClass))
#4 C:\xampp\htdocs\bpkad\system\View\View.php(214): include('C:\\xampp\\htdocs...')
#5 C:\xampp\htdocs\bpkad\system\View\View.php(217): CodeIgniter\View\View->CodeIgniter\View\{closure}()
#6 C:\xampp\htdocs\bpkad\system\Common.php(1097): CodeIgniter\View\View->render('tabel/index2', Array, true)
#7 C:\xampp\htdocs\bpkad\app\Controllers\Tabel.php(22): view('tabel/index2', Array)
#8 C:\xampp\htdocs\bpkad\system\CodeIgniter.php(824): App\Controllers\Tabel->index()
#9 C:\xampp\htdocs\bpkad\system\CodeIgniter.php(410): CodeIgniter\CodeIgniter->runController(Object(App\Controllers\Tabel))
#10 C:\xampp\htdocs\bpkad\system\CodeIgniter.php(318): CodeIgniter\CodeIgniter->handleRequest(NULL, Object(Config\Cache), false)
#11 C:\xampp\htdocs\bpkad\public\index.php(37): CodeIgniter\CodeIgniter->run()
#12 C:\xampp\htdocs\bpkad\system\Commands\Server\rewrite.php(43): require_once('C:\\xampp\\htdocs...')
#13 {main}
CRITICAL - 2022-02-03 00:57:08 --> Call to undefined method App\Models\ModelTabel::NOT
#0 C:\xampp\htdocs\bpkad\app\Models\ModelTabel.php(70): CodeIgniter\Model->__call('NOT', Array)
#1 C:\xampp\htdocs\bpkad\app\Views\tabel\index2.php(87): App\Models\ModelTabel->get_sub_kegiatan(Object(stdClass))
#2 C:\xampp\htdocs\bpkad\system\View\View.php(214): include('C:\\xampp\\htdocs...')
#3 C:\xampp\htdocs\bpkad\system\View\View.php(217): CodeIgniter\View\View->CodeIgniter\View\{closure}()
#4 C:\xampp\htdocs\bpkad\system\Common.php(1097): CodeIgniter\View\View->render('tabel/index2', Array, true)
#5 C:\xampp\htdocs\bpkad\app\Controllers\Tabel.php(22): view('tabel/index2', Array)
#6 C:\xampp\htdocs\bpkad\system\CodeIgniter.php(824): App\Controllers\Tabel->index()
#7 C:\xampp\htdocs\bpkad\system\CodeIgniter.php(410): CodeIgniter\CodeIgniter->runController(Object(App\Controllers\Tabel))
#8 C:\xampp\htdocs\bpkad\system\CodeIgniter.php(318): CodeIgniter\CodeIgniter->handleRequest(NULL, Object(Config\Cache), false)
#9 C:\xampp\htdocs\bpkad\public\index.php(37): CodeIgniter\CodeIgniter->run()
#10 C:\xampp\htdocs\bpkad\system\Commands\Server\rewrite.php(43): require_once('C:\\xampp\\htdocs...')
#11 {main}
CRITICAL - 2022-02-03 00:57:47 --> Call to undefined method App\Models\ModelTabel::NOT
#0 C:\xampp\htdocs\bpkad\app\Models\ModelTabel.php(70): CodeIgniter\Model->__call('NOT', Array)
#1 C:\xampp\htdocs\bpkad\app\Views\tabel\print.php(146): App\Models\ModelTabel->get_sub_kegiatan(Object(stdClass))
#2 C:\xampp\htdocs\bpkad\system\View\View.php(214): include('C:\\xampp\\htdocs...')
#3 C:\xampp\htdocs\bpkad\system\View\View.php(217): CodeIgniter\View\View->CodeIgniter\View\{closure}()
#4 C:\xampp\htdocs\bpkad\system\Common.php(1097): CodeIgniter\View\View->render('tabel/print', Array, true)
#5 C:\xampp\htdocs\bpkad\app\Controllers\Cetak.php(23): view('tabel/print', Array)
#6 C:\xampp\htdocs\bpkad\system\CodeIgniter.php(824): App\Controllers\Cetak->index()
#7 C:\xampp\htdocs\bpkad\system\CodeIgniter.php(410): CodeIgniter\CodeIgniter->runController(Object(App\Controllers\Cetak))
#8 C:\xampp\htdocs\bpkad\system\CodeIgniter.php(318): CodeIgniter\CodeIgniter->handleRequest(NULL, Object(Config\Cache), false)
#9 C:\xampp\htdocs\bpkad\public\index.php(37): CodeIgniter\CodeIgniter->run()
#10 C:\xampp\htdocs\bpkad\system\Commands\Server\rewrite.php(43): require_once('C:\\xampp\\htdocs...')
#11 {main}
CRITICAL - 2022-02-03 01:01:02 --> orWhereNotIn() expects $values to be of type array or closure
#0 C:\xampp\htdocs\bpkad\system\Database\BaseBuilder.php(759): CodeIgniter\Database\BaseBuilder->_whereIn('Anggaran', 0, true, 'OR ', NULL)
#1 C:\xampp\htdocs\bpkad\system\Model.php(723): CodeIgniter\Database\BaseBuilder->orWhereNotIn('Anggaran', 0)
#2 C:\xampp\htdocs\bpkad\app\Models\ModelTabel.php(70): CodeIgniter\Model->__call('orWhereNotIn', Array)
#3 C:\xampp\htdocs\bpkad\app\Views\tabel\index2.php(87): App\Models\ModelTabel->get_sub_kegiatan(Object(stdClass))
#4 C:\xampp\htdocs\bpkad\system\View\View.php(214): include('C:\\xampp\\htdocs...')
#5 C:\xampp\htdocs\bpkad\system\View\View.php(217): CodeIgniter\View\View->CodeIgniter\View\{closure}()
#6 C:\xampp\htdocs\bpkad\system\Common.php(1097): CodeIgniter\View\View->render('tabel/index2', Array, true)
#7 C:\xampp\htdocs\bpkad\app\Controllers\Tabel.php(22): view('tabel/index2', Array)
#8 C:\xampp\htdocs\bpkad\system\CodeIgniter.php(824): App\Controllers\Tabel->index()
#9 C:\xampp\htdocs\bpkad\system\CodeIgniter.php(410): CodeIgniter\CodeIgniter->runController(Object(App\Controllers\Tabel))
#10 C:\xampp\htdocs\bpkad\system\CodeIgniter.php(318): CodeIgniter\CodeIgniter->handleRequest(NULL, Object(Config\Cache), false)
#11 C:\xampp\htdocs\bpkad\public\index.php(37): CodeIgniter\CodeIgniter->run()
#12 C:\xampp\htdocs\bpkad\system\Commands\Server\rewrite.php(43): require_once('C:\\xampp\\htdocs...')
#13 {main}
