CRITICAL - 2022-01-19 14:19:54 --> The framework needs the following extension(s) installed and loaded: intl.
#0 C:\xampp\htdocs\bpkad\system\CodeIgniter.php(219): CodeIgniter\Exceptions\FrameworkException::forMissingExtension('intl')
#1 C:\xampp\htdocs\bpkad\system\CodeIgniter.php(177): CodeIgniter\CodeIgniter->resolvePlatformExtensions()
#2 C:\xampp\htdocs\bpkad\system\bootstrap.php(146): CodeIgniter\CodeIgniter->initialize()
#3 C:\xampp\htdocs\bpkad\spark(45): require('C:\\xampp\\htdocs...')
#4 {main}
CRITICAL - 2022-01-19 14:20:22 --> The framework needs the following extension(s) installed and loaded: intl.
#0 C:\xampp\htdocs\bpkad\system\CodeIgniter.php(219): CodeIgniter\Exceptions\FrameworkException::forMissingExtension('intl')
#1 C:\xampp\htdocs\bpkad\system\CodeIgniter.php(177): CodeIgniter\CodeIgniter->resolvePlatformExtensions()
#2 C:\xampp\htdocs\bpkad\system\bootstrap.php(146): CodeIgniter\CodeIgniter->initialize()
#3 C:\xampp\htdocs\bpkad\public\index.php(28): require('C:\\xampp\\htdocs...')
#4 {main}
CRITICAL - 2022-01-19 19:03:13 --> syntax error, unexpected end of file
#0 C:\xampp\htdocs\bpkad\system\View\View.php(217): CodeIgniter\View\View->CodeIgniter\View\{closure}()
#1 C:\xampp\htdocs\bpkad\system\Common.php(1097): CodeIgniter\View\View->render('\\App\\Views\\Auth...', Array, true)
#2 C:\xampp\htdocs\bpkad\vendor\myth\auth\src\Controllers\AuthController.php(429): view('\\App\\Views\\Auth...', Array)
#3 C:\xampp\htdocs\bpkad\vendor\myth\auth\src\Controllers\AuthController.php(57): Myth\Auth\Controllers\AuthController->_render('\\App\\Views\\Auth...', Array)
#4 C:\xampp\htdocs\bpkad\system\CodeIgniter.php(824): Myth\Auth\Controllers\AuthController->login()
#5 C:\xampp\htdocs\bpkad\system\CodeIgniter.php(410): CodeIgniter\CodeIgniter->runController(Object(Myth\Auth\Controllers\AuthController))
#6 C:\xampp\htdocs\bpkad\system\CodeIgniter.php(318): CodeIgniter\CodeIgniter->handleRequest(NULL, Object(Config\Cache), false)
#7 C:\xampp\htdocs\bpkad\public\index.php(37): CodeIgniter\CodeIgniter->run()
#8 C:\xampp\htdocs\bpkad\system\Commands\Server\rewrite.php(43): require_once('C:\\xampp\\htdocs...')
#9 {main}
CRITICAL - 2022-01-19 19:31:07 --> Class name must be a valid object or a string
#0 C:\xampp\htdocs\bpkad\system\Config\BaseService.php(248): Myth\Auth\Config\Services::activator(Object(Myth\Auth\Config\Auth), false)
#1 C:\xampp\htdocs\bpkad\system\Config\BaseService.php(189): CodeIgniter\Config\BaseService::__callStatic('activator', Array)
#2 C:\xampp\htdocs\bpkad\vendor\myth\auth\src\Config\Services.php(86): CodeIgniter\Config\BaseService::getSharedInstance('activator', NULL)
#3 C:\xampp\htdocs\bpkad\system\Config\BaseService.php(248): Myth\Auth\Config\Services::activator()
#4 C:\xampp\htdocs\bpkad\system\Common.php(937): CodeIgniter\Config\BaseService::__callStatic('activator', Array)
#5 C:\xampp\htdocs\bpkad\vendor\myth\auth\src\Controllers\AuthController.php(195): service('activator')
#6 C:\xampp\htdocs\bpkad\system\CodeIgniter.php(824): Myth\Auth\Controllers\AuthController->attemptRegister()
#7 C:\xampp\htdocs\bpkad\system\CodeIgniter.php(410): CodeIgniter\CodeIgniter->runController(Object(Myth\Auth\Controllers\AuthController))
#8 C:\xampp\htdocs\bpkad\system\CodeIgniter.php(318): CodeIgniter\CodeIgniter->handleRequest(NULL, Object(Config\Cache), false)
#9 C:\xampp\htdocs\bpkad\public\index.php(37): CodeIgniter\CodeIgniter->run()
#10 C:\xampp\htdocs\bpkad\system\Commands\Server\rewrite.php(43): require_once('C:\\xampp\\htdocs...')
#11 {main}
CRITICAL - 2022-01-19 19:40:34 --> Class name must be a valid object or a string
#0 C:\xampp\htdocs\bpkad\system\Config\BaseService.php(248): Myth\Auth\Config\Services::activator(Object(Myth\Auth\Config\Auth), false)
#1 C:\xampp\htdocs\bpkad\system\Config\BaseService.php(189): CodeIgniter\Config\BaseService::__callStatic('activator', Array)
#2 C:\xampp\htdocs\bpkad\vendor\myth\auth\src\Config\Services.php(86): CodeIgniter\Config\BaseService::getSharedInstance('activator', NULL)
#3 C:\xampp\htdocs\bpkad\system\Config\BaseService.php(248): Myth\Auth\Config\Services::activator()
#4 C:\xampp\htdocs\bpkad\system\Common.php(937): CodeIgniter\Config\BaseService::__callStatic('activator', Array)
#5 C:\xampp\htdocs\bpkad\vendor\myth\auth\src\Controllers\AuthController.php(195): service('activator')
#6 C:\xampp\htdocs\bpkad\system\CodeIgniter.php(824): Myth\Auth\Controllers\AuthController->attemptRegister()
#7 C:\xampp\htdocs\bpkad\system\CodeIgniter.php(410): CodeIgniter\CodeIgniter->runController(Object(Myth\Auth\Controllers\AuthController))
#8 C:\xampp\htdocs\bpkad\system\CodeIgniter.php(318): CodeIgniter\CodeIgniter->handleRequest(NULL, Object(Config\Cache), false)
#9 C:\xampp\htdocs\bpkad\public\index.php(37): CodeIgniter\CodeIgniter->run()
#10 C:\xampp\htdocs\bpkad\system\Commands\Server\rewrite.php(43): require_once('C:\\xampp\\htdocs...')
#11 {main}
CRITICAL - 2022-01-19 19:43:34 --> Class name must be a valid object or a string
#0 C:\xampp\htdocs\bpkad\system\Config\BaseService.php(248): Myth\Auth\Config\Services::activator(Object(Myth\Auth\Config\Auth), false)
#1 C:\xampp\htdocs\bpkad\system\Config\BaseService.php(189): CodeIgniter\Config\BaseService::__callStatic('activator', Array)
#2 C:\xampp\htdocs\bpkad\vendor\myth\auth\src\Config\Services.php(86): CodeIgniter\Config\BaseService::getSharedInstance('activator', NULL)
#3 C:\xampp\htdocs\bpkad\system\Config\BaseService.php(248): Myth\Auth\Config\Services::activator()
#4 C:\xampp\htdocs\bpkad\system\Common.php(937): CodeIgniter\Config\BaseService::__callStatic('activator', Array)
#5 C:\xampp\htdocs\bpkad\vendor\myth\auth\src\Controllers\AuthController.php(195): service('activator')
#6 C:\xampp\htdocs\bpkad\system\CodeIgniter.php(824): Myth\Auth\Controllers\AuthController->attemptRegister()
#7 C:\xampp\htdocs\bpkad\system\CodeIgniter.php(410): CodeIgniter\CodeIgniter->runController(Object(Myth\Auth\Controllers\AuthController))
#8 C:\xampp\htdocs\bpkad\system\CodeIgniter.php(318): CodeIgniter\CodeIgniter->handleRequest(NULL, Object(Config\Cache), false)
#9 C:\xampp\htdocs\bpkad\public\index.php(37): CodeIgniter\CodeIgniter->run()
#10 C:\xampp\htdocs\bpkad\system\Commands\Server\rewrite.php(43): require_once('C:\\xampp\\htdocs...')
#11 {main}
CRITICAL - 2022-01-19 20:19:17 --> You do not have sufficient permissions to access that page.
#0 C:\xampp\htdocs\bpkad\system\Filters\Filters.php(173): Myth\Auth\Filters\RoleFilter->before(Object(CodeIgniter\HTTP\IncomingRequest), Array)
#1 C:\xampp\htdocs\bpkad\system\CodeIgniter.php(384): CodeIgniter\Filters\Filters->run('admin/index', 'before')
#2 C:\xampp\htdocs\bpkad\system\CodeIgniter.php(318): CodeIgniter\CodeIgniter->handleRequest(NULL, Object(Config\Cache), false)
#3 C:\xampp\htdocs\bpkad\public\index.php(37): CodeIgniter\CodeIgniter->run()
#4 C:\xampp\htdocs\bpkad\system\Commands\Server\rewrite.php(43): require_once('C:\\xampp\\htdocs...')
#5 {main}
CRITICAL - 2022-01-19 20:21:38 --> You do not have sufficient permissions to access that page.
#0 C:\xampp\htdocs\bpkad\system\Filters\Filters.php(173): Myth\Auth\Filters\RoleFilter->before(Object(CodeIgniter\HTTP\IncomingRequest), Array)
#1 C:\xampp\htdocs\bpkad\system\CodeIgniter.php(384): CodeIgniter\Filters\Filters->run('admin/index', 'before')
#2 C:\xampp\htdocs\bpkad\system\CodeIgniter.php(318): CodeIgniter\CodeIgniter->handleRequest(NULL, Object(Config\Cache), false)
#3 C:\xampp\htdocs\bpkad\public\index.php(37): CodeIgniter\CodeIgniter->run()
#4 C:\xampp\htdocs\bpkad\system\Commands\Server\rewrite.php(43): require_once('C:\\xampp\\htdocs...')
#5 {main}
CRITICAL - 2022-01-19 20:35:46 --> Undefined variable: title
#0 C:\xampp\htdocs\bpkad\app\Views\templates\index.php(12): CodeIgniter\Debug\Exceptions->errorHandler(8, 'Undefined varia...', 'C:\\xampp\\htdocs...', 12, Array)
#1 C:\xampp\htdocs\bpkad\system\View\View.php(214): include('C:\\xampp\\htdocs...')
#2 C:\xampp\htdocs\bpkad\system\View\View.php(217): CodeIgniter\View\View->CodeIgniter\View\{closure}()
#3 C:\xampp\htdocs\bpkad\system\View\View.php(230): CodeIgniter\View\View->render('templates/index', Array, true)
#4 C:\xampp\htdocs\bpkad\system\Common.php(1097): CodeIgniter\View\View->render('user/index', Array, true)
#5 C:\xampp\htdocs\bpkad\app\Controllers\User.php(9): view('user/index')
#6 C:\xampp\htdocs\bpkad\system\CodeIgniter.php(824): App\Controllers\user->index()
#7 C:\xampp\htdocs\bpkad\system\CodeIgniter.php(410): CodeIgniter\CodeIgniter->runController(Object(App\Controllers\user))
#8 C:\xampp\htdocs\bpkad\system\CodeIgniter.php(318): CodeIgniter\CodeIgniter->handleRequest(NULL, Object(Config\Cache), false)
#9 C:\xampp\htdocs\bpkad\public\index.php(37): CodeIgniter\CodeIgniter->run()
#10 C:\xampp\htdocs\bpkad\system\Commands\Server\rewrite.php(43): require_once('C:\\xampp\\htdocs...')
#11 {main}
CRITICAL - 2022-01-19 20:36:46 --> Undefined variable: title
#0 C:\xampp\htdocs\bpkad\app\Views\templates\index.php(12): CodeIgniter\Debug\Exceptions->errorHandler(8, 'Undefined varia...', 'C:\\xampp\\htdocs...', 12, Array)
#1 C:\xampp\htdocs\bpkad\system\View\View.php(214): include('C:\\xampp\\htdocs...')
#2 C:\xampp\htdocs\bpkad\system\View\View.php(217): CodeIgniter\View\View->CodeIgniter\View\{closure}()
#3 C:\xampp\htdocs\bpkad\system\View\View.php(230): CodeIgniter\View\View->render('templates/index', Array, true)
#4 C:\xampp\htdocs\bpkad\system\Common.php(1097): CodeIgniter\View\View->render('user/index', Array, true)
#5 C:\xampp\htdocs\bpkad\app\Controllers\User.php(9): view('user/index')
#6 C:\xampp\htdocs\bpkad\system\CodeIgniter.php(824): App\Controllers\user->index()
#7 C:\xampp\htdocs\bpkad\system\CodeIgniter.php(410): CodeIgniter\CodeIgniter->runController(Object(App\Controllers\user))
#8 C:\xampp\htdocs\bpkad\system\CodeIgniter.php(318): CodeIgniter\CodeIgniter->handleRequest(NULL, Object(Config\Cache), false)
#9 C:\xampp\htdocs\bpkad\public\index.php(37): CodeIgniter\CodeIgniter->run()
#10 C:\xampp\htdocs\bpkad\system\Commands\Server\rewrite.php(43): require_once('C:\\xampp\\htdocs...')
#11 {main}
CRITICAL - 2022-01-19 20:37:07 --> Undefined variable: title
#0 C:\xampp\htdocs\bpkad\app\Views\templates\index.php(12): CodeIgniter\Debug\Exceptions->errorHandler(8, 'Undefined varia...', 'C:\\xampp\\htdocs...', 12, Array)
#1 C:\xampp\htdocs\bpkad\system\View\View.php(214): include('C:\\xampp\\htdocs...')
#2 C:\xampp\htdocs\bpkad\system\View\View.php(217): CodeIgniter\View\View->CodeIgniter\View\{closure}()
#3 C:\xampp\htdocs\bpkad\system\View\View.php(230): CodeIgniter\View\View->render('templates/index', Array, true)
#4 C:\xampp\htdocs\bpkad\system\Common.php(1097): CodeIgniter\View\View->render('user/index', Array, true)
#5 C:\xampp\htdocs\bpkad\app\Controllers\User.php(9): view('user/index')
#6 C:\xampp\htdocs\bpkad\system\CodeIgniter.php(824): App\Controllers\user->index()
#7 C:\xampp\htdocs\bpkad\system\CodeIgniter.php(410): CodeIgniter\CodeIgniter->runController(Object(App\Controllers\user))
#8 C:\xampp\htdocs\bpkad\system\CodeIgniter.php(318): CodeIgniter\CodeIgniter->handleRequest(NULL, Object(Config\Cache), false)
#9 C:\xampp\htdocs\bpkad\public\index.php(37): CodeIgniter\CodeIgniter->run()
#10 C:\xampp\htdocs\bpkad\system\Commands\Server\rewrite.php(43): require_once('C:\\xampp\\htdocs...')
#11 {main}
CRITICAL - 2022-01-19 20:38:10 --> Undefined variable: title
#0 C:\xampp\htdocs\bpkad\app\Views\templates\index.php(12): CodeIgniter\Debug\Exceptions->errorHandler(8, 'Undefined varia...', 'C:\\xampp\\htdocs...', 12, Array)
#1 C:\xampp\htdocs\bpkad\system\View\View.php(214): include('C:\\xampp\\htdocs...')
#2 C:\xampp\htdocs\bpkad\system\View\View.php(217): CodeIgniter\View\View->CodeIgniter\View\{closure}()
#3 C:\xampp\htdocs\bpkad\system\View\View.php(230): CodeIgniter\View\View->render('templates/index', Array, true)
#4 C:\xampp\htdocs\bpkad\system\Common.php(1097): CodeIgniter\View\View->render('user/index', Array, true)
#5 C:\xampp\htdocs\bpkad\app\Controllers\User.php(9): view('user/index')
#6 C:\xampp\htdocs\bpkad\system\CodeIgniter.php(824): App\Controllers\user->index()
#7 C:\xampp\htdocs\bpkad\system\CodeIgniter.php(410): CodeIgniter\CodeIgniter->runController(Object(App\Controllers\user))
#8 C:\xampp\htdocs\bpkad\system\CodeIgniter.php(318): CodeIgniter\CodeIgniter->handleRequest(NULL, Object(Config\Cache), false)
#9 C:\xampp\htdocs\bpkad\public\index.php(37): CodeIgniter\CodeIgniter->run()
#10 C:\xampp\htdocs\bpkad\system\Commands\Server\rewrite.php(43): require_once('C:\\xampp\\htdocs...')
#11 {main}
CRITICAL - 2022-01-19 20:39:21 --> Undefined variable: title
#0 C:\xampp\htdocs\bpkad\app\Views\templates\index.php(12): CodeIgniter\Debug\Exceptions->errorHandler(8, 'Undefined varia...', 'C:\\xampp\\htdocs...', 12, Array)
#1 C:\xampp\htdocs\bpkad\system\View\View.php(214): include('C:\\xampp\\htdocs...')
#2 C:\xampp\htdocs\bpkad\system\View\View.php(217): CodeIgniter\View\View->CodeIgniter\View\{closure}()
#3 C:\xampp\htdocs\bpkad\system\View\View.php(230): CodeIgniter\View\View->render('templates/index', Array, true)
#4 C:\xampp\htdocs\bpkad\system\Common.php(1097): CodeIgniter\View\View->render('user/index', Array, true)
#5 C:\xampp\htdocs\bpkad\app\Controllers\User.php(9): view('user/index')
#6 C:\xampp\htdocs\bpkad\system\CodeIgniter.php(824): App\Controllers\user->index()
#7 C:\xampp\htdocs\bpkad\system\CodeIgniter.php(410): CodeIgniter\CodeIgniter->runController(Object(App\Controllers\user))
#8 C:\xampp\htdocs\bpkad\system\CodeIgniter.php(318): CodeIgniter\CodeIgniter->handleRequest(NULL, Object(Config\Cache), false)
#9 C:\xampp\htdocs\bpkad\public\index.php(37): CodeIgniter\CodeIgniter->run()
#10 C:\xampp\htdocs\bpkad\system\Commands\Server\rewrite.php(43): require_once('C:\\xampp\\htdocs...')
#11 {main}
CRITICAL - 2022-01-19 21:18:41 --> Undefined property: App\Controllers\Admin::$db
#0 C:\xampp\htdocs\bpkad\app\Controllers\Admin.php(16): CodeIgniter\Debug\Exceptions->errorHandler(8, 'Undefined prope...', 'C:\\xampp\\htdocs...', 16, Array)
#1 C:\xampp\htdocs\bpkad\system\CodeIgniter.php(824): App\Controllers\Admin->index()
#2 C:\xampp\htdocs\bpkad\system\CodeIgniter.php(410): CodeIgniter\CodeIgniter->runController(Object(App\Controllers\Admin))
#3 C:\xampp\htdocs\bpkad\system\CodeIgniter.php(318): CodeIgniter\CodeIgniter->handleRequest(NULL, Object(Config\Cache), false)
#4 C:\xampp\htdocs\bpkad\public\index.php(37): CodeIgniter\CodeIgniter->run()
#5 C:\xampp\htdocs\bpkad\system\Commands\Server\rewrite.php(43): require_once('C:\\xampp\\htdocs...')
#6 {main}
CRITICAL - 2022-01-19 21:21:48 --> Undefined property: App\Controllers\Admin::$db
#0 C:\xampp\htdocs\bpkad\app\Controllers\Admin.php(20): CodeIgniter\Debug\Exceptions->errorHandler(8, 'Undefined prope...', 'C:\\xampp\\htdocs...', 20, Array)
#1 C:\xampp\htdocs\bpkad\system\CodeIgniter.php(824): App\Controllers\Admin->index()
#2 C:\xampp\htdocs\bpkad\system\CodeIgniter.php(410): CodeIgniter\CodeIgniter->runController(Object(App\Controllers\Admin))
#3 C:\xampp\htdocs\bpkad\system\CodeIgniter.php(318): CodeIgniter\CodeIgniter->handleRequest(NULL, Object(Config\Cache), false)
#4 C:\xampp\htdocs\bpkad\public\index.php(37): CodeIgniter\CodeIgniter->run()
#5 C:\xampp\htdocs\bpkad\system\Commands\Server\rewrite.php(43): require_once('C:\\xampp\\htdocs...')
#6 {main}
ERROR - 2022-01-19 21:22:09 --> Not unique table/alias: 'users'
CRITICAL - 2022-01-19 21:22:09 --> Not unique table/alias: 'users'
#0 C:\xampp\htdocs\bpkad\system\Database\MySQLi\Connection.php(292): mysqli->query('SELECT `users`....', 0)
#1 C:\xampp\htdocs\bpkad\system\Database\BaseConnection.php(670): CodeIgniter\Database\MySQLi\Connection->execute('SELECT `users`....')
#2 C:\xampp\htdocs\bpkad\system\Database\BaseConnection.php(598): CodeIgniter\Database\BaseConnection->simpleQuery('SELECT `users`....')
#3 C:\xampp\htdocs\bpkad\system\Database\BaseBuilder.php(1443): CodeIgniter\Database\BaseConnection->query('SELECT `users`....', Array, false)
#4 C:\xampp\htdocs\bpkad\app\Controllers\Admin.php(20): CodeIgniter\Database\BaseBuilder->get()
#5 C:\xampp\htdocs\bpkad\system\CodeIgniter.php(824): App\Controllers\Admin->index()
#6 C:\xampp\htdocs\bpkad\system\CodeIgniter.php(410): CodeIgniter\CodeIgniter->runController(Object(App\Controllers\Admin))
#7 C:\xampp\htdocs\bpkad\system\CodeIgniter.php(318): CodeIgniter\CodeIgniter->handleRequest(NULL, Object(Config\Cache), false)
#8 C:\xampp\htdocs\bpkad\public\index.php(37): CodeIgniter\CodeIgniter->run()
#9 C:\xampp\htdocs\bpkad\system\Commands\Server\rewrite.php(43): require_once('C:\\xampp\\htdocs...')
#10 {main}
CRITICAL - 2022-01-19 22:22:52 --> Undefined variable: user
#0 C:\xampp\htdocs\bpkad\app\Views\admin\detail.php(10): CodeIgniter\Debug\Exceptions->errorHandler(8, 'Undefined varia...', 'C:\\xampp\\htdocs...', 10, Array)
#1 C:\xampp\htdocs\bpkad\system\View\View.php(214): include('C:\\xampp\\htdocs...')
#2 C:\xampp\htdocs\bpkad\system\View\View.php(217): CodeIgniter\View\View->CodeIgniter\View\{closure}()
#3 C:\xampp\htdocs\bpkad\system\Common.php(1097): CodeIgniter\View\View->render('admin/detail', Array, true)
#4 C:\xampp\htdocs\bpkad\app\Controllers\Admin.php(42): view('admin/detail', Array)
#5 C:\xampp\htdocs\bpkad\system\CodeIgniter.php(824): App\Controllers\Admin->detail('4')
#6 C:\xampp\htdocs\bpkad\system\CodeIgniter.php(410): CodeIgniter\CodeIgniter->runController(Object(App\Controllers\Admin))
#7 C:\xampp\htdocs\bpkad\system\CodeIgniter.php(318): CodeIgniter\CodeIgniter->handleRequest(NULL, Object(Config\Cache), false)
#8 C:\xampp\htdocs\bpkad\public\index.php(37): CodeIgniter\CodeIgniter->run()
#9 C:\xampp\htdocs\bpkad\system\Commands\Server\rewrite.php(43): require_once('C:\\xampp\\htdocs...')
#10 {main}
CRITICAL - 2022-01-19 22:24:12 --> Undefined variable: user
#0 C:\xampp\htdocs\bpkad\app\Views\admin\detail.php(10): CodeIgniter\Debug\Exceptions->errorHandler(8, 'Undefined varia...', 'C:\\xampp\\htdocs...', 10, Array)
#1 C:\xampp\htdocs\bpkad\system\View\View.php(214): include('C:\\xampp\\htdocs...')
#2 C:\xampp\htdocs\bpkad\system\View\View.php(217): CodeIgniter\View\View->CodeIgniter\View\{closure}()
#3 C:\xampp\htdocs\bpkad\system\Common.php(1097): CodeIgniter\View\View->render('admin/detail', Array, true)
#4 C:\xampp\htdocs\bpkad\app\Controllers\Admin.php(42): view('admin/detail', Array)
#5 C:\xampp\htdocs\bpkad\system\CodeIgniter.php(824): App\Controllers\Admin->detail('4')
#6 C:\xampp\htdocs\bpkad\system\CodeIgniter.php(410): CodeIgniter\CodeIgniter->runController(Object(App\Controllers\Admin))
#7 C:\xampp\htdocs\bpkad\system\CodeIgniter.php(318): CodeIgniter\CodeIgniter->handleRequest(NULL, Object(Config\Cache), false)
#8 C:\xampp\htdocs\bpkad\public\index.php(37): CodeIgniter\CodeIgniter->run()
#9 C:\xampp\htdocs\bpkad\system\Commands\Server\rewrite.php(43): require_once('C:\\xampp\\htdocs...')
#10 {main}
CRITICAL - 2022-01-19 22:45:41 --> syntax error, unexpected end of file, expecting elseif (T_ELSEIF) or else (T_ELSE) or endif (T_ENDIF)
#0 C:\xampp\htdocs\bpkad\system\View\View.php(217): CodeIgniter\View\View->CodeIgniter\View\{closure}()
#1 C:\xampp\htdocs\bpkad\system\Common.php(1097): CodeIgniter\View\View->render('admin/detail', Array, true)
#2 C:\xampp\htdocs\bpkad\app\Controllers\Admin.php(46): view('admin/detail', Array)
#3 C:\xampp\htdocs\bpkad\system\CodeIgniter.php(824): App\Controllers\Admin->detail('4')
#4 C:\xampp\htdocs\bpkad\system\CodeIgniter.php(410): CodeIgniter\CodeIgniter->runController(Object(App\Controllers\Admin))
#5 C:\xampp\htdocs\bpkad\system\CodeIgniter.php(318): CodeIgniter\CodeIgniter->handleRequest(NULL, Object(Config\Cache), false)
#6 C:\xampp\htdocs\bpkad\public\index.php(37): CodeIgniter\CodeIgniter->run()
#7 C:\xampp\htdocs\bpkad\system\Commands\Server\rewrite.php(43): require_once('C:\\xampp\\htdocs...')
#8 {main}
CRITICAL - 2022-01-19 22:56:41 --> Undefined variable: title
#0 C:\xampp\htdocs\bpkad\app\Views\templates\index.php(12): CodeIgniter\Debug\Exceptions->errorHandler(8, 'Undefined varia...', 'C:\\xampp\\htdocs...', 12, Array)
#1 C:\xampp\htdocs\bpkad\system\View\View.php(214): include('C:\\xampp\\htdocs...')
#2 C:\xampp\htdocs\bpkad\system\View\View.php(217): CodeIgniter\View\View->CodeIgniter\View\{closure}()
#3 C:\xampp\htdocs\bpkad\system\View\View.php(230): CodeIgniter\View\View->render('templates/index', Array, true)
#4 C:\xampp\htdocs\bpkad\system\Common.php(1097): CodeIgniter\View\View->render('user/index', Array, true)
#5 C:\xampp\htdocs\bpkad\app\Controllers\User.php(9): view('user/index')
#6 C:\xampp\htdocs\bpkad\system\CodeIgniter.php(824): App\Controllers\user->index()
#7 C:\xampp\htdocs\bpkad\system\CodeIgniter.php(410): CodeIgniter\CodeIgniter->runController(Object(App\Controllers\user))
#8 C:\xampp\htdocs\bpkad\system\CodeIgniter.php(318): CodeIgniter\CodeIgniter->handleRequest(NULL, Object(Config\Cache), false)
#9 C:\xampp\htdocs\bpkad\public\index.php(37): CodeIgniter\CodeIgniter->run()
#10 C:\xampp\htdocs\bpkad\system\Commands\Server\rewrite.php(43): require_once('C:\\xampp\\htdocs...')
#11 {main}
CRITICAL - 2022-01-19 22:58:37 --> Undefined variable: title
#0 C:\xampp\htdocs\bpkad\app\Views\templates\index.php(12): CodeIgniter\Debug\Exceptions->errorHandler(8, 'Undefined varia...', 'C:\\xampp\\htdocs...', 12, Array)
#1 C:\xampp\htdocs\bpkad\system\View\View.php(214): include('C:\\xampp\\htdocs...')
#2 C:\xampp\htdocs\bpkad\system\View\View.php(217): CodeIgniter\View\View->CodeIgniter\View\{closure}()
#3 C:\xampp\htdocs\bpkad\system\View\View.php(230): CodeIgniter\View\View->render('templates/index', Array, true)
#4 C:\xampp\htdocs\bpkad\system\Common.php(1097): CodeIgniter\View\View->render('user/index', Array, true)
#5 C:\xampp\htdocs\bpkad\app\Controllers\User.php(9): view('user/index')
#6 C:\xampp\htdocs\bpkad\system\CodeIgniter.php(824): App\Controllers\user->index()
#7 C:\xampp\htdocs\bpkad\system\CodeIgniter.php(410): CodeIgniter\CodeIgniter->runController(Object(App\Controllers\user))
#8 C:\xampp\htdocs\bpkad\system\CodeIgniter.php(318): CodeIgniter\CodeIgniter->handleRequest(NULL, Object(Config\Cache), false)
#9 C:\xampp\htdocs\bpkad\public\index.php(37): CodeIgniter\CodeIgniter->run()
#10 C:\xampp\htdocs\bpkad\system\Commands\Server\rewrite.php(43): require_once('C:\\xampp\\htdocs...')
#11 {main}
CRITICAL - 2022-01-19 22:58:43 --> Undefined variable: title
#0 C:\xampp\htdocs\bpkad\app\Views\templates\index.php(12): CodeIgniter\Debug\Exceptions->errorHandler(8, 'Undefined varia...', 'C:\\xampp\\htdocs...', 12, Array)
#1 C:\xampp\htdocs\bpkad\system\View\View.php(214): include('C:\\xampp\\htdocs...')
#2 C:\xampp\htdocs\bpkad\system\View\View.php(217): CodeIgniter\View\View->CodeIgniter\View\{closure}()
#3 C:\xampp\htdocs\bpkad\system\View\View.php(230): CodeIgniter\View\View->render('templates/index', Array, true)
#4 C:\xampp\htdocs\bpkad\system\Common.php(1097): CodeIgniter\View\View->render('user/index', Array, true)
#5 C:\xampp\htdocs\bpkad\app\Controllers\User.php(9): view('user/index')
#6 C:\xampp\htdocs\bpkad\system\CodeIgniter.php(824): App\Controllers\user->index()
#7 C:\xampp\htdocs\bpkad\system\CodeIgniter.php(410): CodeIgniter\CodeIgniter->runController(Object(App\Controllers\user))
#8 C:\xampp\htdocs\bpkad\system\CodeIgniter.php(318): CodeIgniter\CodeIgniter->handleRequest(NULL, Object(Config\Cache), false)
#9 C:\xampp\htdocs\bpkad\public\index.php(37): CodeIgniter\CodeIgniter->run()
#10 C:\xampp\htdocs\bpkad\system\Commands\Server\rewrite.php(43): require_once('C:\\xampp\\htdocs...')
#11 {main}
