ERROR - 2023-03-26 22:41:23 --> [Microsoft][ODBC Driver 17 for SQL Server][SQL Server]Incorrect syntax near the keyword 'AND'.
CRITICAL - 2023-03-26 22:41:23 --> Call to a member function getResult() on bool
#0 C:\xampp\htdocs\kinerja2022\system\CodeIgniter.php(824): App\Controllers\Tabel->index()
#1 C:\xampp\htdocs\kinerja2022\system\CodeIgniter.php(410): CodeIgniter\CodeIgniter->runController(Object(App\Controllers\Tabel))
#2 C:\xampp\htdocs\kinerja2022\system\CodeIgniter.php(318): CodeIgniter\CodeIgniter->handleRequest(NULL, Object(Config\Cache), false)
#3 C:\xampp\htdocs\kinerja2022\public\index.php(37): CodeIgniter\CodeIgniter->run()
#4 C:\xampp\htdocs\kinerja2022\system\Commands\Server\rewrite.php(43): require_once('C:\\xampp\\htdocs...')
#5 {main}
ERROR - 2023-03-26 22:56:05 --> Unknown column 'kd_urusan' in 'field list'
CRITICAL - 2023-03-26 22:56:05 --> Call to a member function getRow() on bool
#0 C:\xampp\htdocs\kinerja2022\system\CodeIgniter.php(824): App\Controllers\Show->a('2')
#1 C:\xampp\htdocs\kinerja2022\system\CodeIgniter.php(410): CodeIgniter\CodeIgniter->runController(Object(App\Controllers\Show))
#2 C:\xampp\htdocs\kinerja2022\system\CodeIgniter.php(318): CodeIgniter\CodeIgniter->handleRequest(NULL, Object(Config\Cache), false)
#3 C:\xampp\htdocs\kinerja2022\public\index.php(37): CodeIgniter\CodeIgniter->run()
#4 C:\xampp\htdocs\kinerja2022\system\Commands\Server\rewrite.php(43): require_once('C:\\xampp\\htdocs...')
#5 {main}
ERROR - 2023-03-26 22:56:12 --> Unknown column 'kd_urusan' in 'field list'
CRITICAL - 2023-03-26 22:56:12 --> Call to a member function getRow() on bool
#0 C:\xampp\htdocs\kinerja2022\system\CodeIgniter.php(824): App\Controllers\Edit->EditSKPD('2')
#1 C:\xampp\htdocs\kinerja2022\system\CodeIgniter.php(410): CodeIgniter\CodeIgniter->runController(Object(App\Controllers\Edit))
#2 C:\xampp\htdocs\kinerja2022\system\CodeIgniter.php(318): CodeIgniter\CodeIgniter->handleRequest(NULL, Object(Config\Cache), false)
#3 C:\xampp\htdocs\kinerja2022\public\index.php(37): CodeIgniter\CodeIgniter->run()
#4 C:\xampp\htdocs\kinerja2022\system\Commands\Server\rewrite.php(43): require_once('C:\\xampp\\htdocs...')
#5 {main}
