CRITICAL - 2022-02-07 01:49:21 --> Object of class CodeIgniter\Database\SQLSRV\Result could not be converted to string
#0 [internal function]: CodeIgniter\Debug\Exceptions->shutdownHandler()
#1 {main}
CRITICAL - 2022-02-07 01:49:42 --> Object of class CodeIgniter\Database\SQLSRV\Result could not be converted to string
#0 [internal function]: CodeIgniter\Debug\Exceptions->shutdownHandler()
#1 {main}
ERROR - 2022-02-07 01:59:36 --> [Microsoft][ODBC Driver 17 for SQL Server][SQL Server]Conversion failed when converting the varchar value 'id' to data type int.
CRITICAL - 2022-02-07 01:59:36 --> [Microsoft][ODBC Driver 17 for SQL Server][SQL Server]Conversion failed when converting the varchar value 'id' to data type int.
#0 C:\xampp\htdocs\bpkad\system\Database\BaseConnection.php(670): CodeIgniter\Database\SQLSRV\Connection->execute('SELECT "kd_urus...')
#1 C:\xampp\htdocs\bpkad\system\Database\BaseConnection.php(598): CodeIgniter\Database\BaseConnection->simpleQuery('SELECT "kd_urus...')
#2 C:\xampp\htdocs\bpkad\system\Database\SQLSRV\Builder.php(614): CodeIgniter\Database\BaseConnection->query('SELECT "kd_urus...', Array, false)
#3 C:\xampp\htdocs\bpkad\system\Model.php(723): CodeIgniter\Database\SQLSRV\Builder->get()
#4 C:\xampp\htdocs\bpkad\app\Controllers\Show.php(15): CodeIgniter\Model->__call('get', Array)
#5 C:\xampp\htdocs\bpkad\system\CodeIgniter.php(824): App\Controllers\Show->a('8')
#6 C:\xampp\htdocs\bpkad\system\CodeIgniter.php(410): CodeIgniter\CodeIgniter->runController(Object(App\Controllers\Show))
#7 C:\xampp\htdocs\bpkad\system\CodeIgniter.php(318): CodeIgniter\CodeIgniter->handleRequest(NULL, Object(Config\Cache), false)
#8 C:\xampp\htdocs\bpkad\public\index.php(37): CodeIgniter\CodeIgniter->run()
#9 C:\xampp\htdocs\bpkad\system\Commands\Server\rewrite.php(43): require_once('C:\\xampp\\htdocs...')
#10 {main}
CRITICAL - 2022-02-07 02:04:44 --> Object of class CodeIgniter\Database\MySQLi\Result could not be converted to string
#0 [internal function]: CodeIgniter\Debug\Exceptions->shutdownHandler()
#1 {main}
CRITICAL - 2022-02-07 02:05:33 --> Trying to get property 'jbt_pimpinan' of non-object
#0 C:\xampp\htdocs\bpkad\app\Views\tabel\print.php(214): CodeIgniter\Debug\Exceptions->errorHandler(8, 'Trying to get p...', 'C:\\xampp\\htdocs...', 214, Array)
#1 C:\xampp\htdocs\bpkad\system\View\View.php(214): include('C:\\xampp\\htdocs...')
#2 C:\xampp\htdocs\bpkad\system\View\View.php(217): CodeIgniter\View\View->CodeIgniter\View\{closure}()
#3 C:\xampp\htdocs\bpkad\system\Common.php(1097): CodeIgniter\View\View->render('tabel/print', Array, true)
#4 C:\xampp\htdocs\bpkad\app\Controllers\Show.php(25): view('tabel/print', Array)
#5 C:\xampp\htdocs\bpkad\system\CodeIgniter.php(824): App\Controllers\Show->a('8')
#6 C:\xampp\htdocs\bpkad\system\CodeIgniter.php(410): CodeIgniter\CodeIgniter->runController(Object(App\Controllers\Show))
#7 C:\xampp\htdocs\bpkad\system\CodeIgniter.php(318): CodeIgniter\CodeIgniter->handleRequest(NULL, Object(Config\Cache), false)
#8 C:\xampp\htdocs\bpkad\public\index.php(37): CodeIgniter\CodeIgniter->run()
#9 C:\xampp\htdocs\bpkad\system\Commands\Server\rewrite.php(43): require_once('C:\\xampp\\htdocs...')
#10 {main}
CRITICAL - 2022-02-07 02:15:29 --> Undefined variable: title
#0 C:\xampp\htdocs\bpkad\app\Views\tabel\print_admin.php(79): CodeIgniter\Debug\Exceptions->errorHandler(8, 'Undefined varia...', 'C:\\xampp\\htdocs...', 79, Array)
#1 C:\xampp\htdocs\bpkad\system\View\View.php(214): include('C:\\xampp\\htdocs...')
#2 C:\xampp\htdocs\bpkad\system\View\View.php(217): CodeIgniter\View\View->CodeIgniter\View\{closure}()
#3 C:\xampp\htdocs\bpkad\system\Common.php(1097): CodeIgniter\View\View->render('tabel/print_adm...', Array, true)
#4 C:\xampp\htdocs\bpkad\app\Controllers\Show.php(30): view('tabel/print_adm...', Array)
#5 C:\xampp\htdocs\bpkad\system\CodeIgniter.php(824): App\Controllers\Show->a('8')
#6 C:\xampp\htdocs\bpkad\system\CodeIgniter.php(410): CodeIgniter\CodeIgniter->runController(Object(App\Controllers\Show))
#7 C:\xampp\htdocs\bpkad\system\CodeIgniter.php(318): CodeIgniter\CodeIgniter->handleRequest(NULL, Object(Config\Cache), false)
#8 C:\xampp\htdocs\bpkad\public\index.php(37): CodeIgniter\CodeIgniter->run()
#9 C:\xampp\htdocs\bpkad\system\Commands\Server\rewrite.php(43): require_once('C:\\xampp\\htdocs...')
#10 {main}
ERROR - 2022-02-07 02:26:37 --> [Microsoft][ODBC Driver 17 for SQL Server][SQL Server]Incorrect syntax near ')'.
CRITICAL - 2022-02-07 02:26:37 --> [Microsoft][ODBC Driver 17 for SQL Server][SQL Server]Incorrect syntax near ')'.
#0 C:\xampp\htdocs\bpkad\system\Database\BaseConnection.php(670): CodeIgniter\Database\SQLSRV\Connection->execute('SELECT "Kd_Gab_...')
#1 C:\xampp\htdocs\bpkad\system\Database\BaseConnection.php(598): CodeIgniter\Database\BaseConnection->simpleQuery('SELECT "Kd_Gab_...')
#2 C:\xampp\htdocs\bpkad\system\Database\SQLSRV\Builder.php(614): CodeIgniter\Database\BaseConnection->query('SELECT "Kd_Gab_...', Array, false)
#3 C:\xampp\htdocs\bpkad\system\Model.php(723): CodeIgniter\Database\SQLSRV\Builder->get()
#4 C:\xampp\htdocs\bpkad\app\Models\ModelTabel.php(44): CodeIgniter\Model->__call('get', Array)
#5 C:\xampp\htdocs\bpkad\app\Controllers\Show.php(25): App\Models\ModelTabel->get_where(Array, Array, Array, Array)
#6 C:\xampp\htdocs\bpkad\system\CodeIgniter.php(824): App\Controllers\Show->a('8')
#7 C:\xampp\htdocs\bpkad\system\CodeIgniter.php(410): CodeIgniter\CodeIgniter->runController(Object(App\Controllers\Show))
#8 C:\xampp\htdocs\bpkad\system\CodeIgniter.php(318): CodeIgniter\CodeIgniter->handleRequest(NULL, Object(Config\Cache), false)
#9 C:\xampp\htdocs\bpkad\public\index.php(37): CodeIgniter\CodeIgniter->run()
#10 C:\xampp\htdocs\bpkad\system\Commands\Server\rewrite.php(43): require_once('C:\\xampp\\htdocs...')
#11 {main}
CRITICAL - 2022-02-07 02:32:23 --> Object of class stdClass could not be converted to string
#0 [internal function]: CodeIgniter\Debug\Exceptions->shutdownHandler()
#1 {main}
CRITICAL - 2022-02-07 02:35:51 --> Object of class stdClass could not be converted to string
#0 [internal function]: CodeIgniter\Debug\Exceptions->shutdownHandler()
#1 {main}
CRITICAL - 2022-02-07 02:37:12 --> Call to undefined method App\Models\ModelUser::row
#0 C:\xampp\htdocs\bpkad\app\Controllers\Show.php(22): CodeIgniter\Model->__call('row', Array)
#1 C:\xampp\htdocs\bpkad\system\CodeIgniter.php(824): App\Controllers\Show->a('8')
#2 C:\xampp\htdocs\bpkad\system\CodeIgniter.php(410): CodeIgniter\CodeIgniter->runController(Object(App\Controllers\Show))
#3 C:\xampp\htdocs\bpkad\system\CodeIgniter.php(318): CodeIgniter\CodeIgniter->handleRequest(NULL, Object(Config\Cache), false)
#4 C:\xampp\htdocs\bpkad\public\index.php(37): CodeIgniter\CodeIgniter->run()
#5 C:\xampp\htdocs\bpkad\system\Commands\Server\rewrite.php(43): require_once('C:\\xampp\\htdocs...')
#6 {main}
CRITICAL - 2022-02-07 02:38:23 --> Call to undefined method App\Models\ModelUser::getRow
#0 C:\xampp\htdocs\bpkad\app\Controllers\Show.php(22): CodeIgniter\Model->__call('getRow', Array)
#1 C:\xampp\htdocs\bpkad\system\CodeIgniter.php(824): App\Controllers\Show->a('8')
#2 C:\xampp\htdocs\bpkad\system\CodeIgniter.php(410): CodeIgniter\CodeIgniter->runController(Object(App\Controllers\Show))
#3 C:\xampp\htdocs\bpkad\system\CodeIgniter.php(318): CodeIgniter\CodeIgniter->handleRequest(NULL, Object(Config\Cache), false)
#4 C:\xampp\htdocs\bpkad\public\index.php(37): CodeIgniter\CodeIgniter->run()
#5 C:\xampp\htdocs\bpkad\system\Commands\Server\rewrite.php(43): require_once('C:\\xampp\\htdocs...')
#6 {main}
CRITICAL - 2022-02-07 02:38:48 --> Object of class CodeIgniter\Database\MySQLi\Result could not be converted to string
#0 [internal function]: CodeIgniter\Debug\Exceptions->shutdownHandler()
#1 {main}
CRITICAL - 2022-02-07 02:40:40 --> Call to undefined method App\Models\ModelUser::result
#0 C:\xampp\htdocs\bpkad\app\Controllers\Show.php(22): CodeIgniter\Model->__call('result', Array)
#1 C:\xampp\htdocs\bpkad\system\CodeIgniter.php(824): App\Controllers\Show->a('8')
#2 C:\xampp\htdocs\bpkad\system\CodeIgniter.php(410): CodeIgniter\CodeIgniter->runController(Object(App\Controllers\Show))
#3 C:\xampp\htdocs\bpkad\system\CodeIgniter.php(318): CodeIgniter\CodeIgniter->handleRequest(NULL, Object(Config\Cache), false)
#4 C:\xampp\htdocs\bpkad\public\index.php(37): CodeIgniter\CodeIgniter->run()
#5 C:\xampp\htdocs\bpkad\system\Commands\Server\rewrite.php(43): require_once('C:\\xampp\\htdocs...')
#6 {main}
CRITICAL - 2022-02-07 02:41:56 --> Call to undefined method App\Models\ModelUser::getResult
#0 C:\xampp\htdocs\bpkad\app\Controllers\Show.php(22): CodeIgniter\Model->__call('getResult', Array)
#1 C:\xampp\htdocs\bpkad\system\CodeIgniter.php(824): App\Controllers\Show->a('8')
#2 C:\xampp\htdocs\bpkad\system\CodeIgniter.php(410): CodeIgniter\CodeIgniter->runController(Object(App\Controllers\Show))
#3 C:\xampp\htdocs\bpkad\system\CodeIgniter.php(318): CodeIgniter\CodeIgniter->handleRequest(NULL, Object(Config\Cache), false)
#4 C:\xampp\htdocs\bpkad\public\index.php(37): CodeIgniter\CodeIgniter->run()
#5 C:\xampp\htdocs\bpkad\system\Commands\Server\rewrite.php(43): require_once('C:\\xampp\\htdocs...')
#6 {main}
CRITICAL - 2022-02-07 02:44:11 --> Object of class stdClass could not be converted to string
#0 [internal function]: CodeIgniter\Debug\Exceptions->shutdownHandler()
#1 {main}
CRITICAL - 2022-02-07 02:44:46 --> Call to undefined method App\Models\ModelUser::getRow
#0 C:\xampp\htdocs\bpkad\app\Controllers\Show.php(22): CodeIgniter\Model->__call('getRow', Array)
#1 C:\xampp\htdocs\bpkad\system\CodeIgniter.php(824): App\Controllers\Show->a('8')
#2 C:\xampp\htdocs\bpkad\system\CodeIgniter.php(410): CodeIgniter\CodeIgniter->runController(Object(App\Controllers\Show))
#3 C:\xampp\htdocs\bpkad\system\CodeIgniter.php(318): CodeIgniter\CodeIgniter->handleRequest(NULL, Object(Config\Cache), false)
#4 C:\xampp\htdocs\bpkad\public\index.php(37): CodeIgniter\CodeIgniter->run()
#5 C:\xampp\htdocs\bpkad\system\Commands\Server\rewrite.php(43): require_once('C:\\xampp\\htdocs...')
#6 {main}
CRITICAL - 2022-02-07 02:45:46 --> Object of class CodeIgniter\Database\MySQLi\Result could not be converted to string
#0 [internal function]: CodeIgniter\Debug\Exceptions->shutdownHandler()
#1 {main}
CRITICAL - 2022-02-07 02:45:47 --> Object of class CodeIgniter\Database\MySQLi\Result could not be converted to string
#0 [internal function]: CodeIgniter\Debug\Exceptions->shutdownHandler()
#1 {main}
CRITICAL - 2022-02-07 02:46:25 --> Object of class CodeIgniter\Database\MySQLi\Result could not be converted to string
#0 [internal function]: CodeIgniter\Debug\Exceptions->shutdownHandler()
#1 {main}
CRITICAL - 2022-02-07 02:46:26 --> Object of class CodeIgniter\Database\MySQLi\Result could not be converted to string
#0 [internal function]: CodeIgniter\Debug\Exceptions->shutdownHandler()
#1 {main}
CRITICAL - 2022-02-07 02:46:26 --> Object of class CodeIgniter\Database\MySQLi\Result could not be converted to string
#0 [internal function]: CodeIgniter\Debug\Exceptions->shutdownHandler()
#1 {main}
CRITICAL - 2022-02-07 02:47:10 --> Object of class CodeIgniter\Database\MySQLi\Result could not be converted to string
#0 [internal function]: CodeIgniter\Debug\Exceptions->shutdownHandler()
#1 {main}
CRITICAL - 2022-02-07 02:48:44 --> Undefined property: App\Controllers\Show::$builder
#0 C:\xampp\htdocs\bpkad\app\Controllers\Show.php(22): CodeIgniter\Debug\Exceptions->errorHandler(8, 'Undefined prope...', 'C:\\xampp\\htdocs...', 22, Array)
#1 C:\xampp\htdocs\bpkad\system\CodeIgniter.php(824): App\Controllers\Show->a('8')
#2 C:\xampp\htdocs\bpkad\system\CodeIgniter.php(410): CodeIgniter\CodeIgniter->runController(Object(App\Controllers\Show))
#3 C:\xampp\htdocs\bpkad\system\CodeIgniter.php(318): CodeIgniter\CodeIgniter->handleRequest(NULL, Object(Config\Cache), false)
#4 C:\xampp\htdocs\bpkad\public\index.php(37): CodeIgniter\CodeIgniter->run()
#5 C:\xampp\htdocs\bpkad\system\Commands\Server\rewrite.php(43): require_once('C:\\xampp\\htdocs...')
#6 {main}
CRITICAL - 2022-02-07 02:51:07 --> Undefined property: App\Controllers\Show::$builder
#0 C:\xampp\htdocs\bpkad\app\Controllers\Show.php(22): CodeIgniter\Debug\Exceptions->errorHandler(8, 'Undefined prope...', 'C:\\xampp\\htdocs...', 22, Array)
#1 C:\xampp\htdocs\bpkad\system\CodeIgniter.php(824): App\Controllers\Show->a('8')
#2 C:\xampp\htdocs\bpkad\system\CodeIgniter.php(410): CodeIgniter\CodeIgniter->runController(Object(App\Controllers\Show))
#3 C:\xampp\htdocs\bpkad\system\CodeIgniter.php(318): CodeIgniter\CodeIgniter->handleRequest(NULL, Object(Config\Cache), false)
#4 C:\xampp\htdocs\bpkad\public\index.php(37): CodeIgniter\CodeIgniter->run()
#5 C:\xampp\htdocs\bpkad\system\Commands\Server\rewrite.php(43): require_once('C:\\xampp\\htdocs...')
#6 {main}
CRITICAL - 2022-02-07 02:51:48 --> Object of class CodeIgniter\Database\MySQLi\Result could not be converted to string
#0 [internal function]: CodeIgniter\Debug\Exceptions->shutdownHandler()
#1 {main}
ERROR - 2022-02-07 02:52:32 --> [Microsoft][ODBC Driver 17 for SQL Server][SQL Server]Conversion failed when converting the varchar value '$kd_urusan' to data type tinyint.
CRITICAL - 2022-02-07 02:52:32 --> [Microsoft][ODBC Driver 17 for SQL Server][SQL Server]Conversion failed when converting the varchar value '$kd_urusan' to data type tinyint.
#0 C:\xampp\htdocs\bpkad\system\Database\BaseConnection.php(670): CodeIgniter\Database\SQLSRV\Connection->execute('SELECT "Kd_Gab_...')
#1 C:\xampp\htdocs\bpkad\system\Database\BaseConnection.php(598): CodeIgniter\Database\BaseConnection->simpleQuery('SELECT "Kd_Gab_...')
#2 C:\xampp\htdocs\bpkad\system\Database\SQLSRV\Builder.php(614): CodeIgniter\Database\BaseConnection->query('SELECT "Kd_Gab_...', Array, false)
#3 C:\xampp\htdocs\bpkad\system\Model.php(723): CodeIgniter\Database\SQLSRV\Builder->get()
#4 C:\xampp\htdocs\bpkad\app\Models\ModelTabel.php(44): CodeIgniter\Model->__call('get', Array)
#5 C:\xampp\htdocs\bpkad\app\Controllers\Show.php(27): App\Models\ModelTabel->get_where('$kd_urusan', '$kd_bidang', '$kd_unit', '$kd_sub')
#6 C:\xampp\htdocs\bpkad\system\CodeIgniter.php(824): App\Controllers\Show->a('8')
#7 C:\xampp\htdocs\bpkad\system\CodeIgniter.php(410): CodeIgniter\CodeIgniter->runController(Object(App\Controllers\Show))
#8 C:\xampp\htdocs\bpkad\system\CodeIgniter.php(318): CodeIgniter\CodeIgniter->handleRequest(NULL, Object(Config\Cache), false)
#9 C:\xampp\htdocs\bpkad\public\index.php(37): CodeIgniter\CodeIgniter->run()
#10 C:\xampp\htdocs\bpkad\system\Commands\Server\rewrite.php(43): require_once('C:\\xampp\\htdocs...')
#11 {main}
CRITICAL - 2022-02-07 02:54:09 --> Undefined property: App\Controllers\Show::$builder
#0 C:\xampp\htdocs\bpkad\app\Controllers\Show.php(22): CodeIgniter\Debug\Exceptions->errorHandler(8, 'Undefined prope...', 'C:\\xampp\\htdocs...', 22, Array)
#1 C:\xampp\htdocs\bpkad\system\CodeIgniter.php(824): App\Controllers\Show->a('8')
#2 C:\xampp\htdocs\bpkad\system\CodeIgniter.php(410): CodeIgniter\CodeIgniter->runController(Object(App\Controllers\Show))
#3 C:\xampp\htdocs\bpkad\system\CodeIgniter.php(318): CodeIgniter\CodeIgniter->handleRequest(NULL, Object(Config\Cache), false)
#4 C:\xampp\htdocs\bpkad\public\index.php(37): CodeIgniter\CodeIgniter->run()
#5 C:\xampp\htdocs\bpkad\system\Commands\Server\rewrite.php(43): require_once('C:\\xampp\\htdocs...')
#6 {main}
CRITICAL - 2022-02-07 02:54:25 --> Object of class CodeIgniter\Database\MySQLi\Result could not be converted to string
#0 [internal function]: CodeIgniter\Debug\Exceptions->shutdownHandler()
#1 {main}
CRITICAL - 2022-02-07 02:56:53 --> Object of class CodeIgniter\Database\MySQLi\Result could not be converted to string
#0 C:\xampp\htdocs\bpkad\app\Controllers\Show.php(25): CodeIgniter\Debug\Exceptions->errorHandler(4096, 'Object of class...', 'C:\\xampp\\htdocs...', 25, Array)
#1 C:\xampp\htdocs\bpkad\system\CodeIgniter.php(824): App\Controllers\Show->a('8')
#2 C:\xampp\htdocs\bpkad\system\CodeIgniter.php(410): CodeIgniter\CodeIgniter->runController(Object(App\Controllers\Show))
#3 C:\xampp\htdocs\bpkad\system\CodeIgniter.php(318): CodeIgniter\CodeIgniter->handleRequest(NULL, Object(Config\Cache), false)
#4 C:\xampp\htdocs\bpkad\public\index.php(37): CodeIgniter\CodeIgniter->run()
#5 C:\xampp\htdocs\bpkad\system\Commands\Server\rewrite.php(43): require_once('C:\\xampp\\htdocs...')
#6 {main}
CRITICAL - 2022-02-07 02:57:28 --> Object of class CodeIgniter\Database\MySQLi\Result could not be converted to int
#0 C:\xampp\htdocs\bpkad\app\Controllers\Show.php(25): CodeIgniter\Debug\Exceptions->errorHandler(8, 'Object of class...', 'C:\\xampp\\htdocs...', 25, Array)
#1 C:\xampp\htdocs\bpkad\system\CodeIgniter.php(824): App\Controllers\Show->a('8')
#2 C:\xampp\htdocs\bpkad\system\CodeIgniter.php(410): CodeIgniter\CodeIgniter->runController(Object(App\Controllers\Show))
#3 C:\xampp\htdocs\bpkad\system\CodeIgniter.php(318): CodeIgniter\CodeIgniter->handleRequest(NULL, Object(Config\Cache), false)
#4 C:\xampp\htdocs\bpkad\public\index.php(37): CodeIgniter\CodeIgniter->run()
#5 C:\xampp\htdocs\bpkad\system\Commands\Server\rewrite.php(43): require_once('C:\\xampp\\htdocs...')
#6 {main}
CRITICAL - 2022-02-07 02:57:30 --> Object of class CodeIgniter\Database\MySQLi\Result could not be converted to int
#0 C:\xampp\htdocs\bpkad\app\Controllers\Show.php(25): CodeIgniter\Debug\Exceptions->errorHandler(8, 'Object of class...', 'C:\\xampp\\htdocs...', 25, Array)
#1 C:\xampp\htdocs\bpkad\system\CodeIgniter.php(824): App\Controllers\Show->a('8')
#2 C:\xampp\htdocs\bpkad\system\CodeIgniter.php(410): CodeIgniter\CodeIgniter->runController(Object(App\Controllers\Show))
#3 C:\xampp\htdocs\bpkad\system\CodeIgniter.php(318): CodeIgniter\CodeIgniter->handleRequest(NULL, Object(Config\Cache), false)
#4 C:\xampp\htdocs\bpkad\public\index.php(37): CodeIgniter\CodeIgniter->run()
#5 C:\xampp\htdocs\bpkad\system\Commands\Server\rewrite.php(43): require_once('C:\\xampp\\htdocs...')
#6 {main}
CRITICAL - 2022-02-07 02:58:32 --> Object of class stdClass could not be converted to string
#0 [internal function]: CodeIgniter\Debug\Exceptions->shutdownHandler()
#1 {main}
CRITICAL - 2022-02-07 03:00:55 --> Object of class stdClass could not be converted to string
#0 [internal function]: CodeIgniter\Debug\Exceptions->shutdownHandler()
#1 {main}
CRITICAL - 2022-02-07 03:08:15 --> Object of class stdClass could not be converted to string
#0 [internal function]: CodeIgniter\Debug\Exceptions->shutdownHandler()
#1 {main}
CRITICAL - 2022-02-07 03:10:19 --> Call to undefined method CodeIgniter\Database\MySQLi\Result::get()
#0 C:\xampp\htdocs\bpkad\system\CodeIgniter.php(824): App\Controllers\Show->a('8')
#1 C:\xampp\htdocs\bpkad\system\CodeIgniter.php(410): CodeIgniter\CodeIgniter->runController(Object(App\Controllers\Show))
#2 C:\xampp\htdocs\bpkad\system\CodeIgniter.php(318): CodeIgniter\CodeIgniter->handleRequest(NULL, Object(Config\Cache), false)
#3 C:\xampp\htdocs\bpkad\public\index.php(37): CodeIgniter\CodeIgniter->run()
#4 C:\xampp\htdocs\bpkad\system\Commands\Server\rewrite.php(43): require_once('C:\\xampp\\htdocs...')
#5 {main}
CRITICAL - 2022-02-07 03:11:53 --> Object of class stdClass could not be converted to string
#0 [internal function]: CodeIgniter\Debug\Exceptions->shutdownHandler()
#1 {main}
CRITICAL - 2022-02-07 19:22:19 --> Call to undefined method App\Models\ModelTabel::getKode
#0 C:\xampp\htdocs\bpkad\app\Controllers\Show.php(22): CodeIgniter\Model->__call('getKode', Array)
#1 C:\xampp\htdocs\bpkad\system\CodeIgniter.php(824): App\Controllers\Show->a('8')
#2 C:\xampp\htdocs\bpkad\system\CodeIgniter.php(410): CodeIgniter\CodeIgniter->runController(Object(App\Controllers\Show))
#3 C:\xampp\htdocs\bpkad\system\CodeIgniter.php(318): CodeIgniter\CodeIgniter->handleRequest(NULL, Object(Config\Cache), false)
#4 C:\xampp\htdocs\bpkad\public\index.php(37): CodeIgniter\CodeIgniter->run()
#5 C:\xampp\htdocs\bpkad\system\Commands\Server\rewrite.php(43): require_once('C:\\xampp\\htdocs...')
#6 {main}
CRITICAL - 2022-02-07 19:22:32 --> Undefined property: App\Controllers\Show::$UntukShow
#0 C:\xampp\htdocs\bpkad\app\Controllers\Show.php(24): CodeIgniter\Debug\Exceptions->errorHandler(8, 'Undefined prope...', 'C:\\xampp\\htdocs...', 24, Array)
#1 C:\xampp\htdocs\bpkad\system\CodeIgniter.php(824): App\Controllers\Show->a('8')
#2 C:\xampp\htdocs\bpkad\system\CodeIgniter.php(410): CodeIgniter\CodeIgniter->runController(Object(App\Controllers\Show))
#3 C:\xampp\htdocs\bpkad\system\CodeIgniter.php(318): CodeIgniter\CodeIgniter->handleRequest(NULL, Object(Config\Cache), false)
#4 C:\xampp\htdocs\bpkad\public\index.php(37): CodeIgniter\CodeIgniter->run()
#5 C:\xampp\htdocs\bpkad\system\Commands\Server\rewrite.php(43): require_once('C:\\xampp\\htdocs...')
#6 {main}
CRITICAL - 2022-02-07 19:22:47 --> Call to undefined method CodeIgniter\Database\MySQLi\Result::value()
#0 C:\xampp\htdocs\bpkad\system\CodeIgniter.php(824): App\Controllers\Show->a('8')
#1 C:\xampp\htdocs\bpkad\system\CodeIgniter.php(410): CodeIgniter\CodeIgniter->runController(Object(App\Controllers\Show))
#2 C:\xampp\htdocs\bpkad\system\CodeIgniter.php(318): CodeIgniter\CodeIgniter->handleRequest(NULL, Object(Config\Cache), false)
#3 C:\xampp\htdocs\bpkad\public\index.php(37): CodeIgniter\CodeIgniter->run()
#4 C:\xampp\htdocs\bpkad\system\Commands\Server\rewrite.php(43): require_once('C:\\xampp\\htdocs...')
#5 {main}
CRITICAL - 2022-02-07 19:22:49 --> Call to undefined method CodeIgniter\Database\MySQLi\Result::value()
#0 C:\xampp\htdocs\bpkad\system\CodeIgniter.php(824): App\Controllers\Show->a('8')
#1 C:\xampp\htdocs\bpkad\system\CodeIgniter.php(410): CodeIgniter\CodeIgniter->runController(Object(App\Controllers\Show))
#2 C:\xampp\htdocs\bpkad\system\CodeIgniter.php(318): CodeIgniter\CodeIgniter->handleRequest(NULL, Object(Config\Cache), false)
#3 C:\xampp\htdocs\bpkad\public\index.php(37): CodeIgniter\CodeIgniter->run()
#4 C:\xampp\htdocs\bpkad\system\Commands\Server\rewrite.php(43): require_once('C:\\xampp\\htdocs...')
#5 {main}
CRITICAL - 2022-02-07 19:24:36 --> Call to undefined method App\Models\ModelTabel::getKode
#0 C:\xampp\htdocs\bpkad\app\Controllers\Show.php(22): CodeIgniter\Model->__call('getKode', Array)
#1 C:\xampp\htdocs\bpkad\system\CodeIgniter.php(824): App\Controllers\Show->a('8')
#2 C:\xampp\htdocs\bpkad\system\CodeIgniter.php(410): CodeIgniter\CodeIgniter->runController(Object(App\Controllers\Show))
#3 C:\xampp\htdocs\bpkad\system\CodeIgniter.php(318): CodeIgniter\CodeIgniter->handleRequest(NULL, Object(Config\Cache), false)
#4 C:\xampp\htdocs\bpkad\public\index.php(37): CodeIgniter\CodeIgniter->run()
#5 C:\xampp\htdocs\bpkad\system\Commands\Server\rewrite.php(43): require_once('C:\\xampp\\htdocs...')
#6 {main}
CRITICAL - 2022-02-07 19:24:54 --> Object of class stdClass could not be converted to string
#0 [internal function]: CodeIgniter\Debug\Exceptions->shutdownHandler()
#1 {main}
CRITICAL - 2022-02-07 19:29:23 --> Call to undefined method CodeIgniter\Database\MySQLi\Result::row_array()
#0 C:\xampp\htdocs\bpkad\system\CodeIgniter.php(824): App\Controllers\Show->a('8')
#1 C:\xampp\htdocs\bpkad\system\CodeIgniter.php(410): CodeIgniter\CodeIgniter->runController(Object(App\Controllers\Show))
#2 C:\xampp\htdocs\bpkad\system\CodeIgniter.php(318): CodeIgniter\CodeIgniter->handleRequest(NULL, Object(Config\Cache), false)
#3 C:\xampp\htdocs\bpkad\public\index.php(37): CodeIgniter\CodeIgniter->run()
#4 C:\xampp\htdocs\bpkad\system\Commands\Server\rewrite.php(43): require_once('C:\\xampp\\htdocs...')
#5 {main}
CRITICAL - 2022-02-07 19:31:48 --> Undefined offset: 1
#0 C:\xampp\htdocs\bpkad\app\Controllers\Show.php(25): CodeIgniter\Debug\Exceptions->errorHandler(8, 'Undefined offse...', 'C:\\xampp\\htdocs...', 25, Array)
#1 C:\xampp\htdocs\bpkad\system\CodeIgniter.php(824): App\Controllers\Show->a('8')
#2 C:\xampp\htdocs\bpkad\system\CodeIgniter.php(410): CodeIgniter\CodeIgniter->runController(Object(App\Controllers\Show))
#3 C:\xampp\htdocs\bpkad\system\CodeIgniter.php(318): CodeIgniter\CodeIgniter->handleRequest(NULL, Object(Config\Cache), false)
#4 C:\xampp\htdocs\bpkad\public\index.php(37): CodeIgniter\CodeIgniter->run()
#5 C:\xampp\htdocs\bpkad\system\Commands\Server\rewrite.php(43): require_once('C:\\xampp\\htdocs...')
#6 {main}
CRITICAL - 2022-02-07 19:31:49 --> Undefined offset: 1
#0 C:\xampp\htdocs\bpkad\app\Controllers\Show.php(25): CodeIgniter\Debug\Exceptions->errorHandler(8, 'Undefined offse...', 'C:\\xampp\\htdocs...', 25, Array)
#1 C:\xampp\htdocs\bpkad\system\CodeIgniter.php(824): App\Controllers\Show->a('8')
#2 C:\xampp\htdocs\bpkad\system\CodeIgniter.php(410): CodeIgniter\CodeIgniter->runController(Object(App\Controllers\Show))
#3 C:\xampp\htdocs\bpkad\system\CodeIgniter.php(318): CodeIgniter\CodeIgniter->handleRequest(NULL, Object(Config\Cache), false)
#4 C:\xampp\htdocs\bpkad\public\index.php(37): CodeIgniter\CodeIgniter->run()
#5 C:\xampp\htdocs\bpkad\system\Commands\Server\rewrite.php(43): require_once('C:\\xampp\\htdocs...')
#6 {main}
CRITICAL - 2022-02-07 19:31:50 --> Undefined offset: 1
#0 C:\xampp\htdocs\bpkad\app\Controllers\Show.php(25): CodeIgniter\Debug\Exceptions->errorHandler(8, 'Undefined offse...', 'C:\\xampp\\htdocs...', 25, Array)
#1 C:\xampp\htdocs\bpkad\system\CodeIgniter.php(824): App\Controllers\Show->a('8')
#2 C:\xampp\htdocs\bpkad\system\CodeIgniter.php(410): CodeIgniter\CodeIgniter->runController(Object(App\Controllers\Show))
#3 C:\xampp\htdocs\bpkad\system\CodeIgniter.php(318): CodeIgniter\CodeIgniter->handleRequest(NULL, Object(Config\Cache), false)
#4 C:\xampp\htdocs\bpkad\public\index.php(37): CodeIgniter\CodeIgniter->run()
#5 C:\xampp\htdocs\bpkad\system\Commands\Server\rewrite.php(43): require_once('C:\\xampp\\htdocs...')
#6 {main}
CRITICAL - 2022-02-07 19:32:38 --> Object of class stdClass could not be converted to string
#0 [internal function]: CodeIgniter\Debug\Exceptions->errorHandler(4096, 'Object of class...', 'C:\\xampp\\htdocs...', 330, Array)
#1 C:\xampp\htdocs\bpkad\system\Database\Query.php(330): strtr('SELECT "Kd_Gab_...', Array)
#2 C:\xampp\htdocs\bpkad\system\Database\Query.php(304): CodeIgniter\Database\Query->matchNamedBinds('SELECT "Kd_Gab_...', Array)
#3 C:\xampp\htdocs\bpkad\system\Database\Query.php(150): CodeIgniter\Database\Query->compileBinds()
#4 C:\xampp\htdocs\bpkad\system\Database\BaseConnection.php(598): CodeIgniter\Database\Query->getQuery()
#5 C:\xampp\htdocs\bpkad\system\Database\SQLSRV\Builder.php(614): CodeIgniter\Database\BaseConnection->query('SELECT "Kd_Gab_...', Array, false)
#6 C:\xampp\htdocs\bpkad\system\Model.php(723): CodeIgniter\Database\SQLSRV\Builder->get()
#7 C:\xampp\htdocs\bpkad\app\Models\ModelTabel.php(44): CodeIgniter\Model->__call('get', Array)
#8 C:\xampp\htdocs\bpkad\app\Controllers\Show.php(29): App\Models\ModelTabel->get_where(Object(stdClass), 1, 4, 1)
#9 C:\xampp\htdocs\bpkad\system\CodeIgniter.php(824): App\Controllers\Show->a('8')
#10 C:\xampp\htdocs\bpkad\system\CodeIgniter.php(410): CodeIgniter\CodeIgniter->runController(Object(App\Controllers\Show))
#11 C:\xampp\htdocs\bpkad\system\CodeIgniter.php(318): CodeIgniter\CodeIgniter->handleRequest(NULL, Object(Config\Cache), false)
#12 C:\xampp\htdocs\bpkad\public\index.php(37): CodeIgniter\CodeIgniter->run()
#13 C:\xampp\htdocs\bpkad\system\Commands\Server\rewrite.php(43): require_once('C:\\xampp\\htdocs...')
#14 {main}
CRITICAL - 2022-02-07 19:39:07 --> Call to undefined method CodeIgniter\Database\MySQLi\Result::result_array()
#0 C:\xampp\htdocs\bpkad\app\Controllers\Show.php(24): App\Models\ModelUser->getKode('8')
#1 C:\xampp\htdocs\bpkad\system\CodeIgniter.php(824): App\Controllers\Show->a('8')
#2 C:\xampp\htdocs\bpkad\system\CodeIgniter.php(410): CodeIgniter\CodeIgniter->runController(Object(App\Controllers\Show))
#3 C:\xampp\htdocs\bpkad\system\CodeIgniter.php(318): CodeIgniter\CodeIgniter->handleRequest(NULL, Object(Config\Cache), false)
#4 C:\xampp\htdocs\bpkad\public\index.php(37): CodeIgniter\CodeIgniter->run()
#5 C:\xampp\htdocs\bpkad\system\Commands\Server\rewrite.php(43): require_once('C:\\xampp\\htdocs...')
#6 {main}
CRITICAL - 2022-02-07 19:39:24 --> Call to undefined method CodeIgniter\Database\MySQLi\Result::result_array()
#0 C:\xampp\htdocs\bpkad\app\Controllers\Show.php(24): App\Models\ModelUser->getKode('8')
#1 C:\xampp\htdocs\bpkad\system\CodeIgniter.php(824): App\Controllers\Show->a('8')
#2 C:\xampp\htdocs\bpkad\system\CodeIgniter.php(410): CodeIgniter\CodeIgniter->runController(Object(App\Controllers\Show))
#3 C:\xampp\htdocs\bpkad\system\CodeIgniter.php(318): CodeIgniter\CodeIgniter->handleRequest(NULL, Object(Config\Cache), false)
#4 C:\xampp\htdocs\bpkad\public\index.php(37): CodeIgniter\CodeIgniter->run()
#5 C:\xampp\htdocs\bpkad\system\Commands\Server\rewrite.php(43): require_once('C:\\xampp\\htdocs...')
#6 {main}
CRITICAL - 2022-02-07 19:39:25 --> Call to undefined method CodeIgniter\Database\MySQLi\Result::result_array()
#0 C:\xampp\htdocs\bpkad\app\Controllers\Show.php(24): App\Models\ModelUser->getKode('8')
#1 C:\xampp\htdocs\bpkad\system\CodeIgniter.php(824): App\Controllers\Show->a('8')
#2 C:\xampp\htdocs\bpkad\system\CodeIgniter.php(410): CodeIgniter\CodeIgniter->runController(Object(App\Controllers\Show))
#3 C:\xampp\htdocs\bpkad\system\CodeIgniter.php(318): CodeIgniter\CodeIgniter->handleRequest(NULL, Object(Config\Cache), false)
#4 C:\xampp\htdocs\bpkad\public\index.php(37): CodeIgniter\CodeIgniter->run()
#5 C:\xampp\htdocs\bpkad\system\Commands\Server\rewrite.php(43): require_once('C:\\xampp\\htdocs...')
#6 {main}
CRITICAL - 2022-02-07 19:39:38 --> Call to undefined method CodeIgniter\Database\MySQLi\Result::result_array()
#0 C:\xampp\htdocs\bpkad\app\Controllers\Show.php(24): App\Models\ModelUser->getKode('8')
#1 C:\xampp\htdocs\bpkad\system\CodeIgniter.php(824): App\Controllers\Show->a('8')
#2 C:\xampp\htdocs\bpkad\system\CodeIgniter.php(410): CodeIgniter\CodeIgniter->runController(Object(App\Controllers\Show))
#3 C:\xampp\htdocs\bpkad\system\CodeIgniter.php(318): CodeIgniter\CodeIgniter->handleRequest(NULL, Object(Config\Cache), false)
#4 C:\xampp\htdocs\bpkad\public\index.php(37): CodeIgniter\CodeIgniter->run()
#5 C:\xampp\htdocs\bpkad\system\Commands\Server\rewrite.php(43): require_once('C:\\xampp\\htdocs...')
#6 {main}
CRITICAL - 2022-02-07 19:42:14 --> Undefined property: App\Controllers\Show::$db
#0 C:\xampp\htdocs\bpkad\app\Controllers\Show.php(24): CodeIgniter\Debug\Exceptions->errorHandler(8, 'Undefined prope...', 'C:\\xampp\\htdocs...', 24, Array)
#1 C:\xampp\htdocs\bpkad\system\CodeIgniter.php(824): App\Controllers\Show->a('8')
#2 C:\xampp\htdocs\bpkad\system\CodeIgniter.php(410): CodeIgniter\CodeIgniter->runController(Object(App\Controllers\Show))
#3 C:\xampp\htdocs\bpkad\system\CodeIgniter.php(318): CodeIgniter\CodeIgniter->handleRequest(NULL, Object(Config\Cache), false)
#4 C:\xampp\htdocs\bpkad\public\index.php(37): CodeIgniter\CodeIgniter->run()
#5 C:\xampp\htdocs\bpkad\system\Commands\Server\rewrite.php(43): require_once('C:\\xampp\\htdocs...')
#6 {main}
CRITICAL - 2022-02-07 19:43:53 --> Undefined property: App\Controllers\Show::$db
#0 C:\xampp\htdocs\bpkad\app\Controllers\Show.php(24): CodeIgniter\Debug\Exceptions->errorHandler(8, 'Undefined prope...', 'C:\\xampp\\htdocs...', 24, Array)
#1 C:\xampp\htdocs\bpkad\system\CodeIgniter.php(824): App\Controllers\Show->a('8')
#2 C:\xampp\htdocs\bpkad\system\CodeIgniter.php(410): CodeIgniter\CodeIgniter->runController(Object(App\Controllers\Show))
#3 C:\xampp\htdocs\bpkad\system\CodeIgniter.php(318): CodeIgniter\CodeIgniter->handleRequest(NULL, Object(Config\Cache), false)
#4 C:\xampp\htdocs\bpkad\public\index.php(37): CodeIgniter\CodeIgniter->run()
#5 C:\xampp\htdocs\bpkad\system\Commands\Server\rewrite.php(43): require_once('C:\\xampp\\htdocs...')
#6 {main}
CRITICAL - 2022-02-07 19:43:58 --> Undefined property: App\Controllers\Show::$db
#0 C:\xampp\htdocs\bpkad\app\Controllers\Show.php(24): CodeIgniter\Debug\Exceptions->errorHandler(8, 'Undefined prope...', 'C:\\xampp\\htdocs...', 24, Array)
#1 C:\xampp\htdocs\bpkad\system\CodeIgniter.php(824): App\Controllers\Show->a('8')
#2 C:\xampp\htdocs\bpkad\system\CodeIgniter.php(410): CodeIgniter\CodeIgniter->runController(Object(App\Controllers\Show))
#3 C:\xampp\htdocs\bpkad\system\CodeIgniter.php(318): CodeIgniter\CodeIgniter->handleRequest(NULL, Object(Config\Cache), false)
#4 C:\xampp\htdocs\bpkad\public\index.php(37): CodeIgniter\CodeIgniter->run()
#5 C:\xampp\htdocs\bpkad\system\Commands\Server\rewrite.php(43): require_once('C:\\xampp\\htdocs...')
#6 {main}
CRITICAL - 2022-02-07 19:46:02 --> Undefined property: App\Controllers\Show::$builder
#0 C:\xampp\htdocs\bpkad\app\Controllers\Show.php(24): CodeIgniter\Debug\Exceptions->errorHandler(8, 'Undefined prope...', 'C:\\xampp\\htdocs...', 24, Array)
#1 C:\xampp\htdocs\bpkad\system\CodeIgniter.php(824): App\Controllers\Show->a('8')
#2 C:\xampp\htdocs\bpkad\system\CodeIgniter.php(410): CodeIgniter\CodeIgniter->runController(Object(App\Controllers\Show))
#3 C:\xampp\htdocs\bpkad\system\CodeIgniter.php(318): CodeIgniter\CodeIgniter->handleRequest(NULL, Object(Config\Cache), false)
#4 C:\xampp\htdocs\bpkad\public\index.php(37): CodeIgniter\CodeIgniter->run()
#5 C:\xampp\htdocs\bpkad\system\Commands\Server\rewrite.php(43): require_once('C:\\xampp\\htdocs...')
#6 {main}
CRITICAL - 2022-02-07 19:46:34 --> Argument 1 passed to CodeIgniter\Database\BaseBuilder::get() must be of the type int or null, string given, called in C:\xampp\htdocs\bpkad\system\Model.php on line 723
#0 C:\xampp\htdocs\bpkad\system\Model.php(723): CodeIgniter\Database\BaseBuilder->get('users')
#1 C:\xampp\htdocs\bpkad\app\Controllers\Show.php(24): CodeIgniter\Model->__call('get', Array)
#2 C:\xampp\htdocs\bpkad\system\CodeIgniter.php(824): App\Controllers\Show->a('8')
#3 C:\xampp\htdocs\bpkad\system\CodeIgniter.php(410): CodeIgniter\CodeIgniter->runController(Object(App\Controllers\Show))
#4 C:\xampp\htdocs\bpkad\system\CodeIgniter.php(318): CodeIgniter\CodeIgniter->handleRequest(NULL, Object(Config\Cache), false)
#5 C:\xampp\htdocs\bpkad\public\index.php(37): CodeIgniter\CodeIgniter->run()
#6 C:\xampp\htdocs\bpkad\system\Commands\Server\rewrite.php(43): require_once('C:\\xampp\\htdocs...')
#7 {main}
CRITICAL - 2022-02-07 19:55:17 --> Undefined property: App\Controllers\Show::$db
#0 C:\xampp\htdocs\bpkad\app\Controllers\Show.php(23): CodeIgniter\Debug\Exceptions->errorHandler(8, 'Undefined prope...', 'C:\\xampp\\htdocs...', 23, Array)
#1 C:\xampp\htdocs\bpkad\system\CodeIgniter.php(824): App\Controllers\Show->a('8')
#2 C:\xampp\htdocs\bpkad\system\CodeIgniter.php(410): CodeIgniter\CodeIgniter->runController(Object(App\Controllers\Show))
#3 C:\xampp\htdocs\bpkad\system\CodeIgniter.php(318): CodeIgniter\CodeIgniter->handleRequest(NULL, Object(Config\Cache), false)
#4 C:\xampp\htdocs\bpkad\public\index.php(37): CodeIgniter\CodeIgniter->run()
#5 C:\xampp\htdocs\bpkad\system\Commands\Server\rewrite.php(43): require_once('C:\\xampp\\htdocs...')
#6 {main}
CRITICAL - 2022-02-07 19:57:32 --> Undefined property: App\Controllers\Show::$db
#0 C:\xampp\htdocs\bpkad\app\Controllers\Show.php(24): CodeIgniter\Debug\Exceptions->errorHandler(8, 'Undefined prope...', 'C:\\xampp\\htdocs...', 24, Array)
#1 C:\xampp\htdocs\bpkad\system\CodeIgniter.php(824): App\Controllers\Show->a('8')
#2 C:\xampp\htdocs\bpkad\system\CodeIgniter.php(410): CodeIgniter\CodeIgniter->runController(Object(App\Controllers\Show))
#3 C:\xampp\htdocs\bpkad\system\CodeIgniter.php(318): CodeIgniter\CodeIgniter->handleRequest(NULL, Object(Config\Cache), false)
#4 C:\xampp\htdocs\bpkad\public\index.php(37): CodeIgniter\CodeIgniter->run()
#5 C:\xampp\htdocs\bpkad\system\Commands\Server\rewrite.php(43): require_once('C:\\xampp\\htdocs...')
#6 {main}
CRITICAL - 2022-02-07 20:00:23 --> Call to undefined method App\Models\ModelUser::row
#0 C:\xampp\htdocs\bpkad\app\Models\ModelUser.php(38): CodeIgniter\Model->__call('row', Array)
#1 C:\xampp\htdocs\bpkad\app\Controllers\Show.php(22): App\Models\ModelUser->getKode('8')
#2 C:\xampp\htdocs\bpkad\system\CodeIgniter.php(824): App\Controllers\Show->a('8')
#3 C:\xampp\htdocs\bpkad\system\CodeIgniter.php(410): CodeIgniter\CodeIgniter->runController(Object(App\Controllers\Show))
#4 C:\xampp\htdocs\bpkad\system\CodeIgniter.php(318): CodeIgniter\CodeIgniter->handleRequest(NULL, Object(Config\Cache), false)
#5 C:\xampp\htdocs\bpkad\public\index.php(37): CodeIgniter\CodeIgniter->run()
#6 C:\xampp\htdocs\bpkad\system\Commands\Server\rewrite.php(43): require_once('C:\\xampp\\htdocs...')
#7 {main}
CRITICAL - 2022-02-07 20:00:33 --> Call to undefined method App\Models\ModelUser::row
#0 C:\xampp\htdocs\bpkad\app\Models\ModelUser.php(38): CodeIgniter\Model->__call('row', Array)
#1 C:\xampp\htdocs\bpkad\app\Controllers\Show.php(22): App\Models\ModelUser->getKode('8')
#2 C:\xampp\htdocs\bpkad\system\CodeIgniter.php(824): App\Controllers\Show->a('8')
#3 C:\xampp\htdocs\bpkad\system\CodeIgniter.php(410): CodeIgniter\CodeIgniter->runController(Object(App\Controllers\Show))
#4 C:\xampp\htdocs\bpkad\system\CodeIgniter.php(318): CodeIgniter\CodeIgniter->handleRequest(NULL, Object(Config\Cache), false)
#5 C:\xampp\htdocs\bpkad\public\index.php(37): CodeIgniter\CodeIgniter->run()
#6 C:\xampp\htdocs\bpkad\system\Commands\Server\rewrite.php(43): require_once('C:\\xampp\\htdocs...')
#7 {main}
CRITICAL - 2022-02-07 20:00:34 --> Call to undefined method App\Models\ModelUser::row
#0 C:\xampp\htdocs\bpkad\app\Models\ModelUser.php(38): CodeIgniter\Model->__call('row', Array)
#1 C:\xampp\htdocs\bpkad\app\Controllers\Show.php(22): App\Models\ModelUser->getKode('8')
#2 C:\xampp\htdocs\bpkad\system\CodeIgniter.php(824): App\Controllers\Show->a('8')
#3 C:\xampp\htdocs\bpkad\system\CodeIgniter.php(410): CodeIgniter\CodeIgniter->runController(Object(App\Controllers\Show))
#4 C:\xampp\htdocs\bpkad\system\CodeIgniter.php(318): CodeIgniter\CodeIgniter->handleRequest(NULL, Object(Config\Cache), false)
#5 C:\xampp\htdocs\bpkad\public\index.php(37): CodeIgniter\CodeIgniter->run()
#6 C:\xampp\htdocs\bpkad\system\Commands\Server\rewrite.php(43): require_once('C:\\xampp\\htdocs...')
#7 {main}
CRITICAL - 2022-02-07 20:00:48 --> Call to undefined method App\Models\ModelUser::getRow
#0 C:\xampp\htdocs\bpkad\app\Models\ModelUser.php(38): CodeIgniter\Model->__call('getRow', Array)
#1 C:\xampp\htdocs\bpkad\app\Controllers\Show.php(22): App\Models\ModelUser->getKode('8')
#2 C:\xampp\htdocs\bpkad\system\CodeIgniter.php(824): App\Controllers\Show->a('8')
#3 C:\xampp\htdocs\bpkad\system\CodeIgniter.php(410): CodeIgniter\CodeIgniter->runController(Object(App\Controllers\Show))
#4 C:\xampp\htdocs\bpkad\system\CodeIgniter.php(318): CodeIgniter\CodeIgniter->handleRequest(NULL, Object(Config\Cache), false)
#5 C:\xampp\htdocs\bpkad\public\index.php(37): CodeIgniter\CodeIgniter->run()
#6 C:\xampp\htdocs\bpkad\system\Commands\Server\rewrite.php(43): require_once('C:\\xampp\\htdocs...')
#7 {main}
CRITICAL - 2022-02-07 20:01:08 --> Call to undefined method CodeIgniter\Database\MySQLi\Result::get()
#0 C:\xampp\htdocs\bpkad\system\CodeIgniter.php(824): App\Controllers\Show->a('8')
#1 C:\xampp\htdocs\bpkad\system\CodeIgniter.php(410): CodeIgniter\CodeIgniter->runController(Object(App\Controllers\Show))
#2 C:\xampp\htdocs\bpkad\system\CodeIgniter.php(318): CodeIgniter\CodeIgniter->handleRequest(NULL, Object(Config\Cache), false)
#3 C:\xampp\htdocs\bpkad\public\index.php(37): CodeIgniter\CodeIgniter->run()
#4 C:\xampp\htdocs\bpkad\system\Commands\Server\rewrite.php(43): require_once('C:\\xampp\\htdocs...')
#5 {main}
CRITICAL - 2022-02-07 20:01:10 --> Call to undefined method CodeIgniter\Database\MySQLi\Result::get()
#0 C:\xampp\htdocs\bpkad\system\CodeIgniter.php(824): App\Controllers\Show->a('8')
#1 C:\xampp\htdocs\bpkad\system\CodeIgniter.php(410): CodeIgniter\CodeIgniter->runController(Object(App\Controllers\Show))
#2 C:\xampp\htdocs\bpkad\system\CodeIgniter.php(318): CodeIgniter\CodeIgniter->handleRequest(NULL, Object(Config\Cache), false)
#3 C:\xampp\htdocs\bpkad\public\index.php(37): CodeIgniter\CodeIgniter->run()
#4 C:\xampp\htdocs\bpkad\system\Commands\Server\rewrite.php(43): require_once('C:\\xampp\\htdocs...')
#5 {main}
CRITICAL - 2022-02-07 20:01:39 --> Cannot use object of type stdClass as array
#0 C:\xampp\htdocs\bpkad\system\CodeIgniter.php(824): App\Controllers\Show->a('8')
#1 C:\xampp\htdocs\bpkad\system\CodeIgniter.php(410): CodeIgniter\CodeIgniter->runController(Object(App\Controllers\Show))
#2 C:\xampp\htdocs\bpkad\system\CodeIgniter.php(318): CodeIgniter\CodeIgniter->handleRequest(NULL, Object(Config\Cache), false)
#3 C:\xampp\htdocs\bpkad\public\index.php(37): CodeIgniter\CodeIgniter->run()
#4 C:\xampp\htdocs\bpkad\system\Commands\Server\rewrite.php(43): require_once('C:\\xampp\\htdocs...')
#5 {main}
CRITICAL - 2022-02-07 20:01:41 --> Cannot use object of type stdClass as array
#0 C:\xampp\htdocs\bpkad\system\CodeIgniter.php(824): App\Controllers\Show->a('8')
#1 C:\xampp\htdocs\bpkad\system\CodeIgniter.php(410): CodeIgniter\CodeIgniter->runController(Object(App\Controllers\Show))
#2 C:\xampp\htdocs\bpkad\system\CodeIgniter.php(318): CodeIgniter\CodeIgniter->handleRequest(NULL, Object(Config\Cache), false)
#3 C:\xampp\htdocs\bpkad\public\index.php(37): CodeIgniter\CodeIgniter->run()
#4 C:\xampp\htdocs\bpkad\system\Commands\Server\rewrite.php(43): require_once('C:\\xampp\\htdocs...')
#5 {main}
CRITICAL - 2022-02-07 20:03:33 --> Cannot use object of type stdClass as array
#0 C:\xampp\htdocs\bpkad\system\CodeIgniter.php(824): App\Controllers\Show->a('8')
#1 C:\xampp\htdocs\bpkad\system\CodeIgniter.php(410): CodeIgniter\CodeIgniter->runController(Object(App\Controllers\Show))
#2 C:\xampp\htdocs\bpkad\system\CodeIgniter.php(318): CodeIgniter\CodeIgniter->handleRequest(NULL, Object(Config\Cache), false)
#3 C:\xampp\htdocs\bpkad\public\index.php(37): CodeIgniter\CodeIgniter->run()
#4 C:\xampp\htdocs\bpkad\system\Commands\Server\rewrite.php(43): require_once('C:\\xampp\\htdocs...')
#5 {main}
CRITICAL - 2022-02-07 20:04:35 --> Cannot use object of type stdClass as array
#0 C:\xampp\htdocs\bpkad\system\CodeIgniter.php(824): App\Controllers\Show->a('8')
#1 C:\xampp\htdocs\bpkad\system\CodeIgniter.php(410): CodeIgniter\CodeIgniter->runController(Object(App\Controllers\Show))
#2 C:\xampp\htdocs\bpkad\system\CodeIgniter.php(318): CodeIgniter\CodeIgniter->handleRequest(NULL, Object(Config\Cache), false)
#3 C:\xampp\htdocs\bpkad\public\index.php(37): CodeIgniter\CodeIgniter->run()
#4 C:\xampp\htdocs\bpkad\system\Commands\Server\rewrite.php(43): require_once('C:\\xampp\\htdocs...')
#5 {main}
CRITICAL - 2022-02-07 20:04:50 --> Argument 2 passed to view() must be of the type array, object given, called in C:\xampp\htdocs\bpkad\app\Controllers\Show.php on line 35
#0 C:\xampp\htdocs\bpkad\app\Controllers\Show.php(35): view('tabel/print_adm...', Object(stdClass))
#1 C:\xampp\htdocs\bpkad\system\CodeIgniter.php(824): App\Controllers\Show->a('8')
#2 C:\xampp\htdocs\bpkad\system\CodeIgniter.php(410): CodeIgniter\CodeIgniter->runController(Object(App\Controllers\Show))
#3 C:\xampp\htdocs\bpkad\system\CodeIgniter.php(318): CodeIgniter\CodeIgniter->handleRequest(NULL, Object(Config\Cache), false)
#4 C:\xampp\htdocs\bpkad\public\index.php(37): CodeIgniter\CodeIgniter->run()
#5 C:\xampp\htdocs\bpkad\system\Commands\Server\rewrite.php(43): require_once('C:\\xampp\\htdocs...')
#6 {main}
CRITICAL - 2022-02-07 20:25:25 --> Object of class stdClass could not be converted to string
#0 [internal function]: CodeIgniter\Debug\Exceptions->shutdownHandler()
#1 {main}
CRITICAL - 2022-02-07 20:26:57 --> Undefined property: stdClass::$kd_bidang
#0 C:\xampp\htdocs\bpkad\app\Controllers\Show.php(30): CodeIgniter\Debug\Exceptions->errorHandler(8, 'Undefined prope...', 'C:\\xampp\\htdocs...', 30, Array)
#1 C:\xampp\htdocs\bpkad\system\CodeIgniter.php(824): App\Controllers\Show->a('8')
#2 C:\xampp\htdocs\bpkad\system\CodeIgniter.php(410): CodeIgniter\CodeIgniter->runController(Object(App\Controllers\Show))
#3 C:\xampp\htdocs\bpkad\system\CodeIgniter.php(318): CodeIgniter\CodeIgniter->handleRequest(NULL, Object(Config\Cache), false)
#4 C:\xampp\htdocs\bpkad\public\index.php(37): CodeIgniter\CodeIgniter->run()
#5 C:\xampp\htdocs\bpkad\system\Commands\Server\rewrite.php(43): require_once('C:\\xampp\\htdocs...')
#6 {main}
CRITICAL - 2022-02-07 20:26:59 --> Undefined property: stdClass::$kd_bidang
#0 C:\xampp\htdocs\bpkad\app\Controllers\Show.php(30): CodeIgniter\Debug\Exceptions->errorHandler(8, 'Undefined prope...', 'C:\\xampp\\htdocs...', 30, Array)
#1 C:\xampp\htdocs\bpkad\system\CodeIgniter.php(824): App\Controllers\Show->a('8')
#2 C:\xampp\htdocs\bpkad\system\CodeIgniter.php(410): CodeIgniter\CodeIgniter->runController(Object(App\Controllers\Show))
#3 C:\xampp\htdocs\bpkad\system\CodeIgniter.php(318): CodeIgniter\CodeIgniter->handleRequest(NULL, Object(Config\Cache), false)
#4 C:\xampp\htdocs\bpkad\public\index.php(37): CodeIgniter\CodeIgniter->run()
#5 C:\xampp\htdocs\bpkad\system\Commands\Server\rewrite.php(43): require_once('C:\\xampp\\htdocs...')
#6 {main}
CRITICAL - 2022-02-07 20:35:41 --> Use of undefined constant kd_bidang - assumed 'kd_bidang' (this will throw an Error in a future version of PHP)
#0 C:\xampp\htdocs\bpkad\app\Controllers\Show.php(24): CodeIgniter\Debug\Exceptions->errorHandler(2, 'Use of undefine...', 'C:\\xampp\\htdocs...', 24, Array)
#1 C:\xampp\htdocs\bpkad\system\CodeIgniter.php(824): App\Controllers\Show->a('8')
#2 C:\xampp\htdocs\bpkad\system\CodeIgniter.php(410): CodeIgniter\CodeIgniter->runController(Object(App\Controllers\Show))
#3 C:\xampp\htdocs\bpkad\system\CodeIgniter.php(318): CodeIgniter\CodeIgniter->handleRequest(NULL, Object(Config\Cache), false)
#4 C:\xampp\htdocs\bpkad\public\index.php(37): CodeIgniter\CodeIgniter->run()
#5 C:\xampp\htdocs\bpkad\system\Commands\Server\rewrite.php(43): require_once('C:\\xampp\\htdocs...')
#6 {main}
CRITICAL - 2022-02-07 20:39:10 --> Division by zero
#0 C:\xampp\htdocs\bpkad\app\Views\tabel\print_admin.php(125): CodeIgniter\Debug\Exceptions->errorHandler(2, 'Division by zer...', 'C:\\xampp\\htdocs...', 125, Array)
#1 C:\xampp\htdocs\bpkad\system\View\View.php(214): include('C:\\xampp\\htdocs...')
#2 C:\xampp\htdocs\bpkad\system\View\View.php(217): CodeIgniter\View\View->CodeIgniter\View\{closure}()
#3 C:\xampp\htdocs\bpkad\system\Common.php(1097): CodeIgniter\View\View->render('tabel/print_adm...', Array, true)
#4 C:\xampp\htdocs\bpkad\app\Controllers\Show.php(28): view('tabel/print_adm...', Array)
#5 C:\xampp\htdocs\bpkad\system\CodeIgniter.php(824): App\Controllers\Show->a('10')
#6 C:\xampp\htdocs\bpkad\system\CodeIgniter.php(410): CodeIgniter\CodeIgniter->runController(Object(App\Controllers\Show))
#7 C:\xampp\htdocs\bpkad\system\CodeIgniter.php(318): CodeIgniter\CodeIgniter->handleRequest(NULL, Object(Config\Cache), false)
#8 C:\xampp\htdocs\bpkad\public\index.php(37): CodeIgniter\CodeIgniter->run()
#9 C:\xampp\htdocs\bpkad\system\Commands\Server\rewrite.php(43): require_once('C:\\xampp\\htdocs...')
#10 {main}
CRITICAL - 2022-02-07 20:39:25 --> Division by zero
#0 C:\xampp\htdocs\bpkad\app\Views\tabel\print_admin.php(125): CodeIgniter\Debug\Exceptions->errorHandler(2, 'Division by zer...', 'C:\\xampp\\htdocs...', 125, Array)
#1 C:\xampp\htdocs\bpkad\system\View\View.php(214): include('C:\\xampp\\htdocs...')
#2 C:\xampp\htdocs\bpkad\system\View\View.php(217): CodeIgniter\View\View->CodeIgniter\View\{closure}()
#3 C:\xampp\htdocs\bpkad\system\Common.php(1097): CodeIgniter\View\View->render('tabel/print_adm...', Array, true)
#4 C:\xampp\htdocs\bpkad\app\Controllers\Show.php(28): view('tabel/print_adm...', Array)
#5 C:\xampp\htdocs\bpkad\system\CodeIgniter.php(824): App\Controllers\Show->a('11')
#6 C:\xampp\htdocs\bpkad\system\CodeIgniter.php(410): CodeIgniter\CodeIgniter->runController(Object(App\Controllers\Show))
#7 C:\xampp\htdocs\bpkad\system\CodeIgniter.php(318): CodeIgniter\CodeIgniter->handleRequest(NULL, Object(Config\Cache), false)
#8 C:\xampp\htdocs\bpkad\public\index.php(37): CodeIgniter\CodeIgniter->run()
#9 C:\xampp\htdocs\bpkad\system\Commands\Server\rewrite.php(43): require_once('C:\\xampp\\htdocs...')
#10 {main}
CRITICAL - 2022-02-07 20:39:38 --> Division by zero
#0 C:\xampp\htdocs\bpkad\app\Views\tabel\print_admin.php(125): CodeIgniter\Debug\Exceptions->errorHandler(2, 'Division by zer...', 'C:\\xampp\\htdocs...', 125, Array)
#1 C:\xampp\htdocs\bpkad\system\View\View.php(214): include('C:\\xampp\\htdocs...')
#2 C:\xampp\htdocs\bpkad\system\View\View.php(217): CodeIgniter\View\View->CodeIgniter\View\{closure}()
#3 C:\xampp\htdocs\bpkad\system\Common.php(1097): CodeIgniter\View\View->render('tabel/print_adm...', Array, true)
#4 C:\xampp\htdocs\bpkad\app\Controllers\Show.php(28): view('tabel/print_adm...', Array)
#5 C:\xampp\htdocs\bpkad\system\CodeIgniter.php(824): App\Controllers\Show->a('10')
#6 C:\xampp\htdocs\bpkad\system\CodeIgniter.php(410): CodeIgniter\CodeIgniter->runController(Object(App\Controllers\Show))
#7 C:\xampp\htdocs\bpkad\system\CodeIgniter.php(318): CodeIgniter\CodeIgniter->handleRequest(NULL, Object(Config\Cache), false)
#8 C:\xampp\htdocs\bpkad\public\index.php(37): CodeIgniter\CodeIgniter->run()
#9 C:\xampp\htdocs\bpkad\system\Commands\Server\rewrite.php(43): require_once('C:\\xampp\\htdocs...')
#10 {main}
CRITICAL - 2022-02-07 20:40:02 --> Division by zero
#0 C:\xampp\htdocs\bpkad\app\Views\tabel\print_admin.php(125): CodeIgniter\Debug\Exceptions->errorHandler(2, 'Division by zer...', 'C:\\xampp\\htdocs...', 125, Array)
#1 C:\xampp\htdocs\bpkad\system\View\View.php(214): include('C:\\xampp\\htdocs...')
#2 C:\xampp\htdocs\bpkad\system\View\View.php(217): CodeIgniter\View\View->CodeIgniter\View\{closure}()
#3 C:\xampp\htdocs\bpkad\system\Common.php(1097): CodeIgniter\View\View->render('tabel/print_adm...', Array, true)
#4 C:\xampp\htdocs\bpkad\app\Controllers\Show.php(28): view('tabel/print_adm...', Array)
#5 C:\xampp\htdocs\bpkad\system\CodeIgniter.php(824): App\Controllers\Show->a('10')
#6 C:\xampp\htdocs\bpkad\system\CodeIgniter.php(410): CodeIgniter\CodeIgniter->runController(Object(App\Controllers\Show))
#7 C:\xampp\htdocs\bpkad\system\CodeIgniter.php(318): CodeIgniter\CodeIgniter->handleRequest(NULL, Object(Config\Cache), false)
#8 C:\xampp\htdocs\bpkad\public\index.php(37): CodeIgniter\CodeIgniter->run()
#9 C:\xampp\htdocs\bpkad\system\Commands\Server\rewrite.php(43): require_once('C:\\xampp\\htdocs...')
#10 {main}
CRITICAL - 2022-02-07 21:07:36 --> Call to undefined method App\Models\ModelTabel::NOT_LIKE
#0 C:\xampp\htdocs\bpkad\app\Models\ModelTabel.php(43): CodeIgniter\Model->__call('NOT_LIKE', Array)
#1 C:\xampp\htdocs\bpkad\app\Controllers\Show.php(23): App\Models\ModelTabel->get_where('1', '2', '1', '1')
#2 C:\xampp\htdocs\bpkad\system\CodeIgniter.php(824): App\Controllers\Show->a('10')
#3 C:\xampp\htdocs\bpkad\system\CodeIgniter.php(410): CodeIgniter\CodeIgniter->runController(Object(App\Controllers\Show))
#4 C:\xampp\htdocs\bpkad\system\CodeIgniter.php(318): CodeIgniter\CodeIgniter->handleRequest(NULL, Object(Config\Cache), false)
#5 C:\xampp\htdocs\bpkad\public\index.php(37): CodeIgniter\CodeIgniter->run()
#6 C:\xampp\htdocs\bpkad\system\Commands\Server\rewrite.php(43): require_once('C:\\xampp\\htdocs...')
#7 {main}
CRITICAL - 2022-02-07 21:08:14 --> Call to undefined method App\Models\ModelTabel::NOT_LIKE
#0 C:\xampp\htdocs\bpkad\app\Models\ModelTabel.php(43): CodeIgniter\Model->__call('NOT_LIKE', Array)
#1 C:\xampp\htdocs\bpkad\app\Controllers\Show.php(23): App\Models\ModelTabel->get_where('1', '2', '1', '1')
#2 C:\xampp\htdocs\bpkad\system\CodeIgniter.php(824): App\Controllers\Show->a('10')
#3 C:\xampp\htdocs\bpkad\system\CodeIgniter.php(410): CodeIgniter\CodeIgniter->runController(Object(App\Controllers\Show))
#4 C:\xampp\htdocs\bpkad\system\CodeIgniter.php(318): CodeIgniter\CodeIgniter->handleRequest(NULL, Object(Config\Cache), false)
#5 C:\xampp\htdocs\bpkad\public\index.php(37): CodeIgniter\CodeIgniter->run()
#6 C:\xampp\htdocs\bpkad\system\Commands\Server\rewrite.php(43): require_once('C:\\xampp\\htdocs...')
#7 {main}
CRITICAL - 2022-02-07 21:17:53 --> Call to undefined method App\Models\ModelTabel::NOT_LIKE
#0 C:\xampp\htdocs\bpkad\app\Models\ModelTabel.php(43): CodeIgniter\Model->__call('NOT_LIKE', Array)
#1 C:\xampp\htdocs\bpkad\app\Controllers\Show.php(23): App\Models\ModelTabel->get_where('1', '5', '1', '1')
#2 C:\xampp\htdocs\bpkad\system\CodeIgniter.php(824): App\Controllers\Show->a('8')
#3 C:\xampp\htdocs\bpkad\system\CodeIgniter.php(410): CodeIgniter\CodeIgniter->runController(Object(App\Controllers\Show))
#4 C:\xampp\htdocs\bpkad\system\CodeIgniter.php(318): CodeIgniter\CodeIgniter->handleRequest(NULL, Object(Config\Cache), false)
#5 C:\xampp\htdocs\bpkad\public\index.php(37): CodeIgniter\CodeIgniter->run()
#6 C:\xampp\htdocs\bpkad\system\Commands\Server\rewrite.php(43): require_once('C:\\xampp\\htdocs...')
#7 {main}
CRITICAL - 2022-02-07 21:23:41 --> Call to undefined method CodeIgniter\Database\SQLSRV\Result::not_like()
#0 C:\xampp\htdocs\bpkad\system\CodeIgniter.php(824): App\Controllers\Show->a('8')
#1 C:\xampp\htdocs\bpkad\system\CodeIgniter.php(410): CodeIgniter\CodeIgniter->runController(Object(App\Controllers\Show))
#2 C:\xampp\htdocs\bpkad\system\CodeIgniter.php(318): CodeIgniter\CodeIgniter->handleRequest(NULL, Object(Config\Cache), false)
#3 C:\xampp\htdocs\bpkad\public\index.php(37): CodeIgniter\CodeIgniter->run()
#4 C:\xampp\htdocs\bpkad\system\Commands\Server\rewrite.php(43): require_once('C:\\xampp\\htdocs...')
#5 {main}
