CRITICAL - 2022-01-26 01:40:38 --> Undefined property: stdClass::$Kd_Urusan
#0 C:\xampp\htdocs\bpkad\app\Models\ModelTabel.php(65): CodeIgniter\Debug\Exceptions->errorHandler(8, 'Undefined prope...', 'C:\\xampp\\htdocs...', 65, Array)
#1 C:\xampp\htdocs\bpkad\app\Views\tabel\index2.php(63): App\Models\ModelTabel->get_sub_kegiatan(Object(stdClass))
#2 C:\xampp\htdocs\bpkad\system\View\View.php(214): include('C:\\xampp\\htdocs...')
#3 C:\xampp\htdocs\bpkad\system\View\View.php(217): CodeIgniter\View\View->CodeIgniter\View\{closure}()
#4 C:\xampp\htdocs\bpkad\system\Common.php(1097): CodeIgniter\View\View->render('tabel/index2', Array, true)
#5 C:\xampp\htdocs\bpkad\app\Controllers\Tabel.php(31): view('tabel/index2', Array)
#6 C:\xampp\htdocs\bpkad\system\CodeIgniter.php(824): App\Controllers\Tabel->index()
#7 C:\xampp\htdocs\bpkad\system\CodeIgniter.php(410): CodeIgniter\CodeIgniter->runController(Object(App\Controllers\Tabel))
#8 C:\xampp\htdocs\bpkad\system\CodeIgniter.php(318): CodeIgniter\CodeIgniter->handleRequest(NULL, Object(Config\Cache), false)
#9 C:\xampp\htdocs\bpkad\public\index.php(37): CodeIgniter\CodeIgniter->run()
#10 C:\xampp\htdocs\bpkad\system\Commands\Server\rewrite.php(43): require_once('C:\\xampp\\htdocs...')
#11 {main}
ERROR - 2022-01-26 19:22:20 --> [Microsoft][ODBC Driver 17 for SQL Server][SQL Server]The objects "kinerja_2021.dbo.coba" and "kinerja_2021.dbo.coba" in the FROM clause have the same exposed names. Use correlation names to distinguish them.
CRITICAL - 2022-01-26 19:22:20 --> [Microsoft][ODBC Driver 17 for SQL Server][SQL Server]The objects "kinerja_2021.dbo.coba" and "kinerja_2021.dbo.coba" in the FROM clause have the same exposed names. Use correlation names to distinguish them.
#0 C:\xampp\htdocs\bpkad\system\Database\BaseConnection.php(670): CodeIgniter\Database\SQLSRV\Connection->execute('SELECT "coba"."...')
#1 C:\xampp\htdocs\bpkad\system\Database\BaseConnection.php(598): CodeIgniter\Database\BaseConnection->simpleQuery('SELECT "coba"."...')
#2 C:\xampp\htdocs\bpkad\system\Database\SQLSRV\Builder.php(614): CodeIgniter\Database\BaseConnection->query('SELECT "coba"."...', Array, false)
#3 C:\xampp\htdocs\bpkad\system\Model.php(723): CodeIgniter\Database\SQLSRV\Builder->get()
#4 C:\xampp\htdocs\bpkad\app\Models\ModelTabel.php(105): CodeIgniter\Model->__call('get', Array)
#5 C:\xampp\htdocs\bpkad\app\Views\tabel\index2.php(94): App\Models\ModelTabel->get_indikator(Object(stdClass))
#6 C:\xampp\htdocs\bpkad\system\View\View.php(214): include('C:\\xampp\\htdocs...')
#7 C:\xampp\htdocs\bpkad\system\View\View.php(217): CodeIgniter\View\View->CodeIgniter\View\{closure}()
#8 C:\xampp\htdocs\bpkad\system\Common.php(1097): CodeIgniter\View\View->render('tabel/index2', Array, true)
#9 C:\xampp\htdocs\bpkad\app\Controllers\Tabel.php(21): view('tabel/index2', Array)
#10 C:\xampp\htdocs\bpkad\system\CodeIgniter.php(824): App\Controllers\Tabel->index()
#11 C:\xampp\htdocs\bpkad\system\CodeIgniter.php(410): CodeIgniter\CodeIgniter->runController(Object(App\Controllers\Tabel))
#12 C:\xampp\htdocs\bpkad\system\CodeIgniter.php(318): CodeIgniter\CodeIgniter->handleRequest(NULL, Object(Config\Cache), false)
#13 C:\xampp\htdocs\bpkad\public\index.php(37): CodeIgniter\CodeIgniter->run()
#14 C:\xampp\htdocs\bpkad\system\Commands\Server\rewrite.php(43): require_once('C:\\xampp\\htdocs...')
#15 {main}
ERROR - 2022-01-26 19:29:21 --> [Microsoft][ODBC Driver 17 for SQL Server][SQL Server]The objects "kinerja_2021.dbo.coba" and "kinerja_2021.dbo.coba" in the FROM clause have the same exposed names. Use correlation names to distinguish them.
CRITICAL - 2022-01-26 19:29:21 --> [Microsoft][ODBC Driver 17 for SQL Server][SQL Server]The objects "kinerja_2021.dbo.coba" and "kinerja_2021.dbo.coba" in the FROM clause have the same exposed names. Use correlation names to distinguish them.
#0 C:\xampp\htdocs\bpkad\system\Database\BaseConnection.php(670): CodeIgniter\Database\SQLSRV\Connection->execute('SELECT "coba"."...')
#1 C:\xampp\htdocs\bpkad\system\Database\BaseConnection.php(598): CodeIgniter\Database\BaseConnection->simpleQuery('SELECT "coba"."...')
#2 C:\xampp\htdocs\bpkad\system\Database\SQLSRV\Builder.php(614): CodeIgniter\Database\BaseConnection->query('SELECT "coba"."...', Array, false)
#3 C:\xampp\htdocs\bpkad\system\Model.php(723): CodeIgniter\Database\SQLSRV\Builder->get()
#4 C:\xampp\htdocs\bpkad\app\Models\ModelTabel.php(105): CodeIgniter\Model->__call('get', Array)
#5 C:\xampp\htdocs\bpkad\app\Views\tabel\index2.php(94): App\Models\ModelTabel->get_indikator(Object(stdClass))
#6 C:\xampp\htdocs\bpkad\system\View\View.php(214): include('C:\\xampp\\htdocs...')
#7 C:\xampp\htdocs\bpkad\system\View\View.php(217): CodeIgniter\View\View->CodeIgniter\View\{closure}()
#8 C:\xampp\htdocs\bpkad\system\Common.php(1097): CodeIgniter\View\View->render('tabel/index2', Array, true)
#9 C:\xampp\htdocs\bpkad\app\Controllers\Tabel.php(21): view('tabel/index2', Array)
#10 C:\xampp\htdocs\bpkad\system\CodeIgniter.php(824): App\Controllers\Tabel->index()
#11 C:\xampp\htdocs\bpkad\system\CodeIgniter.php(410): CodeIgniter\CodeIgniter->runController(Object(App\Controllers\Tabel))
#12 C:\xampp\htdocs\bpkad\system\CodeIgniter.php(318): CodeIgniter\CodeIgniter->handleRequest(NULL, Object(Config\Cache), false)
#13 C:\xampp\htdocs\bpkad\public\index.php(37): CodeIgniter\CodeIgniter->run()
#14 C:\xampp\htdocs\bpkad\system\Commands\Server\rewrite.php(43): require_once('C:\\xampp\\htdocs...')
#15 {main}
ERROR - 2022-01-26 19:32:22 --> [Microsoft][ODBC Driver 17 for SQL Server][SQL Server]The objects "kinerja_2021.dbo.coba" and "kinerja_2021.dbo.coba" in the FROM clause have the same exposed names. Use correlation names to distinguish them.
CRITICAL - 2022-01-26 19:32:22 --> [Microsoft][ODBC Driver 17 for SQL Server][SQL Server]The objects "kinerja_2021.dbo.coba" and "kinerja_2021.dbo.coba" in the FROM clause have the same exposed names. Use correlation names to distinguish them.
#0 C:\xampp\htdocs\bpkad\system\Database\BaseConnection.php(670): CodeIgniter\Database\SQLSRV\Connection->execute('SELECT "kd_urus...')
#1 C:\xampp\htdocs\bpkad\system\Database\BaseConnection.php(598): CodeIgniter\Database\BaseConnection->simpleQuery('SELECT "kd_urus...')
#2 C:\xampp\htdocs\bpkad\system\Database\SQLSRV\Builder.php(614): CodeIgniter\Database\BaseConnection->query('SELECT "kd_urus...', Array, false)
#3 C:\xampp\htdocs\bpkad\system\Model.php(723): CodeIgniter\Database\SQLSRV\Builder->get()
#4 C:\xampp\htdocs\bpkad\app\Models\ModelTabel.php(105): CodeIgniter\Model->__call('get', Array)
#5 C:\xampp\htdocs\bpkad\app\Views\tabel\index2.php(94): App\Models\ModelTabel->get_indikator(Object(stdClass))
#6 C:\xampp\htdocs\bpkad\system\View\View.php(214): include('C:\\xampp\\htdocs...')
#7 C:\xampp\htdocs\bpkad\system\View\View.php(217): CodeIgniter\View\View->CodeIgniter\View\{closure}()
#8 C:\xampp\htdocs\bpkad\system\Common.php(1097): CodeIgniter\View\View->render('tabel/index2', Array, true)
#9 C:\xampp\htdocs\bpkad\app\Controllers\Tabel.php(21): view('tabel/index2', Array)
#10 C:\xampp\htdocs\bpkad\system\CodeIgniter.php(824): App\Controllers\Tabel->index()
#11 C:\xampp\htdocs\bpkad\system\CodeIgniter.php(410): CodeIgniter\CodeIgniter->runController(Object(App\Controllers\Tabel))
#12 C:\xampp\htdocs\bpkad\system\CodeIgniter.php(318): CodeIgniter\CodeIgniter->handleRequest(NULL, Object(Config\Cache), false)
#13 C:\xampp\htdocs\bpkad\public\index.php(37): CodeIgniter\CodeIgniter->run()
#14 C:\xampp\htdocs\bpkad\system\Commands\Server\rewrite.php(43): require_once('C:\\xampp\\htdocs...')
#15 {main}
ERROR - 2022-01-26 19:34:30 --> [Microsoft][ODBC Driver 17 for SQL Server][SQL Server]The objects "kinerja_2021.dbo.coba" and "kinerja_2021.dbo.coba" in the FROM clause have the same exposed names. Use correlation names to distinguish them.
CRITICAL - 2022-01-26 19:34:30 --> [Microsoft][ODBC Driver 17 for SQL Server][SQL Server]The objects "kinerja_2021.dbo.coba" and "kinerja_2021.dbo.coba" in the FROM clause have the same exposed names. Use correlation names to distinguish them.
#0 C:\xampp\htdocs\bpkad\system\Database\BaseConnection.php(670): CodeIgniter\Database\SQLSRV\Connection->execute('SELECT "kinerja...')
#1 C:\xampp\htdocs\bpkad\system\Database\BaseConnection.php(598): CodeIgniter\Database\BaseConnection->simpleQuery('SELECT "kinerja...')
#2 C:\xampp\htdocs\bpkad\system\Database\SQLSRV\Builder.php(614): CodeIgniter\Database\BaseConnection->query('SELECT "kinerja...', Array, false)
#3 C:\xampp\htdocs\bpkad\system\Model.php(723): CodeIgniter\Database\SQLSRV\Builder->get()
#4 C:\xampp\htdocs\bpkad\app\Models\ModelTabel.php(105): CodeIgniter\Model->__call('get', Array)
#5 C:\xampp\htdocs\bpkad\app\Views\tabel\index2.php(94): App\Models\ModelTabel->get_indikator(Object(stdClass))
#6 C:\xampp\htdocs\bpkad\system\View\View.php(214): include('C:\\xampp\\htdocs...')
#7 C:\xampp\htdocs\bpkad\system\View\View.php(217): CodeIgniter\View\View->CodeIgniter\View\{closure}()
#8 C:\xampp\htdocs\bpkad\system\Common.php(1097): CodeIgniter\View\View->render('tabel/index2', Array, true)
#9 C:\xampp\htdocs\bpkad\app\Controllers\Tabel.php(21): view('tabel/index2', Array)
#10 C:\xampp\htdocs\bpkad\system\CodeIgniter.php(824): App\Controllers\Tabel->index()
#11 C:\xampp\htdocs\bpkad\system\CodeIgniter.php(410): CodeIgniter\CodeIgniter->runController(Object(App\Controllers\Tabel))
#12 C:\xampp\htdocs\bpkad\system\CodeIgniter.php(318): CodeIgniter\CodeIgniter->handleRequest(NULL, Object(Config\Cache), false)
#13 C:\xampp\htdocs\bpkad\public\index.php(37): CodeIgniter\CodeIgniter->run()
#14 C:\xampp\htdocs\bpkad\system\Commands\Server\rewrite.php(43): require_once('C:\\xampp\\htdocs...')
#15 {main}
ERROR - 2022-01-26 19:35:10 --> [Microsoft][ODBC Driver 17 for SQL Server][SQL Server]The objects "kinerja_2021.dbo.coba" and "kinerja_2021.dbo.coba" in the FROM clause have the same exposed names. Use correlation names to distinguish them.
CRITICAL - 2022-01-26 19:35:10 --> [Microsoft][ODBC Driver 17 for SQL Server][SQL Server]The objects "kinerja_2021.dbo.coba" and "kinerja_2021.dbo.coba" in the FROM clause have the same exposed names. Use correlation names to distinguish them.
#0 C:\xampp\htdocs\bpkad\system\Database\BaseConnection.php(670): CodeIgniter\Database\SQLSRV\Connection->execute('SELECT "kinerja...')
#1 C:\xampp\htdocs\bpkad\system\Database\BaseConnection.php(598): CodeIgniter\Database\BaseConnection->simpleQuery('SELECT "kinerja...')
#2 C:\xampp\htdocs\bpkad\system\Database\SQLSRV\Builder.php(614): CodeIgniter\Database\BaseConnection->query('SELECT "kinerja...', Array, false)
#3 C:\xampp\htdocs\bpkad\system\Model.php(723): CodeIgniter\Database\SQLSRV\Builder->get()
#4 C:\xampp\htdocs\bpkad\app\Models\ModelTabel.php(100): CodeIgniter\Model->__call('get', Array)
#5 C:\xampp\htdocs\bpkad\app\Views\tabel\index2.php(94): App\Models\ModelTabel->get_indikator(Object(stdClass))
#6 C:\xampp\htdocs\bpkad\system\View\View.php(214): include('C:\\xampp\\htdocs...')
#7 C:\xampp\htdocs\bpkad\system\View\View.php(217): CodeIgniter\View\View->CodeIgniter\View\{closure}()
#8 C:\xampp\htdocs\bpkad\system\Common.php(1097): CodeIgniter\View\View->render('tabel/index2', Array, true)
#9 C:\xampp\htdocs\bpkad\app\Controllers\Tabel.php(21): view('tabel/index2', Array)
#10 C:\xampp\htdocs\bpkad\system\CodeIgniter.php(824): App\Controllers\Tabel->index()
#11 C:\xampp\htdocs\bpkad\system\CodeIgniter.php(410): CodeIgniter\CodeIgniter->runController(Object(App\Controllers\Tabel))
#12 C:\xampp\htdocs\bpkad\system\CodeIgniter.php(318): CodeIgniter\CodeIgniter->handleRequest(NULL, Object(Config\Cache), false)
#13 C:\xampp\htdocs\bpkad\public\index.php(37): CodeIgniter\CodeIgniter->run()
#14 C:\xampp\htdocs\bpkad\system\Commands\Server\rewrite.php(43): require_once('C:\\xampp\\htdocs...')
#15 {main}
ERROR - 2022-01-26 19:35:12 --> [Microsoft][ODBC Driver 17 for SQL Server][SQL Server]The objects "kinerja_2021.dbo.coba" and "kinerja_2021.dbo.coba" in the FROM clause have the same exposed names. Use correlation names to distinguish them.
CRITICAL - 2022-01-26 19:35:12 --> [Microsoft][ODBC Driver 17 for SQL Server][SQL Server]The objects "kinerja_2021.dbo.coba" and "kinerja_2021.dbo.coba" in the FROM clause have the same exposed names. Use correlation names to distinguish them.
#0 C:\xampp\htdocs\bpkad\system\Database\BaseConnection.php(670): CodeIgniter\Database\SQLSRV\Connection->execute('SELECT "kinerja...')
#1 C:\xampp\htdocs\bpkad\system\Database\BaseConnection.php(598): CodeIgniter\Database\BaseConnection->simpleQuery('SELECT "kinerja...')
#2 C:\xampp\htdocs\bpkad\system\Database\SQLSRV\Builder.php(614): CodeIgniter\Database\BaseConnection->query('SELECT "kinerja...', Array, false)
#3 C:\xampp\htdocs\bpkad\system\Model.php(723): CodeIgniter\Database\SQLSRV\Builder->get()
#4 C:\xampp\htdocs\bpkad\app\Models\ModelTabel.php(100): CodeIgniter\Model->__call('get', Array)
#5 C:\xampp\htdocs\bpkad\app\Views\tabel\index2.php(94): App\Models\ModelTabel->get_indikator(Object(stdClass))
#6 C:\xampp\htdocs\bpkad\system\View\View.php(214): include('C:\\xampp\\htdocs...')
#7 C:\xampp\htdocs\bpkad\system\View\View.php(217): CodeIgniter\View\View->CodeIgniter\View\{closure}()
#8 C:\xampp\htdocs\bpkad\system\Common.php(1097): CodeIgniter\View\View->render('tabel/index2', Array, true)
#9 C:\xampp\htdocs\bpkad\app\Controllers\Tabel.php(21): view('tabel/index2', Array)
#10 C:\xampp\htdocs\bpkad\system\CodeIgniter.php(824): App\Controllers\Tabel->index()
#11 C:\xampp\htdocs\bpkad\system\CodeIgniter.php(410): CodeIgniter\CodeIgniter->runController(Object(App\Controllers\Tabel))
#12 C:\xampp\htdocs\bpkad\system\CodeIgniter.php(318): CodeIgniter\CodeIgniter->handleRequest(NULL, Object(Config\Cache), false)
#13 C:\xampp\htdocs\bpkad\public\index.php(37): CodeIgniter\CodeIgniter->run()
#14 C:\xampp\htdocs\bpkad\system\Commands\Server\rewrite.php(43): require_once('C:\\xampp\\htdocs...')
#15 {main}
ERROR - 2022-01-26 19:35:13 --> [Microsoft][ODBC Driver 17 for SQL Server][SQL Server]The objects "kinerja_2021.dbo.coba" and "kinerja_2021.dbo.coba" in the FROM clause have the same exposed names. Use correlation names to distinguish them.
CRITICAL - 2022-01-26 19:35:13 --> [Microsoft][ODBC Driver 17 for SQL Server][SQL Server]The objects "kinerja_2021.dbo.coba" and "kinerja_2021.dbo.coba" in the FROM clause have the same exposed names. Use correlation names to distinguish them.
#0 C:\xampp\htdocs\bpkad\system\Database\BaseConnection.php(670): CodeIgniter\Database\SQLSRV\Connection->execute('SELECT "kinerja...')
#1 C:\xampp\htdocs\bpkad\system\Database\BaseConnection.php(598): CodeIgniter\Database\BaseConnection->simpleQuery('SELECT "kinerja...')
#2 C:\xampp\htdocs\bpkad\system\Database\SQLSRV\Builder.php(614): CodeIgniter\Database\BaseConnection->query('SELECT "kinerja...', Array, false)
#3 C:\xampp\htdocs\bpkad\system\Model.php(723): CodeIgniter\Database\SQLSRV\Builder->get()
#4 C:\xampp\htdocs\bpkad\app\Models\ModelTabel.php(100): CodeIgniter\Model->__call('get', Array)
#5 C:\xampp\htdocs\bpkad\app\Views\tabel\index2.php(94): App\Models\ModelTabel->get_indikator(Object(stdClass))
#6 C:\xampp\htdocs\bpkad\system\View\View.php(214): include('C:\\xampp\\htdocs...')
#7 C:\xampp\htdocs\bpkad\system\View\View.php(217): CodeIgniter\View\View->CodeIgniter\View\{closure}()
#8 C:\xampp\htdocs\bpkad\system\Common.php(1097): CodeIgniter\View\View->render('tabel/index2', Array, true)
#9 C:\xampp\htdocs\bpkad\app\Controllers\Tabel.php(21): view('tabel/index2', Array)
#10 C:\xampp\htdocs\bpkad\system\CodeIgniter.php(824): App\Controllers\Tabel->index()
#11 C:\xampp\htdocs\bpkad\system\CodeIgniter.php(410): CodeIgniter\CodeIgniter->runController(Object(App\Controllers\Tabel))
#12 C:\xampp\htdocs\bpkad\system\CodeIgniter.php(318): CodeIgniter\CodeIgniter->handleRequest(NULL, Object(Config\Cache), false)
#13 C:\xampp\htdocs\bpkad\public\index.php(37): CodeIgniter\CodeIgniter->run()
#14 C:\xampp\htdocs\bpkad\system\Commands\Server\rewrite.php(43): require_once('C:\\xampp\\htdocs...')
#15 {main}
ERROR - 2022-01-26 19:35:13 --> [Microsoft][ODBC Driver 17 for SQL Server][SQL Server]The objects "kinerja_2021.dbo.coba" and "kinerja_2021.dbo.coba" in the FROM clause have the same exposed names. Use correlation names to distinguish them.
CRITICAL - 2022-01-26 19:35:13 --> [Microsoft][ODBC Driver 17 for SQL Server][SQL Server]The objects "kinerja_2021.dbo.coba" and "kinerja_2021.dbo.coba" in the FROM clause have the same exposed names. Use correlation names to distinguish them.
#0 C:\xampp\htdocs\bpkad\system\Database\BaseConnection.php(670): CodeIgniter\Database\SQLSRV\Connection->execute('SELECT "kinerja...')
#1 C:\xampp\htdocs\bpkad\system\Database\BaseConnection.php(598): CodeIgniter\Database\BaseConnection->simpleQuery('SELECT "kinerja...')
#2 C:\xampp\htdocs\bpkad\system\Database\SQLSRV\Builder.php(614): CodeIgniter\Database\BaseConnection->query('SELECT "kinerja...', Array, false)
#3 C:\xampp\htdocs\bpkad\system\Model.php(723): CodeIgniter\Database\SQLSRV\Builder->get()
#4 C:\xampp\htdocs\bpkad\app\Models\ModelTabel.php(100): CodeIgniter\Model->__call('get', Array)
#5 C:\xampp\htdocs\bpkad\app\Views\tabel\index2.php(94): App\Models\ModelTabel->get_indikator(Object(stdClass))
#6 C:\xampp\htdocs\bpkad\system\View\View.php(214): include('C:\\xampp\\htdocs...')
#7 C:\xampp\htdocs\bpkad\system\View\View.php(217): CodeIgniter\View\View->CodeIgniter\View\{closure}()
#8 C:\xampp\htdocs\bpkad\system\Common.php(1097): CodeIgniter\View\View->render('tabel/index2', Array, true)
#9 C:\xampp\htdocs\bpkad\app\Controllers\Tabel.php(21): view('tabel/index2', Array)
#10 C:\xampp\htdocs\bpkad\system\CodeIgniter.php(824): App\Controllers\Tabel->index()
#11 C:\xampp\htdocs\bpkad\system\CodeIgniter.php(410): CodeIgniter\CodeIgniter->runController(Object(App\Controllers\Tabel))
#12 C:\xampp\htdocs\bpkad\system\CodeIgniter.php(318): CodeIgniter\CodeIgniter->handleRequest(NULL, Object(Config\Cache), false)
#13 C:\xampp\htdocs\bpkad\public\index.php(37): CodeIgniter\CodeIgniter->run()
#14 C:\xampp\htdocs\bpkad\system\Commands\Server\rewrite.php(43): require_once('C:\\xampp\\htdocs...')
#15 {main}
ERROR - 2022-01-26 19:35:13 --> [Microsoft][ODBC Driver 17 for SQL Server][SQL Server]The objects "kinerja_2021.dbo.coba" and "kinerja_2021.dbo.coba" in the FROM clause have the same exposed names. Use correlation names to distinguish them.
CRITICAL - 2022-01-26 19:35:13 --> [Microsoft][ODBC Driver 17 for SQL Server][SQL Server]The objects "kinerja_2021.dbo.coba" and "kinerja_2021.dbo.coba" in the FROM clause have the same exposed names. Use correlation names to distinguish them.
#0 C:\xampp\htdocs\bpkad\system\Database\BaseConnection.php(670): CodeIgniter\Database\SQLSRV\Connection->execute('SELECT "kinerja...')
#1 C:\xampp\htdocs\bpkad\system\Database\BaseConnection.php(598): CodeIgniter\Database\BaseConnection->simpleQuery('SELECT "kinerja...')
#2 C:\xampp\htdocs\bpkad\system\Database\SQLSRV\Builder.php(614): CodeIgniter\Database\BaseConnection->query('SELECT "kinerja...', Array, false)
#3 C:\xampp\htdocs\bpkad\system\Model.php(723): CodeIgniter\Database\SQLSRV\Builder->get()
#4 C:\xampp\htdocs\bpkad\app\Models\ModelTabel.php(100): CodeIgniter\Model->__call('get', Array)
#5 C:\xampp\htdocs\bpkad\app\Views\tabel\index2.php(94): App\Models\ModelTabel->get_indikator(Object(stdClass))
#6 C:\xampp\htdocs\bpkad\system\View\View.php(214): include('C:\\xampp\\htdocs...')
#7 C:\xampp\htdocs\bpkad\system\View\View.php(217): CodeIgniter\View\View->CodeIgniter\View\{closure}()
#8 C:\xampp\htdocs\bpkad\system\Common.php(1097): CodeIgniter\View\View->render('tabel/index2', Array, true)
#9 C:\xampp\htdocs\bpkad\app\Controllers\Tabel.php(21): view('tabel/index2', Array)
#10 C:\xampp\htdocs\bpkad\system\CodeIgniter.php(824): App\Controllers\Tabel->index()
#11 C:\xampp\htdocs\bpkad\system\CodeIgniter.php(410): CodeIgniter\CodeIgniter->runController(Object(App\Controllers\Tabel))
#12 C:\xampp\htdocs\bpkad\system\CodeIgniter.php(318): CodeIgniter\CodeIgniter->handleRequest(NULL, Object(Config\Cache), false)
#13 C:\xampp\htdocs\bpkad\public\index.php(37): CodeIgniter\CodeIgniter->run()
#14 C:\xampp\htdocs\bpkad\system\Commands\Server\rewrite.php(43): require_once('C:\\xampp\\htdocs...')
#15 {main}
ERROR - 2022-01-26 19:35:14 --> [Microsoft][ODBC Driver 17 for SQL Server][SQL Server]The objects "kinerja_2021.dbo.coba" and "kinerja_2021.dbo.coba" in the FROM clause have the same exposed names. Use correlation names to distinguish them.
CRITICAL - 2022-01-26 19:35:14 --> [Microsoft][ODBC Driver 17 for SQL Server][SQL Server]The objects "kinerja_2021.dbo.coba" and "kinerja_2021.dbo.coba" in the FROM clause have the same exposed names. Use correlation names to distinguish them.
#0 C:\xampp\htdocs\bpkad\system\Database\BaseConnection.php(670): CodeIgniter\Database\SQLSRV\Connection->execute('SELECT "kinerja...')
#1 C:\xampp\htdocs\bpkad\system\Database\BaseConnection.php(598): CodeIgniter\Database\BaseConnection->simpleQuery('SELECT "kinerja...')
#2 C:\xampp\htdocs\bpkad\system\Database\SQLSRV\Builder.php(614): CodeIgniter\Database\BaseConnection->query('SELECT "kinerja...', Array, false)
#3 C:\xampp\htdocs\bpkad\system\Model.php(723): CodeIgniter\Database\SQLSRV\Builder->get()
#4 C:\xampp\htdocs\bpkad\app\Models\ModelTabel.php(100): CodeIgniter\Model->__call('get', Array)
#5 C:\xampp\htdocs\bpkad\app\Views\tabel\index2.php(94): App\Models\ModelTabel->get_indikator(Object(stdClass))
#6 C:\xampp\htdocs\bpkad\system\View\View.php(214): include('C:\\xampp\\htdocs...')
#7 C:\xampp\htdocs\bpkad\system\View\View.php(217): CodeIgniter\View\View->CodeIgniter\View\{closure}()
#8 C:\xampp\htdocs\bpkad\system\Common.php(1097): CodeIgniter\View\View->render('tabel/index2', Array, true)
#9 C:\xampp\htdocs\bpkad\app\Controllers\Tabel.php(21): view('tabel/index2', Array)
#10 C:\xampp\htdocs\bpkad\system\CodeIgniter.php(824): App\Controllers\Tabel->index()
#11 C:\xampp\htdocs\bpkad\system\CodeIgniter.php(410): CodeIgniter\CodeIgniter->runController(Object(App\Controllers\Tabel))
#12 C:\xampp\htdocs\bpkad\system\CodeIgniter.php(318): CodeIgniter\CodeIgniter->handleRequest(NULL, Object(Config\Cache), false)
#13 C:\xampp\htdocs\bpkad\public\index.php(37): CodeIgniter\CodeIgniter->run()
#14 C:\xampp\htdocs\bpkad\system\Commands\Server\rewrite.php(43): require_once('C:\\xampp\\htdocs...')
#15 {main}
ERROR - 2022-01-26 19:35:26 --> [Microsoft][ODBC Driver 17 for SQL Server][SQL Server]The objects "kinerja_2021.dbo.coba" and "kinerja_2021.dbo.coba" in the FROM clause have the same exposed names. Use correlation names to distinguish them.
CRITICAL - 2022-01-26 19:35:26 --> [Microsoft][ODBC Driver 17 for SQL Server][SQL Server]The objects "kinerja_2021.dbo.coba" and "kinerja_2021.dbo.coba" in the FROM clause have the same exposed names. Use correlation names to distinguish them.
#0 C:\xampp\htdocs\bpkad\system\Database\BaseConnection.php(670): CodeIgniter\Database\SQLSRV\Connection->execute('SELECT "kinerja...')
#1 C:\xampp\htdocs\bpkad\system\Database\BaseConnection.php(598): CodeIgniter\Database\BaseConnection->simpleQuery('SELECT "kinerja...')
#2 C:\xampp\htdocs\bpkad\system\Database\SQLSRV\Builder.php(614): CodeIgniter\Database\BaseConnection->query('SELECT "kinerja...', Array, false)
#3 C:\xampp\htdocs\bpkad\system\Model.php(723): CodeIgniter\Database\SQLSRV\Builder->get()
#4 C:\xampp\htdocs\bpkad\app\Models\ModelTabel.php(98): CodeIgniter\Model->__call('get', Array)
#5 C:\xampp\htdocs\bpkad\app\Views\tabel\index2.php(94): App\Models\ModelTabel->get_indikator(Object(stdClass))
#6 C:\xampp\htdocs\bpkad\system\View\View.php(214): include('C:\\xampp\\htdocs...')
#7 C:\xampp\htdocs\bpkad\system\View\View.php(217): CodeIgniter\View\View->CodeIgniter\View\{closure}()
#8 C:\xampp\htdocs\bpkad\system\Common.php(1097): CodeIgniter\View\View->render('tabel/index2', Array, true)
#9 C:\xampp\htdocs\bpkad\app\Controllers\Tabel.php(21): view('tabel/index2', Array)
#10 C:\xampp\htdocs\bpkad\system\CodeIgniter.php(824): App\Controllers\Tabel->index()
#11 C:\xampp\htdocs\bpkad\system\CodeIgniter.php(410): CodeIgniter\CodeIgniter->runController(Object(App\Controllers\Tabel))
#12 C:\xampp\htdocs\bpkad\system\CodeIgniter.php(318): CodeIgniter\CodeIgniter->handleRequest(NULL, Object(Config\Cache), false)
#13 C:\xampp\htdocs\bpkad\public\index.php(37): CodeIgniter\CodeIgniter->run()
#14 C:\xampp\htdocs\bpkad\system\Commands\Server\rewrite.php(43): require_once('C:\\xampp\\htdocs...')
#15 {main}
ERROR - 2022-01-26 19:35:28 --> [Microsoft][ODBC Driver 17 for SQL Server][SQL Server]The objects "kinerja_2021.dbo.coba" and "kinerja_2021.dbo.coba" in the FROM clause have the same exposed names. Use correlation names to distinguish them.
CRITICAL - 2022-01-26 19:35:28 --> [Microsoft][ODBC Driver 17 for SQL Server][SQL Server]The objects "kinerja_2021.dbo.coba" and "kinerja_2021.dbo.coba" in the FROM clause have the same exposed names. Use correlation names to distinguish them.
#0 C:\xampp\htdocs\bpkad\system\Database\BaseConnection.php(670): CodeIgniter\Database\SQLSRV\Connection->execute('SELECT "kinerja...')
#1 C:\xampp\htdocs\bpkad\system\Database\BaseConnection.php(598): CodeIgniter\Database\BaseConnection->simpleQuery('SELECT "kinerja...')
#2 C:\xampp\htdocs\bpkad\system\Database\SQLSRV\Builder.php(614): CodeIgniter\Database\BaseConnection->query('SELECT "kinerja...', Array, false)
#3 C:\xampp\htdocs\bpkad\system\Model.php(723): CodeIgniter\Database\SQLSRV\Builder->get()
#4 C:\xampp\htdocs\bpkad\app\Models\ModelTabel.php(98): CodeIgniter\Model->__call('get', Array)
#5 C:\xampp\htdocs\bpkad\app\Views\tabel\index2.php(94): App\Models\ModelTabel->get_indikator(Object(stdClass))
#6 C:\xampp\htdocs\bpkad\system\View\View.php(214): include('C:\\xampp\\htdocs...')
#7 C:\xampp\htdocs\bpkad\system\View\View.php(217): CodeIgniter\View\View->CodeIgniter\View\{closure}()
#8 C:\xampp\htdocs\bpkad\system\Common.php(1097): CodeIgniter\View\View->render('tabel/index2', Array, true)
#9 C:\xampp\htdocs\bpkad\app\Controllers\Tabel.php(21): view('tabel/index2', Array)
#10 C:\xampp\htdocs\bpkad\system\CodeIgniter.php(824): App\Controllers\Tabel->index()
#11 C:\xampp\htdocs\bpkad\system\CodeIgniter.php(410): CodeIgniter\CodeIgniter->runController(Object(App\Controllers\Tabel))
#12 C:\xampp\htdocs\bpkad\system\CodeIgniter.php(318): CodeIgniter\CodeIgniter->handleRequest(NULL, Object(Config\Cache), false)
#13 C:\xampp\htdocs\bpkad\public\index.php(37): CodeIgniter\CodeIgniter->run()
#14 C:\xampp\htdocs\bpkad\system\Commands\Server\rewrite.php(43): require_once('C:\\xampp\\htdocs...')
#15 {main}
ERROR - 2022-01-26 19:36:40 --> [Microsoft][ODBC Driver 17 for SQL Server][SQL Server]The objects "kinerja_2021.dbo.coba" and "kinerja_2021.dbo.coba" in the FROM clause have the same exposed names. Use correlation names to distinguish them.
CRITICAL - 2022-01-26 19:36:40 --> [Microsoft][ODBC Driver 17 for SQL Server][SQL Server]The objects "kinerja_2021.dbo.coba" and "kinerja_2021.dbo.coba" in the FROM clause have the same exposed names. Use correlation names to distinguish them.
#0 C:\xampp\htdocs\bpkad\system\Database\BaseConnection.php(670): CodeIgniter\Database\SQLSRV\Connection->execute('SELECT "kinerja...')
#1 C:\xampp\htdocs\bpkad\system\Database\BaseConnection.php(598): CodeIgniter\Database\BaseConnection->simpleQuery('SELECT "kinerja...')
#2 C:\xampp\htdocs\bpkad\system\Database\SQLSRV\Builder.php(614): CodeIgniter\Database\BaseConnection->query('SELECT "kinerja...', Array, false)
#3 C:\xampp\htdocs\bpkad\system\Model.php(723): CodeIgniter\Database\SQLSRV\Builder->get()
#4 C:\xampp\htdocs\bpkad\app\Models\ModelTabel.php(105): CodeIgniter\Model->__call('get', Array)
#5 C:\xampp\htdocs\bpkad\app\Views\tabel\index2.php(94): App\Models\ModelTabel->get_indikator(Object(stdClass))
#6 C:\xampp\htdocs\bpkad\system\View\View.php(214): include('C:\\xampp\\htdocs...')
#7 C:\xampp\htdocs\bpkad\system\View\View.php(217): CodeIgniter\View\View->CodeIgniter\View\{closure}()
#8 C:\xampp\htdocs\bpkad\system\Common.php(1097): CodeIgniter\View\View->render('tabel/index2', Array, true)
#9 C:\xampp\htdocs\bpkad\app\Controllers\Tabel.php(21): view('tabel/index2', Array)
#10 C:\xampp\htdocs\bpkad\system\CodeIgniter.php(824): App\Controllers\Tabel->index()
#11 C:\xampp\htdocs\bpkad\system\CodeIgniter.php(410): CodeIgniter\CodeIgniter->runController(Object(App\Controllers\Tabel))
#12 C:\xampp\htdocs\bpkad\system\CodeIgniter.php(318): CodeIgniter\CodeIgniter->handleRequest(NULL, Object(Config\Cache), false)
#13 C:\xampp\htdocs\bpkad\public\index.php(37): CodeIgniter\CodeIgniter->run()
#14 C:\xampp\htdocs\bpkad\system\Commands\Server\rewrite.php(43): require_once('C:\\xampp\\htdocs...')
#15 {main}
ERROR - 2022-01-26 19:45:43 --> [Microsoft][ODBC Driver 17 for SQL Server][SQL Server]The objects "kinerja_2021.dbo.coba" and "kinerja_2021.dbo.coba" in the FROM clause have the same exposed names. Use correlation names to distinguish them.
CRITICAL - 2022-01-26 19:45:43 --> [Microsoft][ODBC Driver 17 for SQL Server][SQL Server]The objects "kinerja_2021.dbo.coba" and "kinerja_2021.dbo.coba" in the FROM clause have the same exposed names. Use correlation names to distinguish them.
#0 C:\xampp\htdocs\bpkad\system\Database\BaseConnection.php(670): CodeIgniter\Database\SQLSRV\Connection->execute('SELECT "kinerja...')
#1 C:\xampp\htdocs\bpkad\system\Database\BaseConnection.php(598): CodeIgniter\Database\BaseConnection->simpleQuery('SELECT "kinerja...')
#2 C:\xampp\htdocs\bpkad\system\Database\SQLSRV\Builder.php(614): CodeIgniter\Database\BaseConnection->query('SELECT "kinerja...', Array, false)
#3 C:\xampp\htdocs\bpkad\system\Model.php(723): CodeIgniter\Database\SQLSRV\Builder->get()
#4 C:\xampp\htdocs\bpkad\app\Models\ModelTabel.php(100): CodeIgniter\Model->__call('get', Array)
#5 C:\xampp\htdocs\bpkad\app\Views\tabel\index2.php(94): App\Models\ModelTabel->get_indikator(Object(stdClass))
#6 C:\xampp\htdocs\bpkad\system\View\View.php(214): include('C:\\xampp\\htdocs...')
#7 C:\xampp\htdocs\bpkad\system\View\View.php(217): CodeIgniter\View\View->CodeIgniter\View\{closure}()
#8 C:\xampp\htdocs\bpkad\system\Common.php(1097): CodeIgniter\View\View->render('tabel/index2', Array, true)
#9 C:\xampp\htdocs\bpkad\app\Controllers\Tabel.php(21): view('tabel/index2', Array)
#10 C:\xampp\htdocs\bpkad\system\CodeIgniter.php(824): App\Controllers\Tabel->index()
#11 C:\xampp\htdocs\bpkad\system\CodeIgniter.php(410): CodeIgniter\CodeIgniter->runController(Object(App\Controllers\Tabel))
#12 C:\xampp\htdocs\bpkad\system\CodeIgniter.php(318): CodeIgniter\CodeIgniter->handleRequest(NULL, Object(Config\Cache), false)
#13 C:\xampp\htdocs\bpkad\public\index.php(37): CodeIgniter\CodeIgniter->run()
#14 C:\xampp\htdocs\bpkad\system\Commands\Server\rewrite.php(43): require_once('C:\\xampp\\htdocs...')
#15 {main}
ERROR - 2022-01-26 19:45:44 --> [Microsoft][ODBC Driver 17 for SQL Server][SQL Server]The objects "kinerja_2021.dbo.coba" and "kinerja_2021.dbo.coba" in the FROM clause have the same exposed names. Use correlation names to distinguish them.
CRITICAL - 2022-01-26 19:45:44 --> [Microsoft][ODBC Driver 17 for SQL Server][SQL Server]The objects "kinerja_2021.dbo.coba" and "kinerja_2021.dbo.coba" in the FROM clause have the same exposed names. Use correlation names to distinguish them.
#0 C:\xampp\htdocs\bpkad\system\Database\BaseConnection.php(670): CodeIgniter\Database\SQLSRV\Connection->execute('SELECT "kinerja...')
#1 C:\xampp\htdocs\bpkad\system\Database\BaseConnection.php(598): CodeIgniter\Database\BaseConnection->simpleQuery('SELECT "kinerja...')
#2 C:\xampp\htdocs\bpkad\system\Database\SQLSRV\Builder.php(614): CodeIgniter\Database\BaseConnection->query('SELECT "kinerja...', Array, false)
#3 C:\xampp\htdocs\bpkad\system\Model.php(723): CodeIgniter\Database\SQLSRV\Builder->get()
#4 C:\xampp\htdocs\bpkad\app\Models\ModelTabel.php(100): CodeIgniter\Model->__call('get', Array)
#5 C:\xampp\htdocs\bpkad\app\Views\tabel\index2.php(94): App\Models\ModelTabel->get_indikator(Object(stdClass))
#6 C:\xampp\htdocs\bpkad\system\View\View.php(214): include('C:\\xampp\\htdocs...')
#7 C:\xampp\htdocs\bpkad\system\View\View.php(217): CodeIgniter\View\View->CodeIgniter\View\{closure}()
#8 C:\xampp\htdocs\bpkad\system\Common.php(1097): CodeIgniter\View\View->render('tabel/index2', Array, true)
#9 C:\xampp\htdocs\bpkad\app\Controllers\Tabel.php(21): view('tabel/index2', Array)
#10 C:\xampp\htdocs\bpkad\system\CodeIgniter.php(824): App\Controllers\Tabel->index()
#11 C:\xampp\htdocs\bpkad\system\CodeIgniter.php(410): CodeIgniter\CodeIgniter->runController(Object(App\Controllers\Tabel))
#12 C:\xampp\htdocs\bpkad\system\CodeIgniter.php(318): CodeIgniter\CodeIgniter->handleRequest(NULL, Object(Config\Cache), false)
#13 C:\xampp\htdocs\bpkad\public\index.php(37): CodeIgniter\CodeIgniter->run()
#14 C:\xampp\htdocs\bpkad\system\Commands\Server\rewrite.php(43): require_once('C:\\xampp\\htdocs...')
#15 {main}
ERROR - 2022-01-26 19:48:03 --> [Microsoft][ODBC Driver 17 for SQL Server][SQL Server]The objects "kinerja_2021.dbo.coba" and "kinerja_2021.dbo.coba" in the FROM clause have the same exposed names. Use correlation names to distinguish them.
CRITICAL - 2022-01-26 19:48:03 --> [Microsoft][ODBC Driver 17 for SQL Server][SQL Server]The objects "kinerja_2021.dbo.coba" and "kinerja_2021.dbo.coba" in the FROM clause have the same exposed names. Use correlation names to distinguish them.
#0 C:\xampp\htdocs\bpkad\system\Database\BaseConnection.php(670): CodeIgniter\Database\SQLSRV\Connection->execute('SELECT "kinerja...')
#1 C:\xampp\htdocs\bpkad\system\Database\BaseConnection.php(598): CodeIgniter\Database\BaseConnection->simpleQuery('SELECT "kinerja...')
#2 C:\xampp\htdocs\bpkad\system\Database\SQLSRV\Builder.php(614): CodeIgniter\Database\BaseConnection->query('SELECT "kinerja...', Array, false)
#3 C:\xampp\htdocs\bpkad\system\Model.php(723): CodeIgniter\Database\SQLSRV\Builder->get()
#4 C:\xampp\htdocs\bpkad\app\Models\ModelTabel.php(100): CodeIgniter\Model->__call('get', Array)
#5 C:\xampp\htdocs\bpkad\app\Views\tabel\index2.php(94): App\Models\ModelTabel->get_indikator(Object(stdClass))
#6 C:\xampp\htdocs\bpkad\system\View\View.php(214): include('C:\\xampp\\htdocs...')
#7 C:\xampp\htdocs\bpkad\system\View\View.php(217): CodeIgniter\View\View->CodeIgniter\View\{closure}()
#8 C:\xampp\htdocs\bpkad\system\Common.php(1097): CodeIgniter\View\View->render('tabel/index2', Array, true)
#9 C:\xampp\htdocs\bpkad\app\Controllers\Tabel.php(21): view('tabel/index2', Array)
#10 C:\xampp\htdocs\bpkad\system\CodeIgniter.php(824): App\Controllers\Tabel->index()
#11 C:\xampp\htdocs\bpkad\system\CodeIgniter.php(410): CodeIgniter\CodeIgniter->runController(Object(App\Controllers\Tabel))
#12 C:\xampp\htdocs\bpkad\system\CodeIgniter.php(318): CodeIgniter\CodeIgniter->handleRequest(NULL, Object(Config\Cache), false)
#13 C:\xampp\htdocs\bpkad\public\index.php(37): CodeIgniter\CodeIgniter->run()
#14 C:\xampp\htdocs\bpkad\system\Commands\Server\rewrite.php(43): require_once('C:\\xampp\\htdocs...')
#15 {main}
CRITICAL - 2022-01-26 19:48:58 --> Undefined property: stdClass::$Kd_Gab_Sub_Keg
#0 C:\xampp\htdocs\bpkad\app\Models\ModelTabel.php(101): CodeIgniter\Debug\Exceptions->errorHandler(8, 'Undefined prope...', 'C:\\xampp\\htdocs...', 101, Array)
#1 C:\xampp\htdocs\bpkad\app\Views\tabel\index2.php(94): App\Models\ModelTabel->get_indikator(Object(stdClass))
#2 C:\xampp\htdocs\bpkad\system\View\View.php(214): include('C:\\xampp\\htdocs...')
#3 C:\xampp\htdocs\bpkad\system\View\View.php(217): CodeIgniter\View\View->CodeIgniter\View\{closure}()
#4 C:\xampp\htdocs\bpkad\system\Common.php(1097): CodeIgniter\View\View->render('tabel/index2', Array, true)
#5 C:\xampp\htdocs\bpkad\app\Controllers\Tabel.php(21): view('tabel/index2', Array)
#6 C:\xampp\htdocs\bpkad\system\CodeIgniter.php(824): App\Controllers\Tabel->index()
#7 C:\xampp\htdocs\bpkad\system\CodeIgniter.php(410): CodeIgniter\CodeIgniter->runController(Object(App\Controllers\Tabel))
#8 C:\xampp\htdocs\bpkad\system\CodeIgniter.php(318): CodeIgniter\CodeIgniter->handleRequest(NULL, Object(Config\Cache), false)
#9 C:\xampp\htdocs\bpkad\public\index.php(37): CodeIgniter\CodeIgniter->run()
#10 C:\xampp\htdocs\bpkad\system\Commands\Server\rewrite.php(43): require_once('C:\\xampp\\htdocs...')
#11 {main}
ERROR - 2022-01-26 19:49:41 --> [Microsoft][ODBC Driver 17 for SQL Server][SQL Server]Column 'kinerja_2021.dbo.coba.Kd_Gab_Sub_Keg' is invalid in the select list because it is not contained in either an aggregate function or the GROUP BY clause.
CRITICAL - 2022-01-26 19:49:41 --> [Microsoft][ODBC Driver 17 for SQL Server][SQL Server]Column 'kinerja_2021.dbo.coba.Kd_Gab_Sub_Keg' is invalid in the select list because it is not contained in either an aggregate function or the GROUP BY clause.
#0 C:\xampp\htdocs\bpkad\system\Database\BaseConnection.php(670): CodeIgniter\Database\SQLSRV\Connection->execute('SELECT "Kd_Gab_...')
#1 C:\xampp\htdocs\bpkad\system\Database\BaseConnection.php(598): CodeIgniter\Database\BaseConnection->simpleQuery('SELECT "Kd_Gab_...')
#2 C:\xampp\htdocs\bpkad\system\Database\SQLSRV\Builder.php(614): CodeIgniter\Database\BaseConnection->query('SELECT "Kd_Gab_...', Array, false)
#3 C:\xampp\htdocs\bpkad\system\Model.php(723): CodeIgniter\Database\SQLSRV\Builder->get()
#4 C:\xampp\htdocs\bpkad\app\Models\ModelTabel.php(57): CodeIgniter\Model->__call('get', Array)
#5 C:\xampp\htdocs\bpkad\app\Views\tabel\index2.php(49): App\Models\ModelTabel->get_kegiatan(Object(stdClass))
#6 C:\xampp\htdocs\bpkad\system\View\View.php(214): include('C:\\xampp\\htdocs...')
#7 C:\xampp\htdocs\bpkad\system\View\View.php(217): CodeIgniter\View\View->CodeIgniter\View\{closure}()
#8 C:\xampp\htdocs\bpkad\system\Common.php(1097): CodeIgniter\View\View->render('tabel/index2', Array, true)
#9 C:\xampp\htdocs\bpkad\app\Controllers\Tabel.php(21): view('tabel/index2', Array)
#10 C:\xampp\htdocs\bpkad\system\CodeIgniter.php(824): App\Controllers\Tabel->index()
#11 C:\xampp\htdocs\bpkad\system\CodeIgniter.php(410): CodeIgniter\CodeIgniter->runController(Object(App\Controllers\Tabel))
#12 C:\xampp\htdocs\bpkad\system\CodeIgniter.php(318): CodeIgniter\CodeIgniter->handleRequest(NULL, Object(Config\Cache), false)
#13 C:\xampp\htdocs\bpkad\public\index.php(37): CodeIgniter\CodeIgniter->run()
#14 C:\xampp\htdocs\bpkad\system\Commands\Server\rewrite.php(43): require_once('C:\\xampp\\htdocs...')
#15 {main}
CRITICAL - 2022-01-26 19:50:07 --> Undefined property: stdClass::$Kd_Keg
#0 C:\xampp\htdocs\bpkad\app\Models\ModelTabel.php(102): CodeIgniter\Debug\Exceptions->errorHandler(8, 'Undefined prope...', 'C:\\xampp\\htdocs...', 102, Array)
#1 C:\xampp\htdocs\bpkad\app\Views\tabel\index2.php(94): App\Models\ModelTabel->get_indikator(Object(stdClass))
#2 C:\xampp\htdocs\bpkad\system\View\View.php(214): include('C:\\xampp\\htdocs...')
#3 C:\xampp\htdocs\bpkad\system\View\View.php(217): CodeIgniter\View\View->CodeIgniter\View\{closure}()
#4 C:\xampp\htdocs\bpkad\system\Common.php(1097): CodeIgniter\View\View->render('tabel/index2', Array, true)
#5 C:\xampp\htdocs\bpkad\app\Controllers\Tabel.php(21): view('tabel/index2', Array)
#6 C:\xampp\htdocs\bpkad\system\CodeIgniter.php(824): App\Controllers\Tabel->index()
#7 C:\xampp\htdocs\bpkad\system\CodeIgniter.php(410): CodeIgniter\CodeIgniter->runController(Object(App\Controllers\Tabel))
#8 C:\xampp\htdocs\bpkad\system\CodeIgniter.php(318): CodeIgniter\CodeIgniter->handleRequest(NULL, Object(Config\Cache), false)
#9 C:\xampp\htdocs\bpkad\public\index.php(37): CodeIgniter\CodeIgniter->run()
#10 C:\xampp\htdocs\bpkad\system\Commands\Server\rewrite.php(43): require_once('C:\\xampp\\htdocs...')
#11 {main}
ERROR - 2022-01-26 19:50:32 --> [Microsoft][ODBC Driver 17 for SQL Server][SQL Server]The objects "kinerja_2021.dbo.coba" and "kinerja_2021.dbo.coba" in the FROM clause have the same exposed names. Use correlation names to distinguish them.
CRITICAL - 2022-01-26 19:50:32 --> [Microsoft][ODBC Driver 17 for SQL Server][SQL Server]The objects "kinerja_2021.dbo.coba" and "kinerja_2021.dbo.coba" in the FROM clause have the same exposed names. Use correlation names to distinguish them.
#0 C:\xampp\htdocs\bpkad\system\Database\BaseConnection.php(670): CodeIgniter\Database\SQLSRV\Connection->execute('SELECT "kinerja...')
#1 C:\xampp\htdocs\bpkad\system\Database\BaseConnection.php(598): CodeIgniter\Database\BaseConnection->simpleQuery('SELECT "kinerja...')
#2 C:\xampp\htdocs\bpkad\system\Database\SQLSRV\Builder.php(614): CodeIgniter\Database\BaseConnection->query('SELECT "kinerja...', Array, false)
#3 C:\xampp\htdocs\bpkad\system\Model.php(723): CodeIgniter\Database\SQLSRV\Builder->get()
#4 C:\xampp\htdocs\bpkad\app\Models\ModelTabel.php(105): CodeIgniter\Model->__call('get', Array)
#5 C:\xampp\htdocs\bpkad\app\Views\tabel\index2.php(94): App\Models\ModelTabel->get_indikator(Object(stdClass))
#6 C:\xampp\htdocs\bpkad\system\View\View.php(214): include('C:\\xampp\\htdocs...')
#7 C:\xampp\htdocs\bpkad\system\View\View.php(217): CodeIgniter\View\View->CodeIgniter\View\{closure}()
#8 C:\xampp\htdocs\bpkad\system\Common.php(1097): CodeIgniter\View\View->render('tabel/index2', Array, true)
#9 C:\xampp\htdocs\bpkad\app\Controllers\Tabel.php(21): view('tabel/index2', Array)
#10 C:\xampp\htdocs\bpkad\system\CodeIgniter.php(824): App\Controllers\Tabel->index()
#11 C:\xampp\htdocs\bpkad\system\CodeIgniter.php(410): CodeIgniter\CodeIgniter->runController(Object(App\Controllers\Tabel))
#12 C:\xampp\htdocs\bpkad\system\CodeIgniter.php(318): CodeIgniter\CodeIgniter->handleRequest(NULL, Object(Config\Cache), false)
#13 C:\xampp\htdocs\bpkad\public\index.php(37): CodeIgniter\CodeIgniter->run()
#14 C:\xampp\htdocs\bpkad\system\Commands\Server\rewrite.php(43): require_once('C:\\xampp\\htdocs...')
#15 {main}
CRITICAL - 2022-01-26 19:54:35 --> Undefined property: stdClass::$Kd_Gab_Sub_Keg
#0 C:\xampp\htdocs\bpkad\app\Views\tabel\index2.php(67): CodeIgniter\Debug\Exceptions->errorHandler(8, 'Undefined prope...', 'C:\\xampp\\htdocs...', 67, Array)
#1 C:\xampp\htdocs\bpkad\system\View\View.php(214): include('C:\\xampp\\htdocs...')
#2 C:\xampp\htdocs\bpkad\system\View\View.php(217): CodeIgniter\View\View->CodeIgniter\View\{closure}()
#3 C:\xampp\htdocs\bpkad\system\Common.php(1097): CodeIgniter\View\View->render('tabel/index2', Array, true)
#4 C:\xampp\htdocs\bpkad\app\Controllers\Tabel.php(21): view('tabel/index2', Array)
#5 C:\xampp\htdocs\bpkad\system\CodeIgniter.php(824): App\Controllers\Tabel->index()
#6 C:\xampp\htdocs\bpkad\system\CodeIgniter.php(410): CodeIgniter\CodeIgniter->runController(Object(App\Controllers\Tabel))
#7 C:\xampp\htdocs\bpkad\system\CodeIgniter.php(318): CodeIgniter\CodeIgniter->handleRequest(NULL, Object(Config\Cache), false)
#8 C:\xampp\htdocs\bpkad\public\index.php(37): CodeIgniter\CodeIgniter->run()
#9 C:\xampp\htdocs\bpkad\system\Commands\Server\rewrite.php(43): require_once('C:\\xampp\\htdocs...')
#10 {main}
CRITICAL - 2022-01-26 19:55:25 --> Undefined property: stdClass::$Kd_Gab_Prog
#0 C:\xampp\htdocs\bpkad\app\Models\ModelTabel.php(99): CodeIgniter\Debug\Exceptions->errorHandler(8, 'Undefined prope...', 'C:\\xampp\\htdocs...', 99, Array)
#1 C:\xampp\htdocs\bpkad\app\Views\tabel\index2.php(94): App\Models\ModelTabel->get_indikator(Object(stdClass))
#2 C:\xampp\htdocs\bpkad\system\View\View.php(214): include('C:\\xampp\\htdocs...')
#3 C:\xampp\htdocs\bpkad\system\View\View.php(217): CodeIgniter\View\View->CodeIgniter\View\{closure}()
#4 C:\xampp\htdocs\bpkad\system\Common.php(1097): CodeIgniter\View\View->render('tabel/index2', Array, true)
#5 C:\xampp\htdocs\bpkad\app\Controllers\Tabel.php(21): view('tabel/index2', Array)
#6 C:\xampp\htdocs\bpkad\system\CodeIgniter.php(824): App\Controllers\Tabel->index()
#7 C:\xampp\htdocs\bpkad\system\CodeIgniter.php(410): CodeIgniter\CodeIgniter->runController(Object(App\Controllers\Tabel))
#8 C:\xampp\htdocs\bpkad\system\CodeIgniter.php(318): CodeIgniter\CodeIgniter->handleRequest(NULL, Object(Config\Cache), false)
#9 C:\xampp\htdocs\bpkad\public\index.php(37): CodeIgniter\CodeIgniter->run()
#10 C:\xampp\htdocs\bpkad\system\Commands\Server\rewrite.php(43): require_once('C:\\xampp\\htdocs...')
#11 {main}
ERROR - 2022-01-26 19:56:34 --> [Microsoft][ODBC Driver 17 for SQL Server][SQL Server]The objects "kinerja_2021.dbo.coba" and "kinerja_2021.dbo.coba" in the FROM clause have the same exposed names. Use correlation names to distinguish them.
CRITICAL - 2022-01-26 19:56:34 --> [Microsoft][ODBC Driver 17 for SQL Server][SQL Server]The objects "kinerja_2021.dbo.coba" and "kinerja_2021.dbo.coba" in the FROM clause have the same exposed names. Use correlation names to distinguish them.
#0 C:\xampp\htdocs\bpkad\system\Database\BaseConnection.php(670): CodeIgniter\Database\SQLSRV\Connection->execute('SELECT "kinerja...')
#1 C:\xampp\htdocs\bpkad\system\Database\BaseConnection.php(598): CodeIgniter\Database\BaseConnection->simpleQuery('SELECT "kinerja...')
#2 C:\xampp\htdocs\bpkad\system\Database\SQLSRV\Builder.php(614): CodeIgniter\Database\BaseConnection->query('SELECT "kinerja...', Array, false)
#3 C:\xampp\htdocs\bpkad\system\Model.php(723): CodeIgniter\Database\SQLSRV\Builder->get()
#4 C:\xampp\htdocs\bpkad\app\Models\ModelTabel.php(105): CodeIgniter\Model->__call('get', Array)
#5 C:\xampp\htdocs\bpkad\app\Views\tabel\index2.php(94): App\Models\ModelTabel->get_indikator(Object(stdClass))
#6 C:\xampp\htdocs\bpkad\system\View\View.php(214): include('C:\\xampp\\htdocs...')
#7 C:\xampp\htdocs\bpkad\system\View\View.php(217): CodeIgniter\View\View->CodeIgniter\View\{closure}()
#8 C:\xampp\htdocs\bpkad\system\Common.php(1097): CodeIgniter\View\View->render('tabel/index2', Array, true)
#9 C:\xampp\htdocs\bpkad\app\Controllers\Tabel.php(21): view('tabel/index2', Array)
#10 C:\xampp\htdocs\bpkad\system\CodeIgniter.php(824): App\Controllers\Tabel->index()
#11 C:\xampp\htdocs\bpkad\system\CodeIgniter.php(410): CodeIgniter\CodeIgniter->runController(Object(App\Controllers\Tabel))
#12 C:\xampp\htdocs\bpkad\system\CodeIgniter.php(318): CodeIgniter\CodeIgniter->handleRequest(NULL, Object(Config\Cache), false)
#13 C:\xampp\htdocs\bpkad\public\index.php(37): CodeIgniter\CodeIgniter->run()
#14 C:\xampp\htdocs\bpkad\system\Commands\Server\rewrite.php(43): require_once('C:\\xampp\\htdocs...')
#15 {main}
ERROR - 2022-01-26 19:57:39 --> [Microsoft][ODBC Driver 17 for SQL Server][SQL Server]The objects "kinerja_2021.dbo.coba" and "kinerja_2021.dbo.coba" in the FROM clause have the same exposed names. Use correlation names to distinguish them.
CRITICAL - 2022-01-26 19:57:39 --> [Microsoft][ODBC Driver 17 for SQL Server][SQL Server]The objects "kinerja_2021.dbo.coba" and "kinerja_2021.dbo.coba" in the FROM clause have the same exposed names. Use correlation names to distinguish them.
#0 C:\xampp\htdocs\bpkad\system\Database\BaseConnection.php(670): CodeIgniter\Database\SQLSRV\Connection->execute('SELECT "kinerja...')
#1 C:\xampp\htdocs\bpkad\system\Database\BaseConnection.php(598): CodeIgniter\Database\BaseConnection->simpleQuery('SELECT "kinerja...')
#2 C:\xampp\htdocs\bpkad\system\Database\SQLSRV\Builder.php(614): CodeIgniter\Database\BaseConnection->query('SELECT "kinerja...', Array, false)
#3 C:\xampp\htdocs\bpkad\system\Model.php(723): CodeIgniter\Database\SQLSRV\Builder->get()
#4 C:\xampp\htdocs\bpkad\app\Models\ModelTabel.php(105): CodeIgniter\Model->__call('get', Array)
#5 C:\xampp\htdocs\bpkad\app\Views\tabel\index2.php(94): App\Models\ModelTabel->get_indikator(Object(stdClass))
#6 C:\xampp\htdocs\bpkad\system\View\View.php(214): include('C:\\xampp\\htdocs...')
#7 C:\xampp\htdocs\bpkad\system\View\View.php(217): CodeIgniter\View\View->CodeIgniter\View\{closure}()
#8 C:\xampp\htdocs\bpkad\system\Common.php(1097): CodeIgniter\View\View->render('tabel/index2', Array, true)
#9 C:\xampp\htdocs\bpkad\app\Controllers\Tabel.php(21): view('tabel/index2', Array)
#10 C:\xampp\htdocs\bpkad\system\CodeIgniter.php(824): App\Controllers\Tabel->index()
#11 C:\xampp\htdocs\bpkad\system\CodeIgniter.php(410): CodeIgniter\CodeIgniter->runController(Object(App\Controllers\Tabel))
#12 C:\xampp\htdocs\bpkad\system\CodeIgniter.php(318): CodeIgniter\CodeIgniter->handleRequest(NULL, Object(Config\Cache), false)
#13 C:\xampp\htdocs\bpkad\public\index.php(37): CodeIgniter\CodeIgniter->run()
#14 C:\xampp\htdocs\bpkad\system\Commands\Server\rewrite.php(43): require_once('C:\\xampp\\htdocs...')
#15 {main}
ERROR - 2022-01-26 20:01:07 --> [Microsoft][ODBC Driver 17 for SQL Server][SQL Server]The objects "kinerja_2021.dbo.coba" and "kinerja_2021.dbo.coba" in the FROM clause have the same exposed names. Use correlation names to distinguish them.
CRITICAL - 2022-01-26 20:01:07 --> [Microsoft][ODBC Driver 17 for SQL Server][SQL Server]The objects "kinerja_2021.dbo.coba" and "kinerja_2021.dbo.coba" in the FROM clause have the same exposed names. Use correlation names to distinguish them.
#0 C:\xampp\htdocs\bpkad\system\Database\BaseConnection.php(670): CodeIgniter\Database\SQLSRV\Connection->execute('SELECT "kinerja...')
#1 C:\xampp\htdocs\bpkad\system\Database\BaseConnection.php(598): CodeIgniter\Database\BaseConnection->simpleQuery('SELECT "kinerja...')
#2 C:\xampp\htdocs\bpkad\system\Database\SQLSRV\Builder.php(614): CodeIgniter\Database\BaseConnection->query('SELECT "kinerja...', Array, false)
#3 C:\xampp\htdocs\bpkad\system\Model.php(723): CodeIgniter\Database\SQLSRV\Builder->get()
#4 C:\xampp\htdocs\bpkad\app\Models\ModelTabel.php(103): CodeIgniter\Model->__call('get', Array)
#5 C:\xampp\htdocs\bpkad\app\Views\tabel\index2.php(94): App\Models\ModelTabel->get_indikator(Object(stdClass))
#6 C:\xampp\htdocs\bpkad\system\View\View.php(214): include('C:\\xampp\\htdocs...')
#7 C:\xampp\htdocs\bpkad\system\View\View.php(217): CodeIgniter\View\View->CodeIgniter\View\{closure}()
#8 C:\xampp\htdocs\bpkad\system\Common.php(1097): CodeIgniter\View\View->render('tabel/index2', Array, true)
#9 C:\xampp\htdocs\bpkad\app\Controllers\Tabel.php(21): view('tabel/index2', Array)
#10 C:\xampp\htdocs\bpkad\system\CodeIgniter.php(824): App\Controllers\Tabel->index()
#11 C:\xampp\htdocs\bpkad\system\CodeIgniter.php(410): CodeIgniter\CodeIgniter->runController(Object(App\Controllers\Tabel))
#12 C:\xampp\htdocs\bpkad\system\CodeIgniter.php(318): CodeIgniter\CodeIgniter->handleRequest(NULL, Object(Config\Cache), false)
#13 C:\xampp\htdocs\bpkad\public\index.php(37): CodeIgniter\CodeIgniter->run()
#14 C:\xampp\htdocs\bpkad\system\Commands\Server\rewrite.php(43): require_once('C:\\xampp\\htdocs...')
#15 {main}
ERROR - 2022-01-26 20:01:08 --> [Microsoft][ODBC Driver 17 for SQL Server][SQL Server]The objects "kinerja_2021.dbo.coba" and "kinerja_2021.dbo.coba" in the FROM clause have the same exposed names. Use correlation names to distinguish them.
CRITICAL - 2022-01-26 20:01:08 --> [Microsoft][ODBC Driver 17 for SQL Server][SQL Server]The objects "kinerja_2021.dbo.coba" and "kinerja_2021.dbo.coba" in the FROM clause have the same exposed names. Use correlation names to distinguish them.
#0 C:\xampp\htdocs\bpkad\system\Database\BaseConnection.php(670): CodeIgniter\Database\SQLSRV\Connection->execute('SELECT "kinerja...')
#1 C:\xampp\htdocs\bpkad\system\Database\BaseConnection.php(598): CodeIgniter\Database\BaseConnection->simpleQuery('SELECT "kinerja...')
#2 C:\xampp\htdocs\bpkad\system\Database\SQLSRV\Builder.php(614): CodeIgniter\Database\BaseConnection->query('SELECT "kinerja...', Array, false)
#3 C:\xampp\htdocs\bpkad\system\Model.php(723): CodeIgniter\Database\SQLSRV\Builder->get()
#4 C:\xampp\htdocs\bpkad\app\Models\ModelTabel.php(103): CodeIgniter\Model->__call('get', Array)
#5 C:\xampp\htdocs\bpkad\app\Views\tabel\index2.php(94): App\Models\ModelTabel->get_indikator(Object(stdClass))
#6 C:\xampp\htdocs\bpkad\system\View\View.php(214): include('C:\\xampp\\htdocs...')
#7 C:\xampp\htdocs\bpkad\system\View\View.php(217): CodeIgniter\View\View->CodeIgniter\View\{closure}()
#8 C:\xampp\htdocs\bpkad\system\Common.php(1097): CodeIgniter\View\View->render('tabel/index2', Array, true)
#9 C:\xampp\htdocs\bpkad\app\Controllers\Tabel.php(21): view('tabel/index2', Array)
#10 C:\xampp\htdocs\bpkad\system\CodeIgniter.php(824): App\Controllers\Tabel->index()
#11 C:\xampp\htdocs\bpkad\system\CodeIgniter.php(410): CodeIgniter\CodeIgniter->runController(Object(App\Controllers\Tabel))
#12 C:\xampp\htdocs\bpkad\system\CodeIgniter.php(318): CodeIgniter\CodeIgniter->handleRequest(NULL, Object(Config\Cache), false)
#13 C:\xampp\htdocs\bpkad\public\index.php(37): CodeIgniter\CodeIgniter->run()
#14 C:\xampp\htdocs\bpkad\system\Commands\Server\rewrite.php(43): require_once('C:\\xampp\\htdocs...')
#15 {main}
ERROR - 2022-01-26 20:01:09 --> [Microsoft][ODBC Driver 17 for SQL Server][SQL Server]The objects "kinerja_2021.dbo.coba" and "kinerja_2021.dbo.coba" in the FROM clause have the same exposed names. Use correlation names to distinguish them.
CRITICAL - 2022-01-26 20:01:09 --> [Microsoft][ODBC Driver 17 for SQL Server][SQL Server]The objects "kinerja_2021.dbo.coba" and "kinerja_2021.dbo.coba" in the FROM clause have the same exposed names. Use correlation names to distinguish them.
#0 C:\xampp\htdocs\bpkad\system\Database\BaseConnection.php(670): CodeIgniter\Database\SQLSRV\Connection->execute('SELECT "kinerja...')
#1 C:\xampp\htdocs\bpkad\system\Database\BaseConnection.php(598): CodeIgniter\Database\BaseConnection->simpleQuery('SELECT "kinerja...')
#2 C:\xampp\htdocs\bpkad\system\Database\SQLSRV\Builder.php(614): CodeIgniter\Database\BaseConnection->query('SELECT "kinerja...', Array, false)
#3 C:\xampp\htdocs\bpkad\system\Model.php(723): CodeIgniter\Database\SQLSRV\Builder->get()
#4 C:\xampp\htdocs\bpkad\app\Models\ModelTabel.php(103): CodeIgniter\Model->__call('get', Array)
#5 C:\xampp\htdocs\bpkad\app\Views\tabel\index2.php(94): App\Models\ModelTabel->get_indikator(Object(stdClass))
#6 C:\xampp\htdocs\bpkad\system\View\View.php(214): include('C:\\xampp\\htdocs...')
#7 C:\xampp\htdocs\bpkad\system\View\View.php(217): CodeIgniter\View\View->CodeIgniter\View\{closure}()
#8 C:\xampp\htdocs\bpkad\system\Common.php(1097): CodeIgniter\View\View->render('tabel/index2', Array, true)
#9 C:\xampp\htdocs\bpkad\app\Controllers\Tabel.php(21): view('tabel/index2', Array)
#10 C:\xampp\htdocs\bpkad\system\CodeIgniter.php(824): App\Controllers\Tabel->index()
#11 C:\xampp\htdocs\bpkad\system\CodeIgniter.php(410): CodeIgniter\CodeIgniter->runController(Object(App\Controllers\Tabel))
#12 C:\xampp\htdocs\bpkad\system\CodeIgniter.php(318): CodeIgniter\CodeIgniter->handleRequest(NULL, Object(Config\Cache), false)
#13 C:\xampp\htdocs\bpkad\public\index.php(37): CodeIgniter\CodeIgniter->run()
#14 C:\xampp\htdocs\bpkad\system\Commands\Server\rewrite.php(43): require_once('C:\\xampp\\htdocs...')
#15 {main}
ERROR - 2022-01-26 20:01:09 --> [Microsoft][ODBC Driver 17 for SQL Server][SQL Server]The objects "kinerja_2021.dbo.coba" and "kinerja_2021.dbo.coba" in the FROM clause have the same exposed names. Use correlation names to distinguish them.
CRITICAL - 2022-01-26 20:01:09 --> [Microsoft][ODBC Driver 17 for SQL Server][SQL Server]The objects "kinerja_2021.dbo.coba" and "kinerja_2021.dbo.coba" in the FROM clause have the same exposed names. Use correlation names to distinguish them.
#0 C:\xampp\htdocs\bpkad\system\Database\BaseConnection.php(670): CodeIgniter\Database\SQLSRV\Connection->execute('SELECT "kinerja...')
#1 C:\xampp\htdocs\bpkad\system\Database\BaseConnection.php(598): CodeIgniter\Database\BaseConnection->simpleQuery('SELECT "kinerja...')
#2 C:\xampp\htdocs\bpkad\system\Database\SQLSRV\Builder.php(614): CodeIgniter\Database\BaseConnection->query('SELECT "kinerja...', Array, false)
#3 C:\xampp\htdocs\bpkad\system\Model.php(723): CodeIgniter\Database\SQLSRV\Builder->get()
#4 C:\xampp\htdocs\bpkad\app\Models\ModelTabel.php(103): CodeIgniter\Model->__call('get', Array)
#5 C:\xampp\htdocs\bpkad\app\Views\tabel\index2.php(94): App\Models\ModelTabel->get_indikator(Object(stdClass))
#6 C:\xampp\htdocs\bpkad\system\View\View.php(214): include('C:\\xampp\\htdocs...')
#7 C:\xampp\htdocs\bpkad\system\View\View.php(217): CodeIgniter\View\View->CodeIgniter\View\{closure}()
#8 C:\xampp\htdocs\bpkad\system\Common.php(1097): CodeIgniter\View\View->render('tabel/index2', Array, true)
#9 C:\xampp\htdocs\bpkad\app\Controllers\Tabel.php(21): view('tabel/index2', Array)
#10 C:\xampp\htdocs\bpkad\system\CodeIgniter.php(824): App\Controllers\Tabel->index()
#11 C:\xampp\htdocs\bpkad\system\CodeIgniter.php(410): CodeIgniter\CodeIgniter->runController(Object(App\Controllers\Tabel))
#12 C:\xampp\htdocs\bpkad\system\CodeIgniter.php(318): CodeIgniter\CodeIgniter->handleRequest(NULL, Object(Config\Cache), false)
#13 C:\xampp\htdocs\bpkad\public\index.php(37): CodeIgniter\CodeIgniter->run()
#14 C:\xampp\htdocs\bpkad\system\Commands\Server\rewrite.php(43): require_once('C:\\xampp\\htdocs...')
#15 {main}
ERROR - 2022-01-26 20:01:10 --> [Microsoft][ODBC Driver 17 for SQL Server][SQL Server]The objects "kinerja_2021.dbo.coba" and "kinerja_2021.dbo.coba" in the FROM clause have the same exposed names. Use correlation names to distinguish them.
CRITICAL - 2022-01-26 20:01:10 --> [Microsoft][ODBC Driver 17 for SQL Server][SQL Server]The objects "kinerja_2021.dbo.coba" and "kinerja_2021.dbo.coba" in the FROM clause have the same exposed names. Use correlation names to distinguish them.
#0 C:\xampp\htdocs\bpkad\system\Database\BaseConnection.php(670): CodeIgniter\Database\SQLSRV\Connection->execute('SELECT "kinerja...')
#1 C:\xampp\htdocs\bpkad\system\Database\BaseConnection.php(598): CodeIgniter\Database\BaseConnection->simpleQuery('SELECT "kinerja...')
#2 C:\xampp\htdocs\bpkad\system\Database\SQLSRV\Builder.php(614): CodeIgniter\Database\BaseConnection->query('SELECT "kinerja...', Array, false)
#3 C:\xampp\htdocs\bpkad\system\Model.php(723): CodeIgniter\Database\SQLSRV\Builder->get()
#4 C:\xampp\htdocs\bpkad\app\Models\ModelTabel.php(103): CodeIgniter\Model->__call('get', Array)
#5 C:\xampp\htdocs\bpkad\app\Views\tabel\index2.php(94): App\Models\ModelTabel->get_indikator(Object(stdClass))
#6 C:\xampp\htdocs\bpkad\system\View\View.php(214): include('C:\\xampp\\htdocs...')
#7 C:\xampp\htdocs\bpkad\system\View\View.php(217): CodeIgniter\View\View->CodeIgniter\View\{closure}()
#8 C:\xampp\htdocs\bpkad\system\Common.php(1097): CodeIgniter\View\View->render('tabel/index2', Array, true)
#9 C:\xampp\htdocs\bpkad\app\Controllers\Tabel.php(21): view('tabel/index2', Array)
#10 C:\xampp\htdocs\bpkad\system\CodeIgniter.php(824): App\Controllers\Tabel->index()
#11 C:\xampp\htdocs\bpkad\system\CodeIgniter.php(410): CodeIgniter\CodeIgniter->runController(Object(App\Controllers\Tabel))
#12 C:\xampp\htdocs\bpkad\system\CodeIgniter.php(318): CodeIgniter\CodeIgniter->handleRequest(NULL, Object(Config\Cache), false)
#13 C:\xampp\htdocs\bpkad\public\index.php(37): CodeIgniter\CodeIgniter->run()
#14 C:\xampp\htdocs\bpkad\system\Commands\Server\rewrite.php(43): require_once('C:\\xampp\\htdocs...')
#15 {main}
ERROR - 2022-01-26 20:02:05 --> [Microsoft][ODBC Driver 17 for SQL Server][SQL Server]The objects "kinerja_2021.dbo.coba" and "kinerja_2021.dbo.coba" in the FROM clause have the same exposed names. Use correlation names to distinguish them.
CRITICAL - 2022-01-26 20:02:05 --> [Microsoft][ODBC Driver 17 for SQL Server][SQL Server]The objects "kinerja_2021.dbo.coba" and "kinerja_2021.dbo.coba" in the FROM clause have the same exposed names. Use correlation names to distinguish them.
#0 C:\xampp\htdocs\bpkad\system\Database\BaseConnection.php(670): CodeIgniter\Database\SQLSRV\Connection->execute('SELECT "kinerja...')
#1 C:\xampp\htdocs\bpkad\system\Database\BaseConnection.php(598): CodeIgniter\Database\BaseConnection->simpleQuery('SELECT "kinerja...')
#2 C:\xampp\htdocs\bpkad\system\Database\SQLSRV\Builder.php(614): CodeIgniter\Database\BaseConnection->query('SELECT "kinerja...', Array, false)
#3 C:\xampp\htdocs\bpkad\system\Model.php(723): CodeIgniter\Database\SQLSRV\Builder->get()
#4 C:\xampp\htdocs\bpkad\app\Models\ModelTabel.php(105): CodeIgniter\Model->__call('get', Array)
#5 C:\xampp\htdocs\bpkad\app\Views\tabel\index2.php(94): App\Models\ModelTabel->get_indikator(Object(stdClass))
#6 C:\xampp\htdocs\bpkad\system\View\View.php(214): include('C:\\xampp\\htdocs...')
#7 C:\xampp\htdocs\bpkad\system\View\View.php(217): CodeIgniter\View\View->CodeIgniter\View\{closure}()
#8 C:\xampp\htdocs\bpkad\system\Common.php(1097): CodeIgniter\View\View->render('tabel/index2', Array, true)
#9 C:\xampp\htdocs\bpkad\app\Controllers\Tabel.php(21): view('tabel/index2', Array)
#10 C:\xampp\htdocs\bpkad\system\CodeIgniter.php(824): App\Controllers\Tabel->index()
#11 C:\xampp\htdocs\bpkad\system\CodeIgniter.php(410): CodeIgniter\CodeIgniter->runController(Object(App\Controllers\Tabel))
#12 C:\xampp\htdocs\bpkad\system\CodeIgniter.php(318): CodeIgniter\CodeIgniter->handleRequest(NULL, Object(Config\Cache), false)
#13 C:\xampp\htdocs\bpkad\public\index.php(37): CodeIgniter\CodeIgniter->run()
#14 C:\xampp\htdocs\bpkad\system\Commands\Server\rewrite.php(43): require_once('C:\\xampp\\htdocs...')
#15 {main}
ERROR - 2022-01-26 20:02:06 --> [Microsoft][ODBC Driver 17 for SQL Server][SQL Server]The objects "kinerja_2021.dbo.coba" and "kinerja_2021.dbo.coba" in the FROM clause have the same exposed names. Use correlation names to distinguish them.
CRITICAL - 2022-01-26 20:02:06 --> [Microsoft][ODBC Driver 17 for SQL Server][SQL Server]The objects "kinerja_2021.dbo.coba" and "kinerja_2021.dbo.coba" in the FROM clause have the same exposed names. Use correlation names to distinguish them.
#0 C:\xampp\htdocs\bpkad\system\Database\BaseConnection.php(670): CodeIgniter\Database\SQLSRV\Connection->execute('SELECT "kinerja...')
#1 C:\xampp\htdocs\bpkad\system\Database\BaseConnection.php(598): CodeIgniter\Database\BaseConnection->simpleQuery('SELECT "kinerja...')
#2 C:\xampp\htdocs\bpkad\system\Database\SQLSRV\Builder.php(614): CodeIgniter\Database\BaseConnection->query('SELECT "kinerja...', Array, false)
#3 C:\xampp\htdocs\bpkad\system\Model.php(723): CodeIgniter\Database\SQLSRV\Builder->get()
#4 C:\xampp\htdocs\bpkad\app\Models\ModelTabel.php(105): CodeIgniter\Model->__call('get', Array)
#5 C:\xampp\htdocs\bpkad\app\Views\tabel\index2.php(94): App\Models\ModelTabel->get_indikator(Object(stdClass))
#6 C:\xampp\htdocs\bpkad\system\View\View.php(214): include('C:\\xampp\\htdocs...')
#7 C:\xampp\htdocs\bpkad\system\View\View.php(217): CodeIgniter\View\View->CodeIgniter\View\{closure}()
#8 C:\xampp\htdocs\bpkad\system\Common.php(1097): CodeIgniter\View\View->render('tabel/index2', Array, true)
#9 C:\xampp\htdocs\bpkad\app\Controllers\Tabel.php(21): view('tabel/index2', Array)
#10 C:\xampp\htdocs\bpkad\system\CodeIgniter.php(824): App\Controllers\Tabel->index()
#11 C:\xampp\htdocs\bpkad\system\CodeIgniter.php(410): CodeIgniter\CodeIgniter->runController(Object(App\Controllers\Tabel))
#12 C:\xampp\htdocs\bpkad\system\CodeIgniter.php(318): CodeIgniter\CodeIgniter->handleRequest(NULL, Object(Config\Cache), false)
#13 C:\xampp\htdocs\bpkad\public\index.php(37): CodeIgniter\CodeIgniter->run()
#14 C:\xampp\htdocs\bpkad\system\Commands\Server\rewrite.php(43): require_once('C:\\xampp\\htdocs...')
#15 {main}
ERROR - 2022-01-26 20:02:43 --> [Microsoft][ODBC Driver 17 for SQL Server][SQL Server]The objects "kinerja_2021.dbo.coba" and "kinerja_2021.dbo.coba" in the FROM clause have the same exposed names. Use correlation names to distinguish them.
CRITICAL - 2022-01-26 20:02:43 --> [Microsoft][ODBC Driver 17 for SQL Server][SQL Server]The objects "kinerja_2021.dbo.coba" and "kinerja_2021.dbo.coba" in the FROM clause have the same exposed names. Use correlation names to distinguish them.
#0 C:\xampp\htdocs\bpkad\system\Database\BaseConnection.php(670): CodeIgniter\Database\SQLSRV\Connection->execute('SELECT "kinerja...')
#1 C:\xampp\htdocs\bpkad\system\Database\BaseConnection.php(598): CodeIgniter\Database\BaseConnection->simpleQuery('SELECT "kinerja...')
#2 C:\xampp\htdocs\bpkad\system\Database\SQLSRV\Builder.php(614): CodeIgniter\Database\BaseConnection->query('SELECT "kinerja...', Array, false)
#3 C:\xampp\htdocs\bpkad\system\Model.php(723): CodeIgniter\Database\SQLSRV\Builder->get()
#4 C:\xampp\htdocs\bpkad\app\Models\ModelTabel.php(98): CodeIgniter\Model->__call('get', Array)
#5 C:\xampp\htdocs\bpkad\app\Views\tabel\index2.php(94): App\Models\ModelTabel->get_indikator(Object(stdClass))
#6 C:\xampp\htdocs\bpkad\system\View\View.php(214): include('C:\\xampp\\htdocs...')
#7 C:\xampp\htdocs\bpkad\system\View\View.php(217): CodeIgniter\View\View->CodeIgniter\View\{closure}()
#8 C:\xampp\htdocs\bpkad\system\Common.php(1097): CodeIgniter\View\View->render('tabel/index2', Array, true)
#9 C:\xampp\htdocs\bpkad\app\Controllers\Tabel.php(21): view('tabel/index2', Array)
#10 C:\xampp\htdocs\bpkad\system\CodeIgniter.php(824): App\Controllers\Tabel->index()
#11 C:\xampp\htdocs\bpkad\system\CodeIgniter.php(410): CodeIgniter\CodeIgniter->runController(Object(App\Controllers\Tabel))
#12 C:\xampp\htdocs\bpkad\system\CodeIgniter.php(318): CodeIgniter\CodeIgniter->handleRequest(NULL, Object(Config\Cache), false)
#13 C:\xampp\htdocs\bpkad\public\index.php(37): CodeIgniter\CodeIgniter->run()
#14 C:\xampp\htdocs\bpkad\system\Commands\Server\rewrite.php(43): require_once('C:\\xampp\\htdocs...')
#15 {main}
ERROR - 2022-01-26 20:02:45 --> [Microsoft][ODBC Driver 17 for SQL Server][SQL Server]The objects "kinerja_2021.dbo.coba" and "kinerja_2021.dbo.coba" in the FROM clause have the same exposed names. Use correlation names to distinguish them.
CRITICAL - 2022-01-26 20:02:45 --> [Microsoft][ODBC Driver 17 for SQL Server][SQL Server]The objects "kinerja_2021.dbo.coba" and "kinerja_2021.dbo.coba" in the FROM clause have the same exposed names. Use correlation names to distinguish them.
#0 C:\xampp\htdocs\bpkad\system\Database\BaseConnection.php(670): CodeIgniter\Database\SQLSRV\Connection->execute('SELECT "kinerja...')
#1 C:\xampp\htdocs\bpkad\system\Database\BaseConnection.php(598): CodeIgniter\Database\BaseConnection->simpleQuery('SELECT "kinerja...')
#2 C:\xampp\htdocs\bpkad\system\Database\SQLSRV\Builder.php(614): CodeIgniter\Database\BaseConnection->query('SELECT "kinerja...', Array, false)
#3 C:\xampp\htdocs\bpkad\system\Model.php(723): CodeIgniter\Database\SQLSRV\Builder->get()
#4 C:\xampp\htdocs\bpkad\app\Models\ModelTabel.php(98): CodeIgniter\Model->__call('get', Array)
#5 C:\xampp\htdocs\bpkad\app\Views\tabel\index2.php(94): App\Models\ModelTabel->get_indikator(Object(stdClass))
#6 C:\xampp\htdocs\bpkad\system\View\View.php(214): include('C:\\xampp\\htdocs...')
#7 C:\xampp\htdocs\bpkad\system\View\View.php(217): CodeIgniter\View\View->CodeIgniter\View\{closure}()
#8 C:\xampp\htdocs\bpkad\system\Common.php(1097): CodeIgniter\View\View->render('tabel/index2', Array, true)
#9 C:\xampp\htdocs\bpkad\app\Controllers\Tabel.php(21): view('tabel/index2', Array)
#10 C:\xampp\htdocs\bpkad\system\CodeIgniter.php(824): App\Controllers\Tabel->index()
#11 C:\xampp\htdocs\bpkad\system\CodeIgniter.php(410): CodeIgniter\CodeIgniter->runController(Object(App\Controllers\Tabel))
#12 C:\xampp\htdocs\bpkad\system\CodeIgniter.php(318): CodeIgniter\CodeIgniter->handleRequest(NULL, Object(Config\Cache), false)
#13 C:\xampp\htdocs\bpkad\public\index.php(37): CodeIgniter\CodeIgniter->run()
#14 C:\xampp\htdocs\bpkad\system\Commands\Server\rewrite.php(43): require_once('C:\\xampp\\htdocs...')
#15 {main}
CRITICAL - 2022-01-26 20:03:01 --> Too few arguments to function App\Models\ModelTabel::get_indikator(), 0 passed in C:\xampp\htdocs\bpkad\app\Views\tabel\index2.php on line 94 and exactly 1 expected
#0 C:\xampp\htdocs\bpkad\app\Views\tabel\index2.php(94): App\Models\ModelTabel->get_indikator()
#1 C:\xampp\htdocs\bpkad\system\View\View.php(214): include('C:\\xampp\\htdocs...')
#2 C:\xampp\htdocs\bpkad\system\View\View.php(217): CodeIgniter\View\View->CodeIgniter\View\{closure}()
#3 C:\xampp\htdocs\bpkad\system\Common.php(1097): CodeIgniter\View\View->render('tabel/index2', Array, true)
#4 C:\xampp\htdocs\bpkad\app\Controllers\Tabel.php(21): view('tabel/index2', Array)
#5 C:\xampp\htdocs\bpkad\system\CodeIgniter.php(824): App\Controllers\Tabel->index()
#6 C:\xampp\htdocs\bpkad\system\CodeIgniter.php(410): CodeIgniter\CodeIgniter->runController(Object(App\Controllers\Tabel))
#7 C:\xampp\htdocs\bpkad\system\CodeIgniter.php(318): CodeIgniter\CodeIgniter->handleRequest(NULL, Object(Config\Cache), false)
#8 C:\xampp\htdocs\bpkad\public\index.php(37): CodeIgniter\CodeIgniter->run()
#9 C:\xampp\htdocs\bpkad\system\Commands\Server\rewrite.php(43): require_once('C:\\xampp\\htdocs...')
#10 {main}
ERROR - 2022-01-26 20:03:51 --> [Microsoft][ODBC Driver 17 for SQL Server][SQL Server]The objects "kinerja_2021.dbo.coba" and "kinerja_2021.dbo.coba" in the FROM clause have the same exposed names. Use correlation names to distinguish them.
CRITICAL - 2022-01-26 20:03:51 --> [Microsoft][ODBC Driver 17 for SQL Server][SQL Server]The objects "kinerja_2021.dbo.coba" and "kinerja_2021.dbo.coba" in the FROM clause have the same exposed names. Use correlation names to distinguish them.
#0 C:\xampp\htdocs\bpkad\system\Database\BaseConnection.php(670): CodeIgniter\Database\SQLSRV\Connection->execute('SELECT "kinerja...')
#1 C:\xampp\htdocs\bpkad\system\Database\BaseConnection.php(598): CodeIgniter\Database\BaseConnection->simpleQuery('SELECT "kinerja...')
#2 C:\xampp\htdocs\bpkad\system\Database\SQLSRV\Builder.php(614): CodeIgniter\Database\BaseConnection->query('SELECT "kinerja...', Array, false)
#3 C:\xampp\htdocs\bpkad\system\Model.php(723): CodeIgniter\Database\SQLSRV\Builder->get()
#4 C:\xampp\htdocs\bpkad\app\Models\ModelTabel.php(98): CodeIgniter\Model->__call('get', Array)
#5 C:\xampp\htdocs\bpkad\app\Views\tabel\index2.php(94): App\Models\ModelTabel->get_indikator()
#6 C:\xampp\htdocs\bpkad\system\View\View.php(214): include('C:\\xampp\\htdocs...')
#7 C:\xampp\htdocs\bpkad\system\View\View.php(217): CodeIgniter\View\View->CodeIgniter\View\{closure}()
#8 C:\xampp\htdocs\bpkad\system\Common.php(1097): CodeIgniter\View\View->render('tabel/index2', Array, true)
#9 C:\xampp\htdocs\bpkad\app\Controllers\Tabel.php(21): view('tabel/index2', Array)
#10 C:\xampp\htdocs\bpkad\system\CodeIgniter.php(824): App\Controllers\Tabel->index()
#11 C:\xampp\htdocs\bpkad\system\CodeIgniter.php(410): CodeIgniter\CodeIgniter->runController(Object(App\Controllers\Tabel))
#12 C:\xampp\htdocs\bpkad\system\CodeIgniter.php(318): CodeIgniter\CodeIgniter->handleRequest(NULL, Object(Config\Cache), false)
#13 C:\xampp\htdocs\bpkad\public\index.php(37): CodeIgniter\CodeIgniter->run()
#14 C:\xampp\htdocs\bpkad\system\Commands\Server\rewrite.php(43): require_once('C:\\xampp\\htdocs...')
#15 {main}
ERROR - 2022-01-26 20:04:53 --> [Microsoft][ODBC Driver 17 for SQL Server][SQL Server]The objects "kinerja_2021.dbo.coba" and "kinerja_2021.dbo.coba" in the FROM clause have the same exposed names. Use correlation names to distinguish them.
CRITICAL - 2022-01-26 20:04:53 --> [Microsoft][ODBC Driver 17 for SQL Server][SQL Server]The objects "kinerja_2021.dbo.coba" and "kinerja_2021.dbo.coba" in the FROM clause have the same exposed names. Use correlation names to distinguish them.
#0 C:\xampp\htdocs\bpkad\system\Database\BaseConnection.php(670): CodeIgniter\Database\SQLSRV\Connection->execute('SELECT "kinerja...')
#1 C:\xampp\htdocs\bpkad\system\Database\BaseConnection.php(598): CodeIgniter\Database\BaseConnection->simpleQuery('SELECT "kinerja...')
#2 C:\xampp\htdocs\bpkad\system\Database\SQLSRV\Builder.php(614): CodeIgniter\Database\BaseConnection->query('SELECT "kinerja...', Array, false)
#3 C:\xampp\htdocs\bpkad\system\Model.php(723): CodeIgniter\Database\SQLSRV\Builder->get()
#4 C:\xampp\htdocs\bpkad\app\Models\ModelTabel.php(105): CodeIgniter\Model->__call('get', Array)
#5 C:\xampp\htdocs\bpkad\app\Views\tabel\index2.php(94): App\Models\ModelTabel->get_indikator(Object(stdClass))
#6 C:\xampp\htdocs\bpkad\system\View\View.php(214): include('C:\\xampp\\htdocs...')
#7 C:\xampp\htdocs\bpkad\system\View\View.php(217): CodeIgniter\View\View->CodeIgniter\View\{closure}()
#8 C:\xampp\htdocs\bpkad\system\Common.php(1097): CodeIgniter\View\View->render('tabel/index2', Array, true)
#9 C:\xampp\htdocs\bpkad\app\Controllers\Tabel.php(21): view('tabel/index2', Array)
#10 C:\xampp\htdocs\bpkad\system\CodeIgniter.php(824): App\Controllers\Tabel->index()
#11 C:\xampp\htdocs\bpkad\system\CodeIgniter.php(410): CodeIgniter\CodeIgniter->runController(Object(App\Controllers\Tabel))
#12 C:\xampp\htdocs\bpkad\system\CodeIgniter.php(318): CodeIgniter\CodeIgniter->handleRequest(NULL, Object(Config\Cache), false)
#13 C:\xampp\htdocs\bpkad\public\index.php(37): CodeIgniter\CodeIgniter->run()
#14 C:\xampp\htdocs\bpkad\system\Commands\Server\rewrite.php(43): require_once('C:\\xampp\\htdocs...')
#15 {main}
ERROR - 2022-01-26 20:04:54 --> [Microsoft][ODBC Driver 17 for SQL Server][SQL Server]The objects "kinerja_2021.dbo.coba" and "kinerja_2021.dbo.coba" in the FROM clause have the same exposed names. Use correlation names to distinguish them.
CRITICAL - 2022-01-26 20:04:54 --> [Microsoft][ODBC Driver 17 for SQL Server][SQL Server]The objects "kinerja_2021.dbo.coba" and "kinerja_2021.dbo.coba" in the FROM clause have the same exposed names. Use correlation names to distinguish them.
#0 C:\xampp\htdocs\bpkad\system\Database\BaseConnection.php(670): CodeIgniter\Database\SQLSRV\Connection->execute('SELECT "kinerja...')
#1 C:\xampp\htdocs\bpkad\system\Database\BaseConnection.php(598): CodeIgniter\Database\BaseConnection->simpleQuery('SELECT "kinerja...')
#2 C:\xampp\htdocs\bpkad\system\Database\SQLSRV\Builder.php(614): CodeIgniter\Database\BaseConnection->query('SELECT "kinerja...', Array, false)
#3 C:\xampp\htdocs\bpkad\system\Model.php(723): CodeIgniter\Database\SQLSRV\Builder->get()
#4 C:\xampp\htdocs\bpkad\app\Models\ModelTabel.php(105): CodeIgniter\Model->__call('get', Array)
#5 C:\xampp\htdocs\bpkad\app\Views\tabel\index2.php(94): App\Models\ModelTabel->get_indikator(Object(stdClass))
#6 C:\xampp\htdocs\bpkad\system\View\View.php(214): include('C:\\xampp\\htdocs...')
#7 C:\xampp\htdocs\bpkad\system\View\View.php(217): CodeIgniter\View\View->CodeIgniter\View\{closure}()
#8 C:\xampp\htdocs\bpkad\system\Common.php(1097): CodeIgniter\View\View->render('tabel/index2', Array, true)
#9 C:\xampp\htdocs\bpkad\app\Controllers\Tabel.php(21): view('tabel/index2', Array)
#10 C:\xampp\htdocs\bpkad\system\CodeIgniter.php(824): App\Controllers\Tabel->index()
#11 C:\xampp\htdocs\bpkad\system\CodeIgniter.php(410): CodeIgniter\CodeIgniter->runController(Object(App\Controllers\Tabel))
#12 C:\xampp\htdocs\bpkad\system\CodeIgniter.php(318): CodeIgniter\CodeIgniter->handleRequest(NULL, Object(Config\Cache), false)
#13 C:\xampp\htdocs\bpkad\public\index.php(37): CodeIgniter\CodeIgniter->run()
#14 C:\xampp\htdocs\bpkad\system\Commands\Server\rewrite.php(43): require_once('C:\\xampp\\htdocs...')
#15 {main}
ERROR - 2022-01-26 20:04:55 --> [Microsoft][ODBC Driver 17 for SQL Server][SQL Server]The objects "kinerja_2021.dbo.coba" and "kinerja_2021.dbo.coba" in the FROM clause have the same exposed names. Use correlation names to distinguish them.
CRITICAL - 2022-01-26 20:04:55 --> [Microsoft][ODBC Driver 17 for SQL Server][SQL Server]The objects "kinerja_2021.dbo.coba" and "kinerja_2021.dbo.coba" in the FROM clause have the same exposed names. Use correlation names to distinguish them.
#0 C:\xampp\htdocs\bpkad\system\Database\BaseConnection.php(670): CodeIgniter\Database\SQLSRV\Connection->execute('SELECT "kinerja...')
#1 C:\xampp\htdocs\bpkad\system\Database\BaseConnection.php(598): CodeIgniter\Database\BaseConnection->simpleQuery('SELECT "kinerja...')
#2 C:\xampp\htdocs\bpkad\system\Database\SQLSRV\Builder.php(614): CodeIgniter\Database\BaseConnection->query('SELECT "kinerja...', Array, false)
#3 C:\xampp\htdocs\bpkad\system\Model.php(723): CodeIgniter\Database\SQLSRV\Builder->get()
#4 C:\xampp\htdocs\bpkad\app\Models\ModelTabel.php(105): CodeIgniter\Model->__call('get', Array)
#5 C:\xampp\htdocs\bpkad\app\Views\tabel\index2.php(94): App\Models\ModelTabel->get_indikator(Object(stdClass))
#6 C:\xampp\htdocs\bpkad\system\View\View.php(214): include('C:\\xampp\\htdocs...')
#7 C:\xampp\htdocs\bpkad\system\View\View.php(217): CodeIgniter\View\View->CodeIgniter\View\{closure}()
#8 C:\xampp\htdocs\bpkad\system\Common.php(1097): CodeIgniter\View\View->render('tabel/index2', Array, true)
#9 C:\xampp\htdocs\bpkad\app\Controllers\Tabel.php(21): view('tabel/index2', Array)
#10 C:\xampp\htdocs\bpkad\system\CodeIgniter.php(824): App\Controllers\Tabel->index()
#11 C:\xampp\htdocs\bpkad\system\CodeIgniter.php(410): CodeIgniter\CodeIgniter->runController(Object(App\Controllers\Tabel))
#12 C:\xampp\htdocs\bpkad\system\CodeIgniter.php(318): CodeIgniter\CodeIgniter->handleRequest(NULL, Object(Config\Cache), false)
#13 C:\xampp\htdocs\bpkad\public\index.php(37): CodeIgniter\CodeIgniter->run()
#14 C:\xampp\htdocs\bpkad\system\Commands\Server\rewrite.php(43): require_once('C:\\xampp\\htdocs...')
#15 {main}
ERROR - 2022-01-26 20:30:10 --> [Microsoft][ODBC Driver 17 for SQL Server][SQL Server]The objects "kinerja_2021.dbo.coba" and "kinerja_2021.dbo.coba" in the FROM clause have the same exposed names. Use correlation names to distinguish them.
CRITICAL - 2022-01-26 20:30:10 --> [Microsoft][ODBC Driver 17 for SQL Server][SQL Server]The objects "kinerja_2021.dbo.coba" and "kinerja_2021.dbo.coba" in the FROM clause have the same exposed names. Use correlation names to distinguish them.
#0 C:\xampp\htdocs\bpkad\system\Database\BaseConnection.php(670): CodeIgniter\Database\SQLSRV\Connection->execute('SELECT "kinerja...')
#1 C:\xampp\htdocs\bpkad\system\Database\BaseConnection.php(598): CodeIgniter\Database\BaseConnection->simpleQuery('SELECT "kinerja...')
#2 C:\xampp\htdocs\bpkad\system\Database\SQLSRV\Builder.php(614): CodeIgniter\Database\BaseConnection->query('SELECT "kinerja...', Array, false)
#3 C:\xampp\htdocs\bpkad\system\Model.php(723): CodeIgniter\Database\SQLSRV\Builder->get()
#4 C:\xampp\htdocs\bpkad\app\Models\ModelTabel.php(104): CodeIgniter\Model->__call('get', Array)
#5 C:\xampp\htdocs\bpkad\app\Views\tabel\index2.php(94): App\Models\ModelTabel->get_indikator(Object(stdClass))
#6 C:\xampp\htdocs\bpkad\system\View\View.php(214): include('C:\\xampp\\htdocs...')
#7 C:\xampp\htdocs\bpkad\system\View\View.php(217): CodeIgniter\View\View->CodeIgniter\View\{closure}()
#8 C:\xampp\htdocs\bpkad\system\Common.php(1097): CodeIgniter\View\View->render('tabel/index2', Array, true)
#9 C:\xampp\htdocs\bpkad\app\Controllers\Tabel.php(21): view('tabel/index2', Array)
#10 C:\xampp\htdocs\bpkad\system\CodeIgniter.php(824): App\Controllers\Tabel->index()
#11 C:\xampp\htdocs\bpkad\system\CodeIgniter.php(410): CodeIgniter\CodeIgniter->runController(Object(App\Controllers\Tabel))
#12 C:\xampp\htdocs\bpkad\system\CodeIgniter.php(318): CodeIgniter\CodeIgniter->handleRequest(NULL, Object(Config\Cache), false)
#13 C:\xampp\htdocs\bpkad\public\index.php(37): CodeIgniter\CodeIgniter->run()
#14 C:\xampp\htdocs\bpkad\system\Commands\Server\rewrite.php(43): require_once('C:\\xampp\\htdocs...')
#15 {main}
ERROR - 2022-01-26 20:31:11 --> [Microsoft][ODBC Driver 17 for SQL Server][SQL Server]The objects "kinerja_2021.dbo.coba" and "kinerja_2021.dbo.coba" in the FROM clause have the same exposed names. Use correlation names to distinguish them.
CRITICAL - 2022-01-26 20:31:11 --> [Microsoft][ODBC Driver 17 for SQL Server][SQL Server]The objects "kinerja_2021.dbo.coba" and "kinerja_2021.dbo.coba" in the FROM clause have the same exposed names. Use correlation names to distinguish them.
#0 C:\xampp\htdocs\bpkad\system\Database\BaseConnection.php(670): CodeIgniter\Database\SQLSRV\Connection->execute('SELECT "kinerja...')
#1 C:\xampp\htdocs\bpkad\system\Database\BaseConnection.php(598): CodeIgniter\Database\BaseConnection->simpleQuery('SELECT "kinerja...')
#2 C:\xampp\htdocs\bpkad\system\Database\SQLSRV\Builder.php(614): CodeIgniter\Database\BaseConnection->query('SELECT "kinerja...', Array, false)
#3 C:\xampp\htdocs\bpkad\system\Model.php(723): CodeIgniter\Database\SQLSRV\Builder->get()
#4 C:\xampp\htdocs\bpkad\app\Models\ModelTabel.php(104): CodeIgniter\Model->__call('get', Array)
#5 C:\xampp\htdocs\bpkad\app\Views\tabel\index2.php(94): App\Models\ModelTabel->get_indikator(Object(stdClass))
#6 C:\xampp\htdocs\bpkad\system\View\View.php(214): include('C:\\xampp\\htdocs...')
#7 C:\xampp\htdocs\bpkad\system\View\View.php(217): CodeIgniter\View\View->CodeIgniter\View\{closure}()
#8 C:\xampp\htdocs\bpkad\system\Common.php(1097): CodeIgniter\View\View->render('tabel/index2', Array, true)
#9 C:\xampp\htdocs\bpkad\app\Controllers\Tabel.php(21): view('tabel/index2', Array)
#10 C:\xampp\htdocs\bpkad\system\CodeIgniter.php(824): App\Controllers\Tabel->index()
#11 C:\xampp\htdocs\bpkad\system\CodeIgniter.php(410): CodeIgniter\CodeIgniter->runController(Object(App\Controllers\Tabel))
#12 C:\xampp\htdocs\bpkad\system\CodeIgniter.php(318): CodeIgniter\CodeIgniter->handleRequest(NULL, Object(Config\Cache), false)
#13 C:\xampp\htdocs\bpkad\public\index.php(37): CodeIgniter\CodeIgniter->run()
#14 C:\xampp\htdocs\bpkad\system\Commands\Server\rewrite.php(43): require_once('C:\\xampp\\htdocs...')
#15 {main}
ERROR - 2022-01-26 20:31:17 --> [Microsoft][ODBC Driver 17 for SQL Server][SQL Server]The objects "kinerja_2021.dbo.coba" and "kinerja_2021.dbo.coba" in the FROM clause have the same exposed names. Use correlation names to distinguish them.
CRITICAL - 2022-01-26 20:31:17 --> [Microsoft][ODBC Driver 17 for SQL Server][SQL Server]The objects "kinerja_2021.dbo.coba" and "kinerja_2021.dbo.coba" in the FROM clause have the same exposed names. Use correlation names to distinguish them.
#0 C:\xampp\htdocs\bpkad\system\Database\BaseConnection.php(670): CodeIgniter\Database\SQLSRV\Connection->execute('SELECT "kd_indi...')
#1 C:\xampp\htdocs\bpkad\system\Database\BaseConnection.php(598): CodeIgniter\Database\BaseConnection->simpleQuery('SELECT "kd_indi...')
#2 C:\xampp\htdocs\bpkad\system\Database\SQLSRV\Builder.php(614): CodeIgniter\Database\BaseConnection->query('SELECT "kd_indi...', Array, false)
#3 C:\xampp\htdocs\bpkad\system\Model.php(723): CodeIgniter\Database\SQLSRV\Builder->get()
#4 C:\xampp\htdocs\bpkad\app\Models\ModelTabel.php(101): CodeIgniter\Model->__call('get', Array)
#5 C:\xampp\htdocs\bpkad\app\Views\tabel\index2.php(94): App\Models\ModelTabel->get_indikator(Object(stdClass))
#6 C:\xampp\htdocs\bpkad\system\View\View.php(214): include('C:\\xampp\\htdocs...')
#7 C:\xampp\htdocs\bpkad\system\View\View.php(217): CodeIgniter\View\View->CodeIgniter\View\{closure}()
#8 C:\xampp\htdocs\bpkad\system\Common.php(1097): CodeIgniter\View\View->render('tabel/index2', Array, true)
#9 C:\xampp\htdocs\bpkad\app\Controllers\Tabel.php(21): view('tabel/index2', Array)
#10 C:\xampp\htdocs\bpkad\system\CodeIgniter.php(824): App\Controllers\Tabel->index()
#11 C:\xampp\htdocs\bpkad\system\CodeIgniter.php(410): CodeIgniter\CodeIgniter->runController(Object(App\Controllers\Tabel))
#12 C:\xampp\htdocs\bpkad\system\CodeIgniter.php(318): CodeIgniter\CodeIgniter->handleRequest(NULL, Object(Config\Cache), false)
#13 C:\xampp\htdocs\bpkad\public\index.php(37): CodeIgniter\CodeIgniter->run()
#14 C:\xampp\htdocs\bpkad\system\Commands\Server\rewrite.php(43): require_once('C:\\xampp\\htdocs...')
#15 {main}
CRITICAL - 2022-01-26 20:53:53 --> Undefined variable: nomor_program
#0 C:\xampp\htdocs\bpkad\app\Views\tabel\index2.php(44): CodeIgniter\Debug\Exceptions->errorHandler(8, 'Undefined varia...', 'C:\\xampp\\htdocs...', 44, Array)
#1 C:\xampp\htdocs\bpkad\system\View\View.php(214): include('C:\\xampp\\htdocs...')
#2 C:\xampp\htdocs\bpkad\system\View\View.php(217): CodeIgniter\View\View->CodeIgniter\View\{closure}()
#3 C:\xampp\htdocs\bpkad\system\Common.php(1097): CodeIgniter\View\View->render('tabel/index2', Array, true)
#4 C:\xampp\htdocs\bpkad\app\Controllers\Tabel.php(21): view('tabel/index2', Array)
#5 C:\xampp\htdocs\bpkad\system\CodeIgniter.php(824): App\Controllers\Tabel->index()
#6 C:\xampp\htdocs\bpkad\system\CodeIgniter.php(410): CodeIgniter\CodeIgniter->runController(Object(App\Controllers\Tabel))
#7 C:\xampp\htdocs\bpkad\system\CodeIgniter.php(318): CodeIgniter\CodeIgniter->handleRequest(NULL, Object(Config\Cache), false)
#8 C:\xampp\htdocs\bpkad\public\index.php(37): CodeIgniter\CodeIgniter->run()
#9 C:\xampp\htdocs\bpkad\system\Commands\Server\rewrite.php(43): require_once('C:\\xampp\\htdocs...')
#10 {main}
