CRITICAL - 2022-02-02 00:33:53 --> Undefined variable: k
#0 C:\xampp\htdocs\bpkad\app\Views\tabel\index2.php(68): CodeIgniter\Debug\Exceptions->errorHandler(8, 'Undefined varia...', 'C:\\xampp\\htdocs...', 68, Array)
#1 C:\xampp\htdocs\bpkad\system\View\View.php(214): include('C:\\xampp\\htdocs...')
#2 C:\xampp\htdocs\bpkad\system\View\View.php(217): CodeIgniter\View\View->CodeIgniter\View\{closure}()
#3 C:\xampp\htdocs\bpkad\system\Common.php(1097): CodeIgniter\View\View->render('tabel/index2', Array, true)
#4 C:\xampp\htdocs\bpkad\app\Controllers\Tabel.php(22): view('tabel/index2', Array)
#5 C:\xampp\htdocs\bpkad\system\CodeIgniter.php(824): App\Controllers\Tabel->index()
#6 C:\xampp\htdocs\bpkad\system\CodeIgniter.php(410): CodeIgniter\CodeIgniter->runController(Object(App\Controllers\Tabel))
#7 C:\xampp\htdocs\bpkad\system\CodeIgniter.php(318): CodeIgniter\CodeIgniter->handleRequest(NULL, Object(Config\Cache), false)
#8 C:\xampp\htdocs\bpkad\public\index.php(37): CodeIgniter\CodeIgniter->run()
#9 C:\xampp\htdocs\bpkad\system\Commands\Server\rewrite.php(43): require_once('C:\\xampp\\htdocs...')
#10 {main}
CRITICAL - 2022-02-02 00:35:03 --> Undefined variable: k
#0 C:\xampp\htdocs\bpkad\app\Views\tabel\index2.php(65): CodeIgniter\Debug\Exceptions->errorHandler(8, 'Undefined varia...', 'C:\\xampp\\htdocs...', 65, Array)
#1 C:\xampp\htdocs\bpkad\system\View\View.php(214): include('C:\\xampp\\htdocs...')
#2 C:\xampp\htdocs\bpkad\system\View\View.php(217): CodeIgniter\View\View->CodeIgniter\View\{closure}()
#3 C:\xampp\htdocs\bpkad\system\Common.php(1097): CodeIgniter\View\View->render('tabel/index2', Array, true)
#4 C:\xampp\htdocs\bpkad\app\Controllers\Tabel.php(22): view('tabel/index2', Array)
#5 C:\xampp\htdocs\bpkad\system\CodeIgniter.php(824): App\Controllers\Tabel->index()
#6 C:\xampp\htdocs\bpkad\system\CodeIgniter.php(410): CodeIgniter\CodeIgniter->runController(Object(App\Controllers\Tabel))
#7 C:\xampp\htdocs\bpkad\system\CodeIgniter.php(318): CodeIgniter\CodeIgniter->handleRequest(NULL, Object(Config\Cache), false)
#8 C:\xampp\htdocs\bpkad\public\index.php(37): CodeIgniter\CodeIgniter->run()
#9 C:\xampp\htdocs\bpkad\system\Commands\Server\rewrite.php(43): require_once('C:\\xampp\\htdocs...')
#10 {main}
