CRITICAL - 2023-03-27 22:46:02 --> Too few arguments to function App\Models\ModelTabel::get_where(), 2 passed in C:\xampp\htdocs\kinerja2022\app\Controllers\Edit.php on line 24 and exactly 4 expected
#0 C:\xampp\htdocs\kinerja2022\app\Controllers\Edit.php(24): App\Models\ModelTabel->get_where('1.01.2.19.0.00....', '1.01.2.19.0.00....')
#1 C:\xampp\htdocs\kinerja2022\system\CodeIgniter.php(824): App\Controllers\Edit->EditKinerjaSKPD('2')
#2 C:\xampp\htdocs\kinerja2022\system\CodeIgniter.php(410): CodeIgniter\CodeIgniter->runController(Object(App\Controllers\Edit))
#3 C:\xampp\htdocs\kinerja2022\system\CodeIgniter.php(318): CodeIgniter\CodeIgniter->handleRequest(NULL, Object(Config\Cache), false)
#4 C:\xampp\htdocs\kinerja2022\public\index.php(37): CodeIgniter\CodeIgniter->run()
#5 C:\xampp\htdocs\kinerja2022\system\Commands\Server\rewrite.php(43): require_once('C:\\xampp\\htdocs...')
#6 {main}
ERROR - 2023-03-27 22:49:30 --> You have an error in your SQL syntax; check the manual that corresponds to your MariaDB server version for the right syntax to use near '.2.19.0.00.01.0000 AND
                  kodeUnitSkpd= 1.01.2.19.0.00.01.0000 A' at line 3
CRITICAL - 2023-03-27 22:49:30 --> You have an error in your SQL syntax; check the manual that corresponds to your MariaDB server version for the right syntax to use near '.2.19.0.00.01.0000 AND
                  kodeUnitSkpd= 1.01.2.19.0.00.01.0000 A' at line 3
#0 C:\xampp\htdocs\kinerja2022\system\Database\MySQLi\Connection.php(292): mysqli->query('SELECT kodeSkpd...', 0)
#1 C:\xampp\htdocs\kinerja2022\system\Database\BaseConnection.php(670): CodeIgniter\Database\MySQLi\Connection->execute('SELECT kodeSkpd...')
#2 C:\xampp\htdocs\kinerja2022\system\Database\BaseConnection.php(598): CodeIgniter\Database\BaseConnection->simpleQuery('SELECT kodeSkpd...')
#3 C:\xampp\htdocs\kinerja2022\app\Models\ModelTabelKinerja.php(33): CodeIgniter\Database\BaseConnection->query('SELECT kodeSkpd...')
#4 C:\xampp\htdocs\kinerja2022\app\Controllers\Edit.php(24): App\Models\ModelTabelKinerja->get_where('1.01.2.19.0.00....', '1.01.2.19.0.00....')
#5 C:\xampp\htdocs\kinerja2022\system\CodeIgniter.php(824): App\Controllers\Edit->EditKinerjaSKPD('2')
#6 C:\xampp\htdocs\kinerja2022\system\CodeIgniter.php(410): CodeIgniter\CodeIgniter->runController(Object(App\Controllers\Edit))
#7 C:\xampp\htdocs\kinerja2022\system\CodeIgniter.php(318): CodeIgniter\CodeIgniter->handleRequest(NULL, Object(Config\Cache), false)
#8 C:\xampp\htdocs\kinerja2022\public\index.php(37): CodeIgniter\CodeIgniter->run()
#9 C:\xampp\htdocs\kinerja2022\system\Commands\Server\rewrite.php(43): require_once('C:\\xampp\\htdocs...')
#10 {main}
ERROR - 2023-03-27 22:50:52 --> You have an error in your SQL syntax; check the manual that corresponds to your MariaDB server version for the right syntax to use near 'group by 'kodeSkpd', 'kodeUnitSkpd','kodeProgram', 'kodeKegiatan', 'kodeSubKegia' at line 5
CRITICAL - 2023-03-27 22:50:52 --> You have an error in your SQL syntax; check the manual that corresponds to your MariaDB server version for the right syntax to use near 'group by 'kodeSkpd', 'kodeUnitSkpd','kodeProgram', 'kodeKegiatan', 'kodeSubKegia' at line 5
#0 C:\xampp\htdocs\kinerja2022\system\Database\MySQLi\Connection.php(292): mysqli->query('SELECT kodeSkpd...', 0)
#1 C:\xampp\htdocs\kinerja2022\system\Database\BaseConnection.php(670): CodeIgniter\Database\MySQLi\Connection->execute('SELECT kodeSkpd...')
#2 C:\xampp\htdocs\kinerja2022\system\Database\BaseConnection.php(598): CodeIgniter\Database\BaseConnection->simpleQuery('SELECT kodeSkpd...')
#3 C:\xampp\htdocs\kinerja2022\app\Models\ModelTabelKinerja.php(33): CodeIgniter\Database\BaseConnection->query('SELECT kodeSkpd...')
#4 C:\xampp\htdocs\kinerja2022\app\Controllers\Edit.php(24): App\Models\ModelTabelKinerja->get_where('1.01.2.19.0.00....', '1.01.2.19.0.00....')
#5 C:\xampp\htdocs\kinerja2022\system\CodeIgniter.php(824): App\Controllers\Edit->EditKinerjaSKPD('2')
#6 C:\xampp\htdocs\kinerja2022\system\CodeIgniter.php(410): CodeIgniter\CodeIgniter->runController(Object(App\Controllers\Edit))
#7 C:\xampp\htdocs\kinerja2022\system\CodeIgniter.php(318): CodeIgniter\CodeIgniter->handleRequest(NULL, Object(Config\Cache), false)
#8 C:\xampp\htdocs\kinerja2022\public\index.php(37): CodeIgniter\CodeIgniter->run()
#9 C:\xampp\htdocs\kinerja2022\system\Commands\Server\rewrite.php(43): require_once('C:\\xampp\\htdocs...')
#10 {main}
ERROR - 2023-03-27 22:51:08 --> You have an error in your SQL syntax; check the manual that corresponds to your MariaDB server version for the right syntax to use near 'ORDER BY 'kodeProgram' ASC' at line 6
CRITICAL - 2023-03-27 22:51:08 --> You have an error in your SQL syntax; check the manual that corresponds to your MariaDB server version for the right syntax to use near 'ORDER BY 'kodeProgram' ASC' at line 6
#0 C:\xampp\htdocs\kinerja2022\system\Database\MySQLi\Connection.php(292): mysqli->query('SELECT kodeSkpd...', 0)
#1 C:\xampp\htdocs\kinerja2022\system\Database\BaseConnection.php(670): CodeIgniter\Database\MySQLi\Connection->execute('SELECT kodeSkpd...')
#2 C:\xampp\htdocs\kinerja2022\system\Database\BaseConnection.php(598): CodeIgniter\Database\BaseConnection->simpleQuery('SELECT kodeSkpd...')
#3 C:\xampp\htdocs\kinerja2022\app\Models\ModelTabelKinerja.php(33): CodeIgniter\Database\BaseConnection->query('SELECT kodeSkpd...')
#4 C:\xampp\htdocs\kinerja2022\app\Controllers\Edit.php(24): App\Models\ModelTabelKinerja->get_where('1.01.2.19.0.00....', '1.01.2.19.0.00....')
#5 C:\xampp\htdocs\kinerja2022\system\CodeIgniter.php(824): App\Controllers\Edit->EditKinerjaSKPD('2')
#6 C:\xampp\htdocs\kinerja2022\system\CodeIgniter.php(410): CodeIgniter\CodeIgniter->runController(Object(App\Controllers\Edit))
#7 C:\xampp\htdocs\kinerja2022\system\CodeIgniter.php(318): CodeIgniter\CodeIgniter->handleRequest(NULL, Object(Config\Cache), false)
#8 C:\xampp\htdocs\kinerja2022\public\index.php(37): CodeIgniter\CodeIgniter->run()
#9 C:\xampp\htdocs\kinerja2022\system\Commands\Server\rewrite.php(43): require_once('C:\\xampp\\htdocs...')
#10 {main}
ERROR - 2023-03-27 22:51:33 --> You have an error in your SQL syntax; check the manual that corresponds to your MariaDB server version for the right syntax to use near '' at line 4
CRITICAL - 2023-03-27 22:51:33 --> You have an error in your SQL syntax; check the manual that corresponds to your MariaDB server version for the right syntax to use near '' at line 4
#0 C:\xampp\htdocs\kinerja2022\system\Database\MySQLi\Connection.php(292): mysqli->query('SELECT kodeSkpd...', 0)
#1 C:\xampp\htdocs\kinerja2022\system\Database\BaseConnection.php(670): CodeIgniter\Database\MySQLi\Connection->execute('SELECT kodeSkpd...')
#2 C:\xampp\htdocs\kinerja2022\system\Database\BaseConnection.php(598): CodeIgniter\Database\BaseConnection->simpleQuery('SELECT kodeSkpd...')
#3 C:\xampp\htdocs\kinerja2022\app\Models\ModelTabelKinerja.php(33): CodeIgniter\Database\BaseConnection->query('SELECT kodeSkpd...')
#4 C:\xampp\htdocs\kinerja2022\app\Controllers\Edit.php(24): App\Models\ModelTabelKinerja->get_where('1.01.2.19.0.00....', '1.01.2.19.0.00....')
#5 C:\xampp\htdocs\kinerja2022\system\CodeIgniter.php(824): App\Controllers\Edit->EditKinerjaSKPD('2')
#6 C:\xampp\htdocs\kinerja2022\system\CodeIgniter.php(410): CodeIgniter\CodeIgniter->runController(Object(App\Controllers\Edit))
#7 C:\xampp\htdocs\kinerja2022\system\CodeIgniter.php(318): CodeIgniter\CodeIgniter->handleRequest(NULL, Object(Config\Cache), false)
#8 C:\xampp\htdocs\kinerja2022\public\index.php(37): CodeIgniter\CodeIgniter->run()
#9 C:\xampp\htdocs\kinerja2022\system\Commands\Server\rewrite.php(43): require_once('C:\\xampp\\htdocs...')
#10 {main}
ERROR - 2023-03-27 22:54:21 --> You have an error in your SQL syntax; check the manual that corresponds to your MariaDB server version for the right syntax to use near '' at line 4
CRITICAL - 2023-03-27 22:54:21 --> You have an error in your SQL syntax; check the manual that corresponds to your MariaDB server version for the right syntax to use near '' at line 4
#0 C:\xampp\htdocs\kinerja2022\system\Database\MySQLi\Connection.php(292): mysqli->query('SELECT kodeSkpd...', 0)
#1 C:\xampp\htdocs\kinerja2022\system\Database\BaseConnection.php(670): CodeIgniter\Database\MySQLi\Connection->execute('SELECT kodeSkpd...')
#2 C:\xampp\htdocs\kinerja2022\system\Database\BaseConnection.php(598): CodeIgniter\Database\BaseConnection->simpleQuery('SELECT kodeSkpd...')
#3 C:\xampp\htdocs\kinerja2022\app\Models\ModelTabelKinerja.php(33): CodeIgniter\Database\BaseConnection->query('SELECT kodeSkpd...')
#4 C:\xampp\htdocs\kinerja2022\app\Controllers\Edit.php(25): App\Models\ModelTabelKinerja->get_where('1.01.2.19.0.00....', '1.01.2.19.0.00....')
#5 C:\xampp\htdocs\kinerja2022\system\CodeIgniter.php(824): App\Controllers\Edit->EditKinerjaSKPD('2')
#6 C:\xampp\htdocs\kinerja2022\system\CodeIgniter.php(410): CodeIgniter\CodeIgniter->runController(Object(App\Controllers\Edit))
#7 C:\xampp\htdocs\kinerja2022\system\CodeIgniter.php(318): CodeIgniter\CodeIgniter->handleRequest(NULL, Object(Config\Cache), false)
#8 C:\xampp\htdocs\kinerja2022\public\index.php(37): CodeIgniter\CodeIgniter->run()
#9 C:\xampp\htdocs\kinerja2022\system\Commands\Server\rewrite.php(43): require_once('C:\\xampp\\htdocs...')
#10 {main}
ERROR - 2023-03-27 22:54:22 --> You have an error in your SQL syntax; check the manual that corresponds to your MariaDB server version for the right syntax to use near '' at line 4
CRITICAL - 2023-03-27 22:54:22 --> You have an error in your SQL syntax; check the manual that corresponds to your MariaDB server version for the right syntax to use near '' at line 4
#0 C:\xampp\htdocs\kinerja2022\system\Database\MySQLi\Connection.php(292): mysqli->query('SELECT kodeSkpd...', 0)
#1 C:\xampp\htdocs\kinerja2022\system\Database\BaseConnection.php(670): CodeIgniter\Database\MySQLi\Connection->execute('SELECT kodeSkpd...')
#2 C:\xampp\htdocs\kinerja2022\system\Database\BaseConnection.php(598): CodeIgniter\Database\BaseConnection->simpleQuery('SELECT kodeSkpd...')
#3 C:\xampp\htdocs\kinerja2022\app\Models\ModelTabelKinerja.php(33): CodeIgniter\Database\BaseConnection->query('SELECT kodeSkpd...')
#4 C:\xampp\htdocs\kinerja2022\app\Controllers\Edit.php(25): App\Models\ModelTabelKinerja->get_where('1.01.2.19.0.00....', '1.01.2.19.0.00....')
#5 C:\xampp\htdocs\kinerja2022\system\CodeIgniter.php(824): App\Controllers\Edit->EditKinerjaSKPD('2')
#6 C:\xampp\htdocs\kinerja2022\system\CodeIgniter.php(410): CodeIgniter\CodeIgniter->runController(Object(App\Controllers\Edit))
#7 C:\xampp\htdocs\kinerja2022\system\CodeIgniter.php(318): CodeIgniter\CodeIgniter->handleRequest(NULL, Object(Config\Cache), false)
#8 C:\xampp\htdocs\kinerja2022\public\index.php(37): CodeIgniter\CodeIgniter->run()
#9 C:\xampp\htdocs\kinerja2022\system\Commands\Server\rewrite.php(43): require_once('C:\\xampp\\htdocs...')
#10 {main}
ERROR - 2023-03-27 22:54:22 --> You have an error in your SQL syntax; check the manual that corresponds to your MariaDB server version for the right syntax to use near '' at line 4
CRITICAL - 2023-03-27 22:54:22 --> You have an error in your SQL syntax; check the manual that corresponds to your MariaDB server version for the right syntax to use near '' at line 4
#0 C:\xampp\htdocs\kinerja2022\system\Database\MySQLi\Connection.php(292): mysqli->query('SELECT kodeSkpd...', 0)
#1 C:\xampp\htdocs\kinerja2022\system\Database\BaseConnection.php(670): CodeIgniter\Database\MySQLi\Connection->execute('SELECT kodeSkpd...')
#2 C:\xampp\htdocs\kinerja2022\system\Database\BaseConnection.php(598): CodeIgniter\Database\BaseConnection->simpleQuery('SELECT kodeSkpd...')
#3 C:\xampp\htdocs\kinerja2022\app\Models\ModelTabelKinerja.php(33): CodeIgniter\Database\BaseConnection->query('SELECT kodeSkpd...')
#4 C:\xampp\htdocs\kinerja2022\app\Controllers\Edit.php(25): App\Models\ModelTabelKinerja->get_where('1.01.2.19.0.00....', '1.01.2.19.0.00....')
#5 C:\xampp\htdocs\kinerja2022\system\CodeIgniter.php(824): App\Controllers\Edit->EditKinerjaSKPD('2')
#6 C:\xampp\htdocs\kinerja2022\system\CodeIgniter.php(410): CodeIgniter\CodeIgniter->runController(Object(App\Controllers\Edit))
#7 C:\xampp\htdocs\kinerja2022\system\CodeIgniter.php(318): CodeIgniter\CodeIgniter->handleRequest(NULL, Object(Config\Cache), false)
#8 C:\xampp\htdocs\kinerja2022\public\index.php(37): CodeIgniter\CodeIgniter->run()
#9 C:\xampp\htdocs\kinerja2022\system\Commands\Server\rewrite.php(43): require_once('C:\\xampp\\htdocs...')
#10 {main}
ERROR - 2023-03-27 22:55:17 --> You have an error in your SQL syntax; check the manual that corresponds to your MariaDB server version for the right syntax to use near '' at line 4
CRITICAL - 2023-03-27 22:55:17 --> You have an error in your SQL syntax; check the manual that corresponds to your MariaDB server version for the right syntax to use near '' at line 4
#0 C:\xampp\htdocs\kinerja2022\system\Database\MySQLi\Connection.php(292): mysqli->query('SELECT kodeSkpd...', 0)
#1 C:\xampp\htdocs\kinerja2022\system\Database\BaseConnection.php(670): CodeIgniter\Database\MySQLi\Connection->execute('SELECT kodeSkpd...')
#2 C:\xampp\htdocs\kinerja2022\system\Database\BaseConnection.php(598): CodeIgniter\Database\BaseConnection->simpleQuery('SELECT kodeSkpd...')
#3 C:\xampp\htdocs\kinerja2022\app\Models\ModelTabelKinerja.php(33): CodeIgniter\Database\BaseConnection->query('SELECT kodeSkpd...')
#4 C:\xampp\htdocs\kinerja2022\app\Controllers\Edit.php(25): App\Models\ModelTabelKinerja->get_where('1.01.2.19.0.00....', '1.01.2.19.0.00....')
#5 C:\xampp\htdocs\kinerja2022\system\CodeIgniter.php(824): App\Controllers\Edit->EditKinerjaSKPD('2')
#6 C:\xampp\htdocs\kinerja2022\system\CodeIgniter.php(410): CodeIgniter\CodeIgniter->runController(Object(App\Controllers\Edit))
#7 C:\xampp\htdocs\kinerja2022\system\CodeIgniter.php(318): CodeIgniter\CodeIgniter->handleRequest(NULL, Object(Config\Cache), false)
#8 C:\xampp\htdocs\kinerja2022\public\index.php(37): CodeIgniter\CodeIgniter->run()
#9 C:\xampp\htdocs\kinerja2022\system\Commands\Server\rewrite.php(43): require_once('C:\\xampp\\htdocs...')
#10 {main}
ERROR - 2023-03-27 22:56:25 --> You have an error in your SQL syntax; check the manual that corresponds to your MariaDB server version for the right syntax to use near '' at line 4
CRITICAL - 2023-03-27 22:56:25 --> You have an error in your SQL syntax; check the manual that corresponds to your MariaDB server version for the right syntax to use near '' at line 4
#0 C:\xampp\htdocs\kinerja2022\system\Database\MySQLi\Connection.php(292): mysqli->query('SELECT * \r\n    ...', 0)
#1 C:\xampp\htdocs\kinerja2022\system\Database\BaseConnection.php(670): CodeIgniter\Database\MySQLi\Connection->execute('SELECT * \r\n    ...')
#2 C:\xampp\htdocs\kinerja2022\system\Database\BaseConnection.php(598): CodeIgniter\Database\BaseConnection->simpleQuery('SELECT * \r\n    ...')
#3 C:\xampp\htdocs\kinerja2022\app\Models\ModelTabelKinerja.php(31): CodeIgniter\Database\BaseConnection->query('SELECT * \r\n    ...')
#4 C:\xampp\htdocs\kinerja2022\app\Controllers\Edit.php(25): App\Models\ModelTabelKinerja->get_where('1.01.2.19.0.00....', '1.01.2.19.0.00....')
#5 C:\xampp\htdocs\kinerja2022\system\CodeIgniter.php(824): App\Controllers\Edit->EditKinerjaSKPD('2')
#6 C:\xampp\htdocs\kinerja2022\system\CodeIgniter.php(410): CodeIgniter\CodeIgniter->runController(Object(App\Controllers\Edit))
#7 C:\xampp\htdocs\kinerja2022\system\CodeIgniter.php(318): CodeIgniter\CodeIgniter->handleRequest(NULL, Object(Config\Cache), false)
#8 C:\xampp\htdocs\kinerja2022\public\index.php(37): CodeIgniter\CodeIgniter->run()
#9 C:\xampp\htdocs\kinerja2022\system\Commands\Server\rewrite.php(43): require_once('C:\\xampp\\htdocs...')
#10 {main}
ERROR - 2023-03-27 22:56:26 --> You have an error in your SQL syntax; check the manual that corresponds to your MariaDB server version for the right syntax to use near '' at line 4
CRITICAL - 2023-03-27 22:56:26 --> You have an error in your SQL syntax; check the manual that corresponds to your MariaDB server version for the right syntax to use near '' at line 4
#0 C:\xampp\htdocs\kinerja2022\system\Database\MySQLi\Connection.php(292): mysqli->query('SELECT * \r\n    ...', 0)
#1 C:\xampp\htdocs\kinerja2022\system\Database\BaseConnection.php(670): CodeIgniter\Database\MySQLi\Connection->execute('SELECT * \r\n    ...')
#2 C:\xampp\htdocs\kinerja2022\system\Database\BaseConnection.php(598): CodeIgniter\Database\BaseConnection->simpleQuery('SELECT * \r\n    ...')
#3 C:\xampp\htdocs\kinerja2022\app\Models\ModelTabelKinerja.php(31): CodeIgniter\Database\BaseConnection->query('SELECT * \r\n    ...')
#4 C:\xampp\htdocs\kinerja2022\app\Controllers\Edit.php(25): App\Models\ModelTabelKinerja->get_where('1.01.2.19.0.00....', '1.01.2.19.0.00....')
#5 C:\xampp\htdocs\kinerja2022\system\CodeIgniter.php(824): App\Controllers\Edit->EditKinerjaSKPD('2')
#6 C:\xampp\htdocs\kinerja2022\system\CodeIgniter.php(410): CodeIgniter\CodeIgniter->runController(Object(App\Controllers\Edit))
#7 C:\xampp\htdocs\kinerja2022\system\CodeIgniter.php(318): CodeIgniter\CodeIgniter->handleRequest(NULL, Object(Config\Cache), false)
#8 C:\xampp\htdocs\kinerja2022\public\index.php(37): CodeIgniter\CodeIgniter->run()
#9 C:\xampp\htdocs\kinerja2022\system\Commands\Server\rewrite.php(43): require_once('C:\\xampp\\htdocs...')
#10 {main}
ERROR - 2023-03-27 22:56:27 --> You have an error in your SQL syntax; check the manual that corresponds to your MariaDB server version for the right syntax to use near '' at line 4
CRITICAL - 2023-03-27 22:56:27 --> You have an error in your SQL syntax; check the manual that corresponds to your MariaDB server version for the right syntax to use near '' at line 4
#0 C:\xampp\htdocs\kinerja2022\system\Database\MySQLi\Connection.php(292): mysqli->query('SELECT * \r\n    ...', 0)
#1 C:\xampp\htdocs\kinerja2022\system\Database\BaseConnection.php(670): CodeIgniter\Database\MySQLi\Connection->execute('SELECT * \r\n    ...')
#2 C:\xampp\htdocs\kinerja2022\system\Database\BaseConnection.php(598): CodeIgniter\Database\BaseConnection->simpleQuery('SELECT * \r\n    ...')
#3 C:\xampp\htdocs\kinerja2022\app\Models\ModelTabelKinerja.php(31): CodeIgniter\Database\BaseConnection->query('SELECT * \r\n    ...')
#4 C:\xampp\htdocs\kinerja2022\app\Controllers\Edit.php(25): App\Models\ModelTabelKinerja->get_where('1.01.2.19.0.00....', '1.01.2.19.0.00....')
#5 C:\xampp\htdocs\kinerja2022\system\CodeIgniter.php(824): App\Controllers\Edit->EditKinerjaSKPD('2')
#6 C:\xampp\htdocs\kinerja2022\system\CodeIgniter.php(410): CodeIgniter\CodeIgniter->runController(Object(App\Controllers\Edit))
#7 C:\xampp\htdocs\kinerja2022\system\CodeIgniter.php(318): CodeIgniter\CodeIgniter->handleRequest(NULL, Object(Config\Cache), false)
#8 C:\xampp\htdocs\kinerja2022\public\index.php(37): CodeIgniter\CodeIgniter->run()
#9 C:\xampp\htdocs\kinerja2022\system\Commands\Server\rewrite.php(43): require_once('C:\\xampp\\htdocs...')
#10 {main}
ERROR - 2023-03-27 22:56:28 --> You have an error in your SQL syntax; check the manual that corresponds to your MariaDB server version for the right syntax to use near '' at line 4
CRITICAL - 2023-03-27 22:56:28 --> You have an error in your SQL syntax; check the manual that corresponds to your MariaDB server version for the right syntax to use near '' at line 4
#0 C:\xampp\htdocs\kinerja2022\system\Database\MySQLi\Connection.php(292): mysqli->query('SELECT * \r\n    ...', 0)
#1 C:\xampp\htdocs\kinerja2022\system\Database\BaseConnection.php(670): CodeIgniter\Database\MySQLi\Connection->execute('SELECT * \r\n    ...')
#2 C:\xampp\htdocs\kinerja2022\system\Database\BaseConnection.php(598): CodeIgniter\Database\BaseConnection->simpleQuery('SELECT * \r\n    ...')
#3 C:\xampp\htdocs\kinerja2022\app\Models\ModelTabelKinerja.php(31): CodeIgniter\Database\BaseConnection->query('SELECT * \r\n    ...')
#4 C:\xampp\htdocs\kinerja2022\app\Controllers\Edit.php(25): App\Models\ModelTabelKinerja->get_where('1.01.2.19.0.00....', '1.01.2.19.0.00....')
#5 C:\xampp\htdocs\kinerja2022\system\CodeIgniter.php(824): App\Controllers\Edit->EditKinerjaSKPD('2')
#6 C:\xampp\htdocs\kinerja2022\system\CodeIgniter.php(410): CodeIgniter\CodeIgniter->runController(Object(App\Controllers\Edit))
#7 C:\xampp\htdocs\kinerja2022\system\CodeIgniter.php(318): CodeIgniter\CodeIgniter->handleRequest(NULL, Object(Config\Cache), false)
#8 C:\xampp\htdocs\kinerja2022\public\index.php(37): CodeIgniter\CodeIgniter->run()
#9 C:\xampp\htdocs\kinerja2022\system\Commands\Server\rewrite.php(43): require_once('C:\\xampp\\htdocs...')
#10 {main}
CRITICAL - 2023-03-27 22:57:07 --> Undefined variable: kode7
#0 C:\xampp\htdocs\kinerja2022\app\Views\tabel\indexEditKinerja.php(218): CodeIgniter\Debug\Exceptions->errorHandler(8, 'Undefined varia...', 'C:\\xampp\\htdocs...', 218, Array)
#1 C:\xampp\htdocs\kinerja2022\system\View\View.php(214): include('C:\\xampp\\htdocs...')
#2 C:\xampp\htdocs\kinerja2022\system\View\View.php(217): CodeIgniter\View\View->CodeIgniter\View\{closure}()
#3 C:\xampp\htdocs\kinerja2022\system\Common.php(1097): CodeIgniter\View\View->render('tabel/indexEdit...', Array, true)
#4 C:\xampp\htdocs\kinerja2022\app\Controllers\Edit.php(28): view('tabel/indexEdit...', Array)
#5 C:\xampp\htdocs\kinerja2022\system\CodeIgniter.php(824): App\Controllers\Edit->EditKinerjaSKPD('2')
#6 C:\xampp\htdocs\kinerja2022\system\CodeIgniter.php(410): CodeIgniter\CodeIgniter->runController(Object(App\Controllers\Edit))
#7 C:\xampp\htdocs\kinerja2022\system\CodeIgniter.php(318): CodeIgniter\CodeIgniter->handleRequest(NULL, Object(Config\Cache), false)
#8 C:\xampp\htdocs\kinerja2022\public\index.php(37): CodeIgniter\CodeIgniter->run()
#9 C:\xampp\htdocs\kinerja2022\system\Commands\Server\rewrite.php(43): require_once('C:\\xampp\\htdocs...')
#10 {main}
CRITICAL - 2023-03-27 23:33:40 --> Undefined property: stdClass::$SUM_Anggaran_Program
#0 C:\xampp\htdocs\kinerja2022\app\Views\tabel\indexEditKinerja.php(79): CodeIgniter\Debug\Exceptions->errorHandler(8, 'Undefined prope...', 'C:\\xampp\\htdocs...', 79, Array)
#1 C:\xampp\htdocs\kinerja2022\system\View\View.php(214): include('C:\\xampp\\htdocs...')
#2 C:\xampp\htdocs\kinerja2022\system\View\View.php(217): CodeIgniter\View\View->CodeIgniter\View\{closure}()
#3 C:\xampp\htdocs\kinerja2022\system\Common.php(1097): CodeIgniter\View\View->render('tabel/indexEdit...', Array, true)
#4 C:\xampp\htdocs\kinerja2022\app\Controllers\EditKinerja.php(27): view('tabel/indexEdit...', Array)
#5 C:\xampp\htdocs\kinerja2022\system\CodeIgniter.php(824): App\Controllers\EditKinerja->EditKinerjaSKPD('2')
#6 C:\xampp\htdocs\kinerja2022\system\CodeIgniter.php(410): CodeIgniter\CodeIgniter->runController(Object(App\Controllers\EditKinerja))
#7 C:\xampp\htdocs\kinerja2022\system\CodeIgniter.php(318): CodeIgniter\CodeIgniter->handleRequest(NULL, Object(Config\Cache), false)
#8 C:\xampp\htdocs\kinerja2022\public\index.php(37): CodeIgniter\CodeIgniter->run()
#9 C:\xampp\htdocs\kinerja2022\system\Commands\Server\rewrite.php(43): require_once('C:\\xampp\\htdocs...')
#10 {main}
